[0.160s] DEBUG:colcon:Command line arguments: ['/usr/bin/colcon', 'build']
[0.160s] DEBUG:colcon:Parsed command line arguments: Namespace(log_base=None, log_level=None, verb_name='build', build_base='build', install_base='install', merge_install=False, symlink_install=False, test_result_base=None, continue_on_error=False, executor='parallel', parallel_workers=8, event_handlers=None, ignore_user_meta=False, metas=['./colcon.meta'], base_paths=['.'], packages_ignore=None, packages_ignore_regex=None, paths=None, packages_up_to=None, packages_up_to_regex=None, packages_above=None, packages_above_and_dependencies=None, packages_above_depth=None, packages_select_by_dep=None, packages_skip_by_dep=None, packages_skip_up_to=None, packages_select_build_failed=False, packages_skip_build_finished=False, packages_select_test_failures=False, packages_skip_test_passed=False, packages_select=None, packages_skip=None, packages_select_regex=None, packages_skip_regex=None, packages_start=None, packages_end=None, allow_overriding=[], cmake_args=None, cmake_target=None, cmake_target_skip_unavailable=False, cmake_clean_cache=False, cmake_clean_first=False, cmake_force_configure=False, ament_cmake_args=None, catkin_cmake_args=None, catkin_skip_building_tests=False, mixin_files=None, mixin=None, verb_parser=<colcon_mixin.mixin.mixin_argument.MixinArgumentDecorator object at 0x7796229b2150>, verb_extension=<colcon_core.verb.build.BuildVerb object at 0x779622b61ee0>, main=<bound method BuildVerb.main of <colcon_core.verb.build.BuildVerb object at 0x779622b61ee0>>, mixin_verb=('build',))
[0.204s] Level 1:colcon.colcon_core.package_discovery:discover_packages(colcon_meta) check parameters
[0.204s] Level 1:colcon.colcon_core.package_discovery:discover_packages(recursive) check parameters
[0.204s] Level 1:colcon.colcon_core.package_discovery:discover_packages(ignore) check parameters
[0.204s] Level 1:colcon.colcon_core.package_discovery:discover_packages(path) check parameters
[0.204s] Level 1:colcon.colcon_core.package_discovery:discover_packages(colcon_meta) discover
[0.204s] Level 1:colcon.colcon_core.package_discovery:discover_packages(recursive) discover
[0.204s] INFO:colcon.colcon_core.package_discovery:Crawling recursively for packages in '/home/rileydunn/lunar_rover_ws'
[0.204s] Level 1:colcon.colcon_core.package_identification:_identify(.) by extensions ['ignore', 'ignore_ament_install']
[0.205s] Level 1:colcon.colcon_core.package_identification:_identify(.) by extension 'ignore'
[0.205s] Level 1:colcon.colcon_core.package_identification:_identify(.) by extension 'ignore_ament_install'
[0.205s] Level 1:colcon.colcon_core.package_identification:_identify(.) by extensions ['colcon_pkg']
[0.205s] Level 1:colcon.colcon_core.package_identification:_identify(.) by extension 'colcon_pkg'
[0.205s] Level 1:colcon.colcon_core.package_identification:_identify(.) by extensions ['colcon_meta']
[0.205s] Level 1:colcon.colcon_core.package_identification:_identify(.) by extension 'colcon_meta'
[0.205s] Level 1:colcon.colcon_core.package_identification:_identify(.) by extensions ['ros']
[0.205s] Level 1:colcon.colcon_core.package_identification:_identify(.) by extension 'ros'
[0.235s] Level 1:colcon.colcon_core.package_identification:_identify(.) by extensions ['cmake', 'python']
[0.235s] Level 1:colcon.colcon_core.package_identification:_identify(.) by extension 'cmake'
[0.235s] Level 1:colcon.colcon_core.package_identification:_identify(.) by extension 'python'
[0.235s] Level 1:colcon.colcon_core.package_identification:_identify(.) by extensions ['python_setup_py']
[0.235s] Level 1:colcon.colcon_core.package_identification:_identify(.) by extension 'python_setup_py'
[0.235s] Level 1:colcon.colcon_core.package_identification:_identify(ArduinoNoROS) by extensions ['ignore', 'ignore_ament_install']
[0.235s] Level 1:colcon.colcon_core.package_identification:_identify(ArduinoNoROS) by extension 'ignore'
[0.235s] Level 1:colcon.colcon_core.package_identification:_identify(ArduinoNoROS) by extension 'ignore_ament_install'
[0.235s] Level 1:colcon.colcon_core.package_identification:_identify(ArduinoNoROS) by extensions ['colcon_pkg']
[0.235s] Level 1:colcon.colcon_core.package_identification:_identify(ArduinoNoROS) by extension 'colcon_pkg'
[0.236s] Level 1:colcon.colcon_core.package_identification:_identify(ArduinoNoROS) by extensions ['colcon_meta']
[0.236s] Level 1:colcon.colcon_core.package_identification:_identify(ArduinoNoROS) by extension 'colcon_meta'
[0.236s] Level 1:colcon.colcon_core.package_identification:_identify(ArduinoNoROS) by extensions ['ros']
[0.236s] Level 1:colcon.colcon_core.package_identification:_identify(ArduinoNoROS) by extension 'ros'
[0.236s] Level 1:colcon.colcon_core.package_identification:_identify(ArduinoNoROS) by extensions ['cmake', 'python']
[0.236s] Level 1:colcon.colcon_core.package_identification:_identify(ArduinoNoROS) by extension 'cmake'
[0.236s] Level 1:colcon.colcon_core.package_identification:_identify(ArduinoNoROS) by extension 'python'
[0.236s] Level 1:colcon.colcon_core.package_identification:_identify(ArduinoNoROS) by extensions ['python_setup_py']
[0.236s] Level 1:colcon.colcon_core.package_identification:_identify(ArduinoNoROS) by extension 'python_setup_py'
[0.236s] Level 1:colcon.colcon_core.package_identification:_identify(DiagnosticAndTesting) by extensions ['ignore', 'ignore_ament_install']
[0.236s] Level 1:colcon.colcon_core.package_identification:_identify(DiagnosticAndTesting) by extension 'ignore'
[0.236s] Level 1:colcon.colcon_core.package_identification:_identify(DiagnosticAndTesting) by extension 'ignore_ament_install'
[0.236s] Level 1:colcon.colcon_core.package_identification:_identify(DiagnosticAndTesting) by extensions ['colcon_pkg']
[0.236s] Level 1:colcon.colcon_core.package_identification:_identify(DiagnosticAndTesting) by extension 'colcon_pkg'
[0.236s] Level 1:colcon.colcon_core.package_identification:_identify(DiagnosticAndTesting) by extensions ['colcon_meta']
[0.236s] Level 1:colcon.colcon_core.package_identification:_identify(DiagnosticAndTesting) by extension 'colcon_meta'
[0.236s] Level 1:colcon.colcon_core.package_identification:_identify(DiagnosticAndTesting) by extensions ['ros']
[0.236s] Level 1:colcon.colcon_core.package_identification:_identify(DiagnosticAndTesting) by extension 'ros'
[0.237s] Level 1:colcon.colcon_core.package_identification:_identify(DiagnosticAndTesting) by extensions ['cmake', 'python']
[0.237s] Level 1:colcon.colcon_core.package_identification:_identify(DiagnosticAndTesting) by extension 'cmake'
[0.237s] Level 1:colcon.colcon_core.package_identification:_identify(DiagnosticAndTesting) by extension 'python'
[0.237s] Level 1:colcon.colcon_core.package_identification:_identify(DiagnosticAndTesting) by extensions ['python_setup_py']
[0.237s] Level 1:colcon.colcon_core.package_identification:_identify(DiagnosticAndTesting) by extension 'python_setup_py'
[0.237s] Level 1:colcon.colcon_core.package_identification:_identify(__pycache__) by extensions ['ignore', 'ignore_ament_install']
[0.237s] Level 1:colcon.colcon_core.package_identification:_identify(__pycache__) by extension 'ignore'
[0.237s] Level 1:colcon.colcon_core.package_identification:_identify(__pycache__) by extension 'ignore_ament_install'
[0.237s] Level 1:colcon.colcon_core.package_identification:_identify(__pycache__) by extensions ['colcon_pkg']
[0.237s] Level 1:colcon.colcon_core.package_identification:_identify(__pycache__) by extension 'colcon_pkg'
[0.237s] Level 1:colcon.colcon_core.package_identification:_identify(__pycache__) by extensions ['colcon_meta']
[0.237s] Level 1:colcon.colcon_core.package_identification:_identify(__pycache__) by extension 'colcon_meta'
[0.237s] Level 1:colcon.colcon_core.package_identification:_identify(__pycache__) by extensions ['ros']
[0.237s] Level 1:colcon.colcon_core.package_identification:_identify(__pycache__) by extension 'ros'
[0.237s] Level 1:colcon.colcon_core.package_identification:_identify(__pycache__) by extensions ['cmake', 'python']
[0.237s] Level 1:colcon.colcon_core.package_identification:_identify(__pycache__) by extension 'cmake'
[0.237s] Level 1:colcon.colcon_core.package_identification:_identify(__pycache__) by extension 'python'
[0.237s] Level 1:colcon.colcon_core.package_identification:_identify(__pycache__) by extensions ['python_setup_py']
[0.237s] Level 1:colcon.colcon_core.package_identification:_identify(__pycache__) by extension 'python_setup_py'
[0.237s] Level 1:colcon.colcon_core.package_identification:_identify(build) by extensions ['ignore', 'ignore_ament_install']
[0.238s] Level 1:colcon.colcon_core.package_identification:_identify(build) by extension 'ignore'
[0.238s] Level 1:colcon.colcon_core.package_identification:_identify(build) ignored
[0.238s] Level 1:colcon.colcon_core.package_identification:_identify(install) by extensions ['ignore', 'ignore_ament_install']
[0.238s] Level 1:colcon.colcon_core.package_identification:_identify(install) by extension 'ignore'
[0.238s] Level 1:colcon.colcon_core.package_identification:_identify(install) ignored
[0.238s] Level 1:colcon.colcon_core.package_identification:_identify(log) by extensions ['ignore', 'ignore_ament_install']
[0.238s] Level 1:colcon.colcon_core.package_identification:_identify(log) by extension 'ignore'
[0.238s] Level 1:colcon.colcon_core.package_identification:_identify(log) ignored
[0.238s] Level 1:colcon.colcon_core.package_identification:_identify(src) by extensions ['ignore', 'ignore_ament_install']
[0.238s] Level 1:colcon.colcon_core.package_identification:_identify(src) by extension 'ignore'
[0.238s] Level 1:colcon.colcon_core.package_identification:_identify(src) by extension 'ignore_ament_install'
[0.238s] Level 1:colcon.colcon_core.package_identification:_identify(src) by extensions ['colcon_pkg']
[0.238s] Level 1:colcon.colcon_core.package_identification:_identify(src) by extension 'colcon_pkg'
[0.238s] Level 1:colcon.colcon_core.package_identification:_identify(src) by extensions ['colcon_meta']
[0.238s] Level 1:colcon.colcon_core.package_identification:_identify(src) by extension 'colcon_meta'
[0.238s] Level 1:colcon.colcon_core.package_identification:_identify(src) by extensions ['ros']
[0.238s] Level 1:colcon.colcon_core.package_identification:_identify(src) by extension 'ros'
[0.239s] Level 1:colcon.colcon_core.package_identification:_identify(src) by extensions ['cmake', 'python']
[0.239s] Level 1:colcon.colcon_core.package_identification:_identify(src) by extension 'cmake'
[0.239s] Level 1:colcon.colcon_core.package_identification:_identify(src) by extension 'python'
[0.239s] Level 1:colcon.colcon_core.package_identification:_identify(src) by extensions ['python_setup_py']
[0.239s] Level 1:colcon.colcon_core.package_identification:_identify(src) by extension 'python_setup_py'
[0.239s] Level 1:colcon.colcon_core.package_identification:_identify(src/lunar_robot_autonomous) by extensions ['ignore', 'ignore_ament_install']
[0.239s] Level 1:colcon.colcon_core.package_identification:_identify(src/lunar_robot_autonomous) by extension 'ignore'
[0.239s] Level 1:colcon.colcon_core.package_identification:_identify(src/lunar_robot_autonomous) by extension 'ignore_ament_install'
[0.239s] Level 1:colcon.colcon_core.package_identification:_identify(src/lunar_robot_autonomous) by extensions ['colcon_pkg']
[0.239s] Level 1:colcon.colcon_core.package_identification:_identify(src/lunar_robot_autonomous) by extension 'colcon_pkg'
[0.239s] Level 1:colcon.colcon_core.package_identification:_identify(src/lunar_robot_autonomous) by extensions ['colcon_meta']
[0.239s] Level 1:colcon.colcon_core.package_identification:_identify(src/lunar_robot_autonomous) by extension 'colcon_meta'
[0.239s] Level 1:colcon.colcon_core.package_identification:_identify(src/lunar_robot_autonomous) by extensions ['ros']
[0.239s] Level 1:colcon.colcon_core.package_identification:_identify(src/lunar_robot_autonomous) by extension 'ros'
[0.242s] DEBUG:colcon.colcon_core.package_identification:Package 'src/lunar_robot_autonomous' with type 'ros.ament_python' and name 'lunar_robot_autonomous'
[0.242s] Level 1:colcon.colcon_core.package_identification:_identify(src/lunar_robot_description) by extensions ['ignore', 'ignore_ament_install']
[0.242s] Level 1:colcon.colcon_core.package_identification:_identify(src/lunar_robot_description) by extension 'ignore'
[0.242s] Level 1:colcon.colcon_core.package_identification:_identify(src/lunar_robot_description) by extension 'ignore_ament_install'
[0.242s] Level 1:colcon.colcon_core.package_identification:_identify(src/lunar_robot_description) by extensions ['colcon_pkg']
[0.242s] Level 1:colcon.colcon_core.package_identification:_identify(src/lunar_robot_description) by extension 'colcon_pkg'
[0.242s] Level 1:colcon.colcon_core.package_identification:_identify(src/lunar_robot_description) by extensions ['colcon_meta']
[0.242s] Level 1:colcon.colcon_core.package_identification:_identify(src/lunar_robot_description) by extension 'colcon_meta'
[0.243s] Level 1:colcon.colcon_core.package_identification:_identify(src/lunar_robot_description) by extensions ['ros']
[0.243s] Level 1:colcon.colcon_core.package_identification:_identify(src/lunar_robot_description) by extension 'ros'
[0.243s] DEBUG:colcon.colcon_core.package_identification:Package 'src/lunar_robot_description' with type 'ros.ament_cmake' and name 'lunar_robot_description'
[0.244s] Level 1:colcon.colcon_core.package_identification:_identify(src/lunar_robot_hardware) by extensions ['ignore', 'ignore_ament_install']
[0.244s] Level 1:colcon.colcon_core.package_identification:_identify(src/lunar_robot_hardware) by extension 'ignore'
[0.244s] Level 1:colcon.colcon_core.package_identification:_identify(src/lunar_robot_hardware) by extension 'ignore_ament_install'
[0.244s] Level 1:colcon.colcon_core.package_identification:_identify(src/lunar_robot_hardware) by extensions ['colcon_pkg']
[0.244s] Level 1:colcon.colcon_core.package_identification:_identify(src/lunar_robot_hardware) by extension 'colcon_pkg'
[0.244s] Level 1:colcon.colcon_core.package_identification:_identify(src/lunar_robot_hardware) by extensions ['colcon_meta']
[0.244s] Level 1:colcon.colcon_core.package_identification:_identify(src/lunar_robot_hardware) by extension 'colcon_meta'
[0.244s] Level 1:colcon.colcon_core.package_identification:_identify(src/lunar_robot_hardware) by extensions ['ros']
[0.244s] Level 1:colcon.colcon_core.package_identification:_identify(src/lunar_robot_hardware) by extension 'ros'
[0.245s] DEBUG:colcon.colcon_core.package_identification:Package 'src/lunar_robot_hardware' with type 'ros.ament_python' and name 'lunar_robot_hardware'
[0.245s] Level 1:colcon.colcon_core.package_discovery:discover_packages(recursive) using defaults
[0.245s] Level 1:colcon.colcon_core.package_discovery:discover_packages(ignore) discover
[0.245s] Level 1:colcon.colcon_core.package_discovery:discover_packages(ignore) using defaults
[0.245s] Level 1:colcon.colcon_core.package_discovery:discover_packages(path) discover
[0.245s] Level 1:colcon.colcon_core.package_discovery:discover_packages(path) using defaults
[0.264s] Level 1:colcon.colcon_core.package_discovery:discover_packages(prefix_path) check parameters
[0.264s] Level 1:colcon.colcon_core.package_discovery:discover_packages(prefix_path) discover
[0.267s] DEBUG:colcon.colcon_installed_package_information.package_discovery:Found 3 installed packages in /home/rileydunn/lunar_rover_ws/install
[0.269s] DEBUG:colcon.colcon_installed_package_information.package_discovery:Found 416 installed packages in /opt/ros/jazzy
[0.270s] Level 1:colcon.colcon_core.package_discovery:discover_packages(prefix_path) using defaults
[0.328s] Level 5:colcon.colcon_core.verb:set package 'lunar_robot_autonomous' build argument 'cmake_args' from command line to 'None'
[0.329s] Level 5:colcon.colcon_core.verb:set package 'lunar_robot_autonomous' build argument 'cmake_target' from command line to 'None'
[0.329s] Level 5:colcon.colcon_core.verb:set package 'lunar_robot_autonomous' build argument 'cmake_target_skip_unavailable' from command line to 'False'
[0.329s] Level 5:colcon.colcon_core.verb:set package 'lunar_robot_autonomous' build argument 'cmake_clean_cache' from command line to 'False'
[0.329s] Level 5:colcon.colcon_core.verb:set package 'lunar_robot_autonomous' build argument 'cmake_clean_first' from command line to 'False'
[0.329s] Level 5:colcon.colcon_core.verb:set package 'lunar_robot_autonomous' build argument 'cmake_force_configure' from command line to 'False'
[0.329s] Level 5:colcon.colcon_core.verb:set package 'lunar_robot_autonomous' build argument 'ament_cmake_args' from command line to 'None'
[0.329s] Level 5:colcon.colcon_core.verb:set package 'lunar_robot_autonomous' build argument 'catkin_cmake_args' from command line to 'None'
[0.329s] Level 5:colcon.colcon_core.verb:set package 'lunar_robot_autonomous' build argument 'catkin_skip_building_tests' from command line to 'False'
[0.329s] DEBUG:colcon.colcon_core.verb:Building package 'lunar_robot_autonomous' with the following arguments: {'ament_cmake_args': None, 'build_base': '/home/rileydunn/lunar_rover_ws/build/lunar_robot_autonomous', 'catkin_cmake_args': None, 'catkin_skip_building_tests': False, 'cmake_args': None, 'cmake_clean_cache': False, 'cmake_clean_first': False, 'cmake_force_configure': False, 'cmake_target': None, 'cmake_target_skip_unavailable': False, 'install_base': '/home/rileydunn/lunar_rover_ws/install/lunar_robot_autonomous', 'merge_install': False, 'path': '/home/rileydunn/lunar_rover_ws/src/lunar_robot_autonomous', 'symlink_install': False, 'test_result_base': None}
[0.329s] Level 5:colcon.colcon_core.verb:set package 'lunar_robot_description' build argument 'cmake_args' from command line to 'None'
[0.329s] Level 5:colcon.colcon_core.verb:set package 'lunar_robot_description' build argument 'cmake_target' from command line to 'None'
[0.329s] Level 5:colcon.colcon_core.verb:set package 'lunar_robot_description' build argument 'cmake_target_skip_unavailable' from command line to 'False'
[0.329s] Level 5:colcon.colcon_core.verb:set package 'lunar_robot_description' build argument 'cmake_clean_cache' from command line to 'False'
[0.329s] Level 5:colcon.colcon_core.verb:set package 'lunar_robot_description' build argument 'cmake_clean_first' from command line to 'False'
[0.329s] Level 5:colcon.colcon_core.verb:set package 'lunar_robot_description' build argument 'cmake_force_configure' from command line to 'False'
[0.329s] Level 5:colcon.colcon_core.verb:set package 'lunar_robot_description' build argument 'ament_cmake_args' from command line to 'None'
[0.329s] Level 5:colcon.colcon_core.verb:set package 'lunar_robot_description' build argument 'catkin_cmake_args' from command line to 'None'
[0.329s] Level 5:colcon.colcon_core.verb:set package 'lunar_robot_description' build argument 'catkin_skip_building_tests' from command line to 'False'
[0.329s] DEBUG:colcon.colcon_core.verb:Building package 'lunar_robot_description' with the following arguments: {'ament_cmake_args': None, 'build_base': '/home/rileydunn/lunar_rover_ws/build/lunar_robot_description', 'catkin_cmake_args': None, 'catkin_skip_building_tests': False, 'cmake_args': None, 'cmake_clean_cache': False, 'cmake_clean_first': False, 'cmake_force_configure': False, 'cmake_target': None, 'cmake_target_skip_unavailable': False, 'install_base': '/home/rileydunn/lunar_rover_ws/install/lunar_robot_description', 'merge_install': False, 'path': '/home/rileydunn/lunar_rover_ws/src/lunar_robot_description', 'symlink_install': False, 'test_result_base': None}
[0.329s] Level 5:colcon.colcon_core.verb:set package 'lunar_robot_hardware' build argument 'cmake_args' from command line to 'None'
[0.329s] Level 5:colcon.colcon_core.verb:set package 'lunar_robot_hardware' build argument 'cmake_target' from command line to 'None'
[0.329s] Level 5:colcon.colcon_core.verb:set package 'lunar_robot_hardware' build argument 'cmake_target_skip_unavailable' from command line to 'False'
[0.330s] Level 5:colcon.colcon_core.verb:set package 'lunar_robot_hardware' build argument 'cmake_clean_cache' from command line to 'False'
[0.330s] Level 5:colcon.colcon_core.verb:set package 'lunar_robot_hardware' build argument 'cmake_clean_first' from command line to 'False'
[0.330s] Level 5:colcon.colcon_core.verb:set package 'lunar_robot_hardware' build argument 'cmake_force_configure' from command line to 'False'
[0.330s] Level 5:colcon.colcon_core.verb:set package 'lunar_robot_hardware' build argument 'ament_cmake_args' from command line to 'None'
[0.330s] Level 5:colcon.colcon_core.verb:set package 'lunar_robot_hardware' build argument 'catkin_cmake_args' from command line to 'None'
[0.330s] Level 5:colcon.colcon_core.verb:set package 'lunar_robot_hardware' build argument 'catkin_skip_building_tests' from command line to 'False'
[0.330s] DEBUG:colcon.colcon_core.verb:Building package 'lunar_robot_hardware' with the following arguments: {'ament_cmake_args': None, 'build_base': '/home/rileydunn/lunar_rover_ws/build/lunar_robot_hardware', 'catkin_cmake_args': None, 'catkin_skip_building_tests': False, 'cmake_args': None, 'cmake_clean_cache': False, 'cmake_clean_first': False, 'cmake_force_configure': False, 'cmake_target': None, 'cmake_target_skip_unavailable': False, 'install_base': '/home/rileydunn/lunar_rover_ws/install/lunar_robot_hardware', 'merge_install': False, 'path': '/home/rileydunn/lunar_rover_ws/src/lunar_robot_hardware', 'symlink_install': False, 'test_result_base': None}
[0.330s] INFO:colcon.colcon_core.executor:Executing jobs using 'parallel' executor
[0.330s] DEBUG:colcon.colcon_parallel_executor.executor.parallel:run_until_complete
[0.331s] INFO:colcon.colcon_ros.task.ament_python.build:Building ROS package in '/home/rileydunn/lunar_rover_ws/src/lunar_robot_autonomous' with build type 'ament_python'
[0.331s] Level 1:colcon.colcon_core.shell:create_environment_hook('lunar_robot_autonomous', 'ament_prefix_path')
[0.335s] INFO:colcon.colcon_core.plugin_system:Skipping extension 'colcon_core.shell.bat': Not used on non-Windows systems
[0.335s] INFO:colcon.colcon_core.shell:Creating environment hook '/home/rileydunn/lunar_rover_ws/install/lunar_robot_autonomous/share/lunar_robot_autonomous/hook/ament_prefix_path.ps1'
[0.336s] INFO:colcon.colcon_core.shell:Creating environment descriptor '/home/rileydunn/lunar_rover_ws/install/lunar_robot_autonomous/share/lunar_robot_autonomous/hook/ament_prefix_path.dsv'
[0.336s] INFO:colcon.colcon_core.shell:Creating environment hook '/home/rileydunn/lunar_rover_ws/install/lunar_robot_autonomous/share/lunar_robot_autonomous/hook/ament_prefix_path.sh'
[0.337s] INFO:colcon.colcon_core.shell:Skip shell extension 'powershell' for command environment: Not usable outside of PowerShell
[0.337s] DEBUG:colcon.colcon_core.shell:Skip shell extension 'dsv' for command environment
[0.341s] INFO:colcon.colcon_ros.task.ament_cmake.build:Building ROS package in '/home/rileydunn/lunar_rover_ws/src/lunar_robot_description' with build type 'ament_cmake'
[0.341s] INFO:colcon.colcon_cmake.task.cmake.build:Building CMake package in '/home/rileydunn/lunar_rover_ws/src/lunar_robot_description'
[0.341s] INFO:colcon.colcon_core.shell:Skip shell extension 'powershell' for command environment: Not usable outside of PowerShell
[0.341s] DEBUG:colcon.colcon_core.shell:Skip shell extension 'dsv' for command environment
[0.345s] INFO:colcon.colcon_ros.task.ament_python.build:Building ROS package in '/home/rileydunn/lunar_rover_ws/src/lunar_robot_hardware' with build type 'ament_python'
[0.345s] Level 1:colcon.colcon_core.shell:create_environment_hook('lunar_robot_hardware', 'ament_prefix_path')
[0.345s] INFO:colcon.colcon_core.shell:Creating environment hook '/home/rileydunn/lunar_rover_ws/install/lunar_robot_hardware/share/lunar_robot_hardware/hook/ament_prefix_path.ps1'
[0.345s] INFO:colcon.colcon_core.shell:Creating environment descriptor '/home/rileydunn/lunar_rover_ws/install/lunar_robot_hardware/share/lunar_robot_hardware/hook/ament_prefix_path.dsv'
[0.346s] INFO:colcon.colcon_core.shell:Creating environment hook '/home/rileydunn/lunar_rover_ws/install/lunar_robot_hardware/share/lunar_robot_hardware/hook/ament_prefix_path.sh'
[0.346s] INFO:colcon.colcon_core.shell:Skip shell extension 'powershell' for command environment: Not usable outside of PowerShell
[0.346s] DEBUG:colcon.colcon_core.shell:Skip shell extension 'dsv' for command environment
[0.634s] INFO:colcon.colcon_core.task.python.build:Building Python package in '/home/rileydunn/lunar_rover_ws/src/lunar_robot_autonomous'
[0.635s] INFO:colcon.colcon_core.shell:Skip shell extension 'powershell' for command environment: Not usable outside of PowerShell
[0.635s] DEBUG:colcon.colcon_core.shell:Skip shell extension 'dsv' for command environment
[0.644s] DEBUG:colcon.colcon_core.event_handler.log_command:Invoking command in '/home/rileydunn/lunar_rover_ws/build/lunar_robot_description': CMAKE_PREFIX_PATH=${CMAKE_PREFIX_PATH}:/home/rileydunn/lunar_rover_ws/install/lunar_robot_hardware:/home/rileydunn/lunar_rover_ws/install/lunar_robot_autonomous:/opt/ros/jazzy DEBUGINFOD_URLS=https://debuginfod.ubuntu.com /usr/bin/cmake --build /home/rileydunn/lunar_rover_ws/build/lunar_robot_description -- -j8 -l8
[0.899s] INFO:colcon.colcon_core.task.python.build:Building Python package in '/home/rileydunn/lunar_rover_ws/src/lunar_robot_hardware'
[0.900s] INFO:colcon.colcon_core.shell:Skip shell extension 'powershell' for command environment: Not usable outside of PowerShell
[0.900s] DEBUG:colcon.colcon_core.shell:Skip shell extension 'dsv' for command environment
[0.908s] DEBUG:colcon.colcon_core.event_handler.log_command:Invoked command in '/home/rileydunn/lunar_rover_ws/build/lunar_robot_description' returned '0': CMAKE_PREFIX_PATH=${CMAKE_PREFIX_PATH}:/home/rileydunn/lunar_rover_ws/install/lunar_robot_hardware:/home/rileydunn/lunar_rover_ws/install/lunar_robot_autonomous:/opt/ros/jazzy DEBUGINFOD_URLS=https://debuginfod.ubuntu.com /usr/bin/cmake --build /home/rileydunn/lunar_rover_ws/build/lunar_robot_description -- -j8 -l8
[0.920s] DEBUG:colcon.colcon_core.event_handler.log_command:Invoking command in '/home/rileydunn/lunar_rover_ws/build/lunar_robot_description': CMAKE_PREFIX_PATH=${CMAKE_PREFIX_PATH}:/home/rileydunn/lunar_rover_ws/install/lunar_robot_hardware:/home/rileydunn/lunar_rover_ws/install/lunar_robot_autonomous:/opt/ros/jazzy DEBUGINFOD_URLS=https://debuginfod.ubuntu.com /usr/bin/cmake --install /home/rileydunn/lunar_rover_ws/build/lunar_robot_description
[0.949s] Level 1:colcon.colcon_core.environment:create_environment_scripts_only(lunar_robot_description)
[0.949s] DEBUG:colcon.colcon_core.event_handler.log_command:Invoked command in '/home/rileydunn/lunar_rover_ws/build/lunar_robot_description' returned '0': CMAKE_PREFIX_PATH=${CMAKE_PREFIX_PATH}:/home/rileydunn/lunar_rover_ws/install/lunar_robot_hardware:/home/rileydunn/lunar_rover_ws/install/lunar_robot_autonomous:/opt/ros/jazzy DEBUGINFOD_URLS=https://debuginfod.ubuntu.com /usr/bin/cmake --install /home/rileydunn/lunar_rover_ws/build/lunar_robot_description
[0.954s] Level 1:colcon.colcon_core.environment:checking '/home/rileydunn/lunar_rover_ws/install/lunar_robot_description' for CMake module files
[0.955s] Level 1:colcon.colcon_core.environment:checking '/home/rileydunn/lunar_rover_ws/install/lunar_robot_description' for CMake config files
[0.955s] Level 1:colcon.colcon_core.shell:create_environment_hook('lunar_robot_description', 'cmake_prefix_path')
[0.956s] INFO:colcon.colcon_core.shell:Creating environment hook '/home/rileydunn/lunar_rover_ws/install/lunar_robot_description/share/lunar_robot_description/hook/cmake_prefix_path.ps1'
[0.956s] INFO:colcon.colcon_core.shell:Creating environment descriptor '/home/rileydunn/lunar_rover_ws/install/lunar_robot_description/share/lunar_robot_description/hook/cmake_prefix_path.dsv'
[0.957s] INFO:colcon.colcon_core.shell:Creating environment hook '/home/rileydunn/lunar_rover_ws/install/lunar_robot_description/share/lunar_robot_description/hook/cmake_prefix_path.sh'
[0.958s] Level 1:colcon.colcon_core.environment:checking '/home/rileydunn/lunar_rover_ws/install/lunar_robot_description/bin'
[0.958s] Level 1:colcon.colcon_core.environment:checking '/home/rileydunn/lunar_rover_ws/install/lunar_robot_description/lib/pkgconfig/lunar_robot_description.pc'
[0.958s] Level 1:colcon.colcon_core.environment:checking '/home/rileydunn/lunar_rover_ws/install/lunar_robot_description/lib/python3.12/site-packages'
[0.959s] Level 1:colcon.colcon_core.environment:checking '/home/rileydunn/lunar_rover_ws/install/lunar_robot_description/bin'
[0.959s] INFO:colcon.colcon_core.shell:Creating package script '/home/rileydunn/lunar_rover_ws/install/lunar_robot_description/share/lunar_robot_description/package.ps1'
[0.960s] INFO:colcon.colcon_core.shell:Creating package descriptor '/home/rileydunn/lunar_rover_ws/install/lunar_robot_description/share/lunar_robot_description/package.dsv'
[0.961s] INFO:colcon.colcon_core.shell:Creating package script '/home/rileydunn/lunar_rover_ws/install/lunar_robot_description/share/lunar_robot_description/package.sh'
[0.962s] INFO:colcon.colcon_core.shell:Creating package script '/home/rileydunn/lunar_rover_ws/install/lunar_robot_description/share/lunar_robot_description/package.bash'
[0.963s] INFO:colcon.colcon_core.shell:Creating package script '/home/rileydunn/lunar_rover_ws/install/lunar_robot_description/share/lunar_robot_description/package.zsh'
[0.963s] Level 1:colcon.colcon_core.environment:create_file_with_runtime_dependencies(/home/rileydunn/lunar_rover_ws/install/lunar_robot_description/share/colcon-core/packages/lunar_robot_description)
[0.964s] Level 1:colcon.colcon_core.environment:create_environment_scripts_only(lunar_robot_description)
[0.964s] Level 1:colcon.colcon_core.environment:checking '/home/rileydunn/lunar_rover_ws/install/lunar_robot_description' for CMake module files
[0.965s] Level 1:colcon.colcon_core.environment:checking '/home/rileydunn/lunar_rover_ws/install/lunar_robot_description' for CMake config files
[0.965s] Level 1:colcon.colcon_core.shell:create_environment_hook('lunar_robot_description', 'cmake_prefix_path')
[0.966s] INFO:colcon.colcon_core.shell:Creating environment hook '/home/rileydunn/lunar_rover_ws/install/lunar_robot_description/share/lunar_robot_description/hook/cmake_prefix_path.ps1'
[0.966s] INFO:colcon.colcon_core.shell:Creating environment descriptor '/home/rileydunn/lunar_rover_ws/install/lunar_robot_description/share/lunar_robot_description/hook/cmake_prefix_path.dsv'
[0.967s] INFO:colcon.colcon_core.shell:Creating environment hook '/home/rileydunn/lunar_rover_ws/install/lunar_robot_description/share/lunar_robot_description/hook/cmake_prefix_path.sh'
[0.968s] Level 1:colcon.colcon_core.environment:checking '/home/rileydunn/lunar_rover_ws/install/lunar_robot_description/bin'
[0.968s] Level 1:colcon.colcon_core.environment:checking '/home/rileydunn/lunar_rover_ws/install/lunar_robot_description/lib/pkgconfig/lunar_robot_description.pc'
[0.968s] Level 1:colcon.colcon_core.environment:checking '/home/rileydunn/lunar_rover_ws/install/lunar_robot_description/lib/python3.12/site-packages'
[0.969s] Level 1:colcon.colcon_core.environment:checking '/home/rileydunn/lunar_rover_ws/install/lunar_robot_description/bin'
[0.969s] INFO:colcon.colcon_core.shell:Creating package script '/home/rileydunn/lunar_rover_ws/install/lunar_robot_description/share/lunar_robot_description/package.ps1'
[0.970s] INFO:colcon.colcon_core.shell:Creating package descriptor '/home/rileydunn/lunar_rover_ws/install/lunar_robot_description/share/lunar_robot_description/package.dsv'
[0.970s] INFO:colcon.colcon_core.shell:Creating package script '/home/rileydunn/lunar_rover_ws/install/lunar_robot_description/share/lunar_robot_description/package.sh'
[0.971s] INFO:colcon.colcon_core.shell:Creating package script '/home/rileydunn/lunar_rover_ws/install/lunar_robot_description/share/lunar_robot_description/package.bash'
[0.972s] INFO:colcon.colcon_core.shell:Creating package script '/home/rileydunn/lunar_rover_ws/install/lunar_robot_description/share/lunar_robot_description/package.zsh'
[0.972s] Level 1:colcon.colcon_core.environment:create_file_with_runtime_dependencies(/home/rileydunn/lunar_rover_ws/install/lunar_robot_description/share/colcon-core/packages/lunar_robot_description)
[1.609s] DEBUG:colcon.colcon_core.event_handler.log_command:Invoking command in '/home/rileydunn/lunar_rover_ws/src/lunar_robot_autonomous': DEBUGINFOD_URLS=https://debuginfod.ubuntu.com PYTHONPATH=/home/rileydunn/lunar_rover_ws/build/lunar_robot_autonomous/prefix_override:/usr/lib/python3/dist-packages/colcon_core/task/python/colcon_distutils_commands:/home/rileydunn/lunar_rover_ws/install/lunar_robot_autonomous/lib/python3.12/site-packages:${PYTHONPATH} /usr/bin/python3 -W ignore:setup.py install is deprecated -W ignore:easy_install command is deprecated setup.py egg_info --egg-base ../../build/lunar_robot_autonomous build --build-base /home/rileydunn/lunar_rover_ws/build/lunar_robot_autonomous/build install --record /home/rileydunn/lunar_rover_ws/build/lunar_robot_autonomous/install.log --single-version-externally-managed install_data
[1.690s] DEBUG:colcon.colcon_core.event_handler.log_command:Invoking command in '/home/rileydunn/lunar_rover_ws/src/lunar_robot_hardware': DEBUGINFOD_URLS=https://debuginfod.ubuntu.com PYTHONPATH=/home/rileydunn/lunar_rover_ws/build/lunar_robot_hardware/prefix_override:/usr/lib/python3/dist-packages/colcon_core/task/python/colcon_distutils_commands:/home/rileydunn/lunar_rover_ws/install/lunar_robot_hardware/lib/python3.12/site-packages:${PYTHONPATH} /usr/bin/python3 -W ignore:setup.py install is deprecated -W ignore:easy_install command is deprecated setup.py egg_info --egg-base ../../build/lunar_robot_hardware build --build-base /home/rileydunn/lunar_rover_ws/build/lunar_robot_hardware/build install --record /home/rileydunn/lunar_rover_ws/build/lunar_robot_hardware/install.log --single-version-externally-managed install_data
[2.261s] Level 1:colcon.colcon_core.environment:checking '/home/rileydunn/lunar_rover_ws/install/lunar_robot_autonomous' for CMake module files
[2.262s] DEBUG:colcon.colcon_core.event_handler.log_command:Invoked command in '/home/rileydunn/lunar_rover_ws/src/lunar_robot_autonomous' returned '0': DEBUGINFOD_URLS=https://debuginfod.ubuntu.com PYTHONPATH=/home/rileydunn/lunar_rover_ws/build/lunar_robot_autonomous/prefix_override:/usr/lib/python3/dist-packages/colcon_core/task/python/colcon_distutils_commands:/home/rileydunn/lunar_rover_ws/install/lunar_robot_autonomous/lib/python3.12/site-packages:${PYTHONPATH} /usr/bin/python3 -W ignore:setup.py install is deprecated -W ignore:easy_install command is deprecated setup.py egg_info --egg-base ../../build/lunar_robot_autonomous build --build-base /home/rileydunn/lunar_rover_ws/build/lunar_robot_autonomous/build install --record /home/rileydunn/lunar_rover_ws/build/lunar_robot_autonomous/install.log --single-version-externally-managed install_data
[2.262s] Level 1:colcon.colcon_core.environment:checking '/home/rileydunn/lunar_rover_ws/install/lunar_robot_autonomous' for CMake config files
[2.262s] Level 1:colcon.colcon_core.environment:checking '/home/rileydunn/lunar_rover_ws/install/lunar_robot_autonomous/lib'
[2.263s] Level 1:colcon.colcon_core.environment:checking '/home/rileydunn/lunar_rover_ws/install/lunar_robot_autonomous/bin'
[2.263s] Level 1:colcon.colcon_core.environment:checking '/home/rileydunn/lunar_rover_ws/install/lunar_robot_autonomous/lib/pkgconfig/lunar_robot_autonomous.pc'
[2.263s] Level 1:colcon.colcon_core.environment:checking '/home/rileydunn/lunar_rover_ws/install/lunar_robot_autonomous/lib/python3.12/site-packages'
[2.263s] Level 1:colcon.colcon_core.shell:create_environment_hook('lunar_robot_autonomous', 'pythonpath')
[2.263s] INFO:colcon.colcon_core.shell:Creating environment hook '/home/rileydunn/lunar_rover_ws/install/lunar_robot_autonomous/share/lunar_robot_autonomous/hook/pythonpath.ps1'
[2.264s] INFO:colcon.colcon_core.shell:Creating environment descriptor '/home/rileydunn/lunar_rover_ws/install/lunar_robot_autonomous/share/lunar_robot_autonomous/hook/pythonpath.dsv'
[2.264s] INFO:colcon.colcon_core.shell:Creating environment hook '/home/rileydunn/lunar_rover_ws/install/lunar_robot_autonomous/share/lunar_robot_autonomous/hook/pythonpath.sh'
[2.265s] Level 1:colcon.colcon_core.environment:checking '/home/rileydunn/lunar_rover_ws/install/lunar_robot_autonomous/bin'
[2.265s] Level 1:colcon.colcon_core.environment:create_environment_scripts_only(lunar_robot_autonomous)
[2.265s] INFO:colcon.colcon_core.shell:Creating package script '/home/rileydunn/lunar_rover_ws/install/lunar_robot_autonomous/share/lunar_robot_autonomous/package.ps1'
[2.266s] INFO:colcon.colcon_core.shell:Creating package descriptor '/home/rileydunn/lunar_rover_ws/install/lunar_robot_autonomous/share/lunar_robot_autonomous/package.dsv'
[2.267s] INFO:colcon.colcon_core.shell:Creating package script '/home/rileydunn/lunar_rover_ws/install/lunar_robot_autonomous/share/lunar_robot_autonomous/package.sh'
[2.267s] INFO:colcon.colcon_core.shell:Creating package script '/home/rileydunn/lunar_rover_ws/install/lunar_robot_autonomous/share/lunar_robot_autonomous/package.bash'
[2.268s] INFO:colcon.colcon_core.shell:Creating package script '/home/rileydunn/lunar_rover_ws/install/lunar_robot_autonomous/share/lunar_robot_autonomous/package.zsh'
[2.268s] Level 1:colcon.colcon_core.environment:create_file_with_runtime_dependencies(/home/rileydunn/lunar_rover_ws/install/lunar_robot_autonomous/share/colcon-core/packages/lunar_robot_autonomous)
[2.366s] Level 1:colcon.colcon_core.environment:checking '/home/rileydunn/lunar_rover_ws/install/lunar_robot_hardware' for CMake module files
[2.367s] DEBUG:colcon.colcon_core.event_handler.log_command:Invoked command in '/home/rileydunn/lunar_rover_ws/src/lunar_robot_hardware' returned '0': DEBUGINFOD_URLS=https://debuginfod.ubuntu.com PYTHONPATH=/home/rileydunn/lunar_rover_ws/build/lunar_robot_hardware/prefix_override:/usr/lib/python3/dist-packages/colcon_core/task/python/colcon_distutils_commands:/home/rileydunn/lunar_rover_ws/install/lunar_robot_hardware/lib/python3.12/site-packages:${PYTHONPATH} /usr/bin/python3 -W ignore:setup.py install is deprecated -W ignore:easy_install command is deprecated setup.py egg_info --egg-base ../../build/lunar_robot_hardware build --build-base /home/rileydunn/lunar_rover_ws/build/lunar_robot_hardware/build install --record /home/rileydunn/lunar_rover_ws/build/lunar_robot_hardware/install.log --single-version-externally-managed install_data
[2.367s] Level 1:colcon.colcon_core.environment:checking '/home/rileydunn/lunar_rover_ws/install/lunar_robot_hardware' for CMake config files
[2.368s] Level 1:colcon.colcon_core.environment:checking '/home/rileydunn/lunar_rover_ws/install/lunar_robot_hardware/lib'
[2.368s] Level 1:colcon.colcon_core.environment:checking '/home/rileydunn/lunar_rover_ws/install/lunar_robot_hardware/bin'
[2.368s] Level 1:colcon.colcon_core.environment:checking '/home/rileydunn/lunar_rover_ws/install/lunar_robot_hardware/lib/pkgconfig/lunar_robot_hardware.pc'
[2.369s] Level 1:colcon.colcon_core.environment:checking '/home/rileydunn/lunar_rover_ws/install/lunar_robot_hardware/lib/python3.12/site-packages'
[2.369s] Level 1:colcon.colcon_core.shell:create_environment_hook('lunar_robot_hardware', 'pythonpath')
[2.369s] INFO:colcon.colcon_core.shell:Creating environment hook '/home/rileydunn/lunar_rover_ws/install/lunar_robot_hardware/share/lunar_robot_hardware/hook/pythonpath.ps1'
[2.369s] INFO:colcon.colcon_core.shell:Creating environment descriptor '/home/rileydunn/lunar_rover_ws/install/lunar_robot_hardware/share/lunar_robot_hardware/hook/pythonpath.dsv'
[2.370s] INFO:colcon.colcon_core.shell:Creating environment hook '/home/rileydunn/lunar_rover_ws/install/lunar_robot_hardware/share/lunar_robot_hardware/hook/pythonpath.sh'
[2.371s] Level 1:colcon.colcon_core.environment:checking '/home/rileydunn/lunar_rover_ws/install/lunar_robot_hardware/bin'
[2.371s] Level 1:colcon.colcon_core.environment:create_environment_scripts_only(lunar_robot_hardware)
[2.371s] INFO:colcon.colcon_core.shell:Creating package script '/home/rileydunn/lunar_rover_ws/install/lunar_robot_hardware/share/lunar_robot_hardware/package.ps1'
[2.371s] INFO:colcon.colcon_core.shell:Creating package descriptor '/home/rileydunn/lunar_rover_ws/install/lunar_robot_hardware/share/lunar_robot_hardware/package.dsv'
[2.372s] INFO:colcon.colcon_core.shell:Creating package script '/home/rileydunn/lunar_rover_ws/install/lunar_robot_hardware/share/lunar_robot_hardware/package.sh'
[2.372s] INFO:colcon.colcon_core.shell:Creating package script '/home/rileydunn/lunar_rover_ws/install/lunar_robot_hardware/share/lunar_robot_hardware/package.bash'
[2.373s] INFO:colcon.colcon_core.shell:Creating package script '/home/rileydunn/lunar_rover_ws/install/lunar_robot_hardware/share/lunar_robot_hardware/package.zsh'
[2.373s] Level 1:colcon.colcon_core.environment:create_file_with_runtime_dependencies(/home/rileydunn/lunar_rover_ws/install/lunar_robot_hardware/share/colcon-core/packages/lunar_robot_hardware)
[2.373s] DEBUG:colcon.colcon_parallel_executor.executor.parallel:closing loop
[2.374s] DEBUG:colcon.colcon_parallel_executor.executor.parallel:loop closed
[2.374s] DEBUG:colcon.colcon_parallel_executor.executor.parallel:run_until_complete finished with '0'
[2.374s] DEBUG:colcon.colcon_core.event_reactor:joining thread
[2.382s] INFO:colcon.colcon_core.plugin_system:Skipping extension 'colcon_notification.desktop_notification.terminal_notifier': Not used on non-Darwin systems
[2.382s] INFO:colcon.colcon_core.plugin_system:Skipping extension 'colcon_notification.desktop_notification.win32': Not used on non-Windows systems
[2.382s] INFO:colcon.colcon_notification.desktop_notification:Sending desktop notification using 'notify2'
[2.393s] DEBUG:colcon.colcon_core.event_reactor:joined thread
[2.393s] INFO:colcon.colcon_core.shell:Creating prefix script '/home/rileydunn/lunar_rover_ws/install/local_setup.ps1'
[2.394s] INFO:colcon.colcon_core.shell:Creating prefix util module '/home/rileydunn/lunar_rover_ws/install/_local_setup_util_ps1.py'
[2.396s] INFO:colcon.colcon_core.shell:Creating prefix chain script '/home/rileydunn/lunar_rover_ws/install/setup.ps1'
[2.398s] INFO:colcon.colcon_core.shell:Creating prefix script '/home/rileydunn/lunar_rover_ws/install/local_setup.sh'
[2.398s] INFO:colcon.colcon_core.shell:Creating prefix util module '/home/rileydunn/lunar_rover_ws/install/_local_setup_util_sh.py'
[2.399s] INFO:colcon.colcon_core.shell:Creating prefix chain script '/home/rileydunn/lunar_rover_ws/install/setup.sh'
[2.400s] INFO:colcon.colcon_core.shell:Creating prefix script '/home/rileydunn/lunar_rover_ws/install/local_setup.bash'
[2.401s] INFO:colcon.colcon_core.shell:Creating prefix chain script '/home/rileydunn/lunar_rover_ws/install/setup.bash'
[2.402s] INFO:colcon.colcon_core.shell:Creating prefix script '/home/rileydunn/lunar_rover_ws/install/local_setup.zsh'
[2.403s] INFO:colcon.colcon_core.shell:Creating prefix chain script '/home/rileydunn/lunar_rover_ws/install/setup.zsh'
