[0.123s] Invoking command in '/home/cheese/lunar_rover_ws/build/lunar_robot_description': CMAKE_PREFIX_PATH=${CMAKE_PREFIX_PATH}:/home/cheese/lunar_rover_ws/install/lunar_robot_hardware:/home/cheese/lunar_rover_ws/install/lunar_robot_autonomous:/opt/ros/jazzy DEBUGINFOD_URLS=https://debuginfod.ubuntu.com /usr/bin/cmake /home/cheese/lunar_rover_ws/src/lunar_robot_description -DCMAKE_INSTALL_PREFIX=/home/cheese/lunar_rover_ws/install/lunar_robot_description
[0.245s] -- The C compiler identification is GNU 13.3.0
[0.341s] -- The CXX compiler identification is GNU 13.3.0
[0.360s] -- Detecting C compiler ABI info
[0.442s] -- Detecting C compiler ABI info - done
[0.450s] -- Check for working C compiler: /usr/bin/cc - skipped
[0.450s] -- Detecting C compile features
[0.450s] -- Detecting C compile features - done
[0.458s] -- Detecting CXX compiler ABI info
[0.542s] -- Detecting CXX compiler ABI info - done
[0.549s] -- Check for working CXX compiler: /usr/bin/c++ - skipped
[0.549s] -- Detecting CXX compile features
[0.549s] -- Detecting CXX compile features - done
[0.552s] -- Found ament_cmake: 2.5.4 (/opt/ros/jazzy/share/ament_cmake/cmake)
[0.661s] -- Found Python3: /usr/bin/python3 (found version "3.12.3") found components: Interpreter 
[0.746s] -- Found ament_lint_auto: 0.17.4 (/opt/ros/jazzy/share/ament_lint_auto/cmake)
[0.815s] -- Configuring done (0.7s)
[0.817s] -- Generating done (0.0s)
[0.820s] -- Build files have been written to: /home/cheese/lunar_rover_ws/build/lunar_robot_description
[0.823s] Invoked command in '/home/cheese/lunar_rover_ws/build/lunar_robot_description' returned '0': CMAKE_PREFIX_PATH=${CMAKE_PREFIX_PATH}:/home/cheese/lunar_rover_ws/install/lunar_robot_hardware:/home/cheese/lunar_rover_ws/install/lunar_robot_autonomous:/opt/ros/jazzy DEBUGINFOD_URLS=https://debuginfod.ubuntu.com /usr/bin/cmake /home/cheese/lunar_rover_ws/src/lunar_robot_description -DCMAKE_INSTALL_PREFIX=/home/cheese/lunar_rover_ws/install/lunar_robot_description
[0.823s] Invoking command in '/home/cheese/lunar_rover_ws/build/lunar_robot_description': CMAKE_PREFIX_PATH=${CMAKE_PREFIX_PATH}:/home/cheese/lunar_rover_ws/install/lunar_robot_hardware:/home/cheese/lunar_rover_ws/install/lunar_robot_autonomous:/opt/ros/jazzy DEBUGINFOD_URLS=https://debuginfod.ubuntu.com /usr/bin/cmake --build /home/cheese/lunar_rover_ws/build/lunar_robot_description -- -j16 -l16
[0.859s] Invoked command in '/home/cheese/lunar_rover_ws/build/lunar_robot_description' returned '0': CMAKE_PREFIX_PATH=${CMAKE_PREFIX_PATH}:/home/cheese/lunar_rover_ws/install/lunar_robot_hardware:/home/cheese/lunar_rover_ws/install/lunar_robot_autonomous:/opt/ros/jazzy DEBUGINFOD_URLS=https://debuginfod.ubuntu.com /usr/bin/cmake --build /home/cheese/lunar_rover_ws/build/lunar_robot_description -- -j16 -l16
[0.866s] Invoking command in '/home/cheese/lunar_rover_ws/build/lunar_robot_description': CMAKE_PREFIX_PATH=${CMAKE_PREFIX_PATH}:/home/cheese/lunar_rover_ws/install/lunar_robot_hardware:/home/cheese/lunar_rover_ws/install/lunar_robot_autonomous:/opt/ros/jazzy DEBUGINFOD_URLS=https://debuginfod.ubuntu.com /usr/bin/cmake --install /home/cheese/lunar_rover_ws/build/lunar_robot_description
[0.874s] -- Install configuration: ""
[0.874s] -- Installing: /home/cheese/lunar_rover_ws/install/lunar_robot_description/share/lunar_robot_description/urdf
[0.874s] -- Installing: /home/cheese/lunar_rover_ws/install/lunar_robot_description/share/lunar_robot_description/urdf/sensors
[0.874s] -- Installing: /home/cheese/lunar_rover_ws/install/lunar_robot_description/share/lunar_robot_description/urdf/minimal_robot.urdf
[0.874s] -- Installing: /home/cheese/lunar_rover_ws/install/lunar_robot_description/share/lunar_robot_description/config
[0.874s] -- Installing: /home/cheese/lunar_rover_ws/install/lunar_robot_description/share/lunar_robot_description/config/complete_navigation.rviz
[0.874s] -- Installing: /home/cheese/lunar_rover_ws/install/lunar_robot_description/share/lunar_robot_description/config/real_hardware_navigation.rviz
[0.874s] -- Installing: /home/cheese/lunar_rover_ws/install/lunar_robot_description/share/ament_index/resource_index/package_run_dependencies/lunar_robot_description
[0.874s] -- Installing: /home/cheese/lunar_rover_ws/install/lunar_robot_description/share/ament_index/resource_index/parent_prefix_path/lunar_robot_description
[0.874s] -- Installing: /home/cheese/lunar_rover_ws/install/lunar_robot_description/share/lunar_robot_description/environment/ament_prefix_path.sh
[0.874s] -- Installing: /home/cheese/lunar_rover_ws/install/lunar_robot_description/share/lunar_robot_description/environment/ament_prefix_path.dsv
[0.874s] -- Installing: /home/cheese/lunar_rover_ws/install/lunar_robot_description/share/lunar_robot_description/environment/path.sh
[0.875s] -- Installing: /home/cheese/lunar_rover_ws/install/lunar_robot_description/share/lunar_robot_description/environment/path.dsv
[0.875s] -- Installing: /home/cheese/lunar_rover_ws/install/lunar_robot_description/share/lunar_robot_description/local_setup.bash
[0.875s] -- Installing: /home/cheese/lunar_rover_ws/install/lunar_robot_description/share/lunar_robot_description/local_setup.sh
[0.875s] -- Installing: /home/cheese/lunar_rover_ws/install/lunar_robot_description/share/lunar_robot_description/local_setup.zsh
[0.875s] -- Installing: /home/cheese/lunar_rover_ws/install/lunar_robot_description/share/lunar_robot_description/local_setup.dsv
[0.875s] -- Installing: /home/cheese/lunar_rover_ws/install/lunar_robot_description/share/lunar_robot_description/package.dsv
[0.875s] -- Installing: /home/cheese/lunar_rover_ws/install/lunar_robot_description/share/ament_index/resource_index/packages/lunar_robot_description
[0.875s] -- Installing: /home/cheese/lunar_rover_ws/install/lunar_robot_description/share/lunar_robot_description/cmake/lunar_robot_descriptionConfig.cmake
[0.875s] -- Installing: /home/cheese/lunar_rover_ws/install/lunar_robot_description/share/lunar_robot_description/cmake/lunar_robot_descriptionConfig-version.cmake
[0.876s] -- Installing: /home/cheese/lunar_rover_ws/install/lunar_robot_description/share/lunar_robot_description/package.xml
[0.877s] Invoked command in '/home/cheese/lunar_rover_ws/build/lunar_robot_description' returned '0': CMAKE_PREFIX_PATH=${CMAKE_PREFIX_PATH}:/home/cheese/lunar_rover_ws/install/lunar_robot_hardware:/home/cheese/lunar_rover_ws/install/lunar_robot_autonomous:/opt/ros/jazzy DEBUGINFOD_URLS=https://debuginfod.ubuntu.com /usr/bin/cmake --install /home/cheese/lunar_rover_ws/build/lunar_robot_description
