running egg_info
writing ../../build/lunar_robot_hardware/lunar_robot_hardware.egg-info/PKG-INFO
writing dependency_links to ../../build/lunar_robot_hardware/lunar_robot_hardware.egg-info/dependency_links.txt
writing entry points to ../../build/lunar_robot_hardware/lunar_robot_hardware.egg-info/entry_points.txt
writing requirements to ../../build/lunar_robot_hardware/lunar_robot_hardware.egg-info/requires.txt
writing top-level names to ../../build/lunar_robot_hardware/lunar_robot_hardware.egg-info/top_level.txt
reading manifest file '../../build/lunar_robot_hardware/lunar_robot_hardware.egg-info/SOURCES.txt'
writing manifest file '../../build/lunar_robot_hardware/lunar_robot_hardware.egg-info/SOURCES.txt'
running build
running build_py
copying lunar_robot_hardware/arduino_motor_controller.py -> /home/rileydunn/lunar_rover_ws/build/lunar_robot_hardware/build/lib/lunar_robot_hardware
running install
running install_lib
copying /home/rileydunn/lunar_rover_ws/build/lunar_robot_hardware/build/lib/lunar_robot_hardware/arduino_motor_controller.py -> /home/rileydunn/lunar_rover_ws/install/lunar_robot_hardware/lib/python3.12/site-packages/lunar_robot_hardware
byte-compiling /home/rileydunn/lunar_rover_ws/install/lunar_robot_hardware/lib/python3.12/site-packages/lunar_robot_hardware/arduino_motor_controller.py to arduino_motor_controller.cpython-312.pyc
running install_data
running install_egg_info
removing '/home/rileydunn/lunar_rover_ws/install/lunar_robot_hardware/lib/python3.12/site-packages/lunar_robot_hardware-0.0.1-py3.12.egg-info' (and everything under it)
Copying ../../build/lunar_robot_hardware/lunar_robot_hardware.egg-info to /home/rileydunn/lunar_rover_ws/install/lunar_robot_hardware/lib/python3.12/site-packages/lunar_robot_hardware-0.0.1-py3.12.egg-info
running install_scripts
Installing arduino_motor_controller script to /home/rileydunn/lunar_rover_ws/install/lunar_robot_hardware/lib/lunar_robot_hardware
Installing arduino_teleop script to /home/rileydunn/lunar_rover_ws/install/lunar_robot_hardware/lib/lunar_robot_hardware
Installing motor_controller_node script to /home/rileydunn/lunar_rover_ws/install/lunar_robot_hardware/lib/lunar_robot_hardware
Installing simple_odom_publisher script to /home/rileydunn/lunar_rover_ws/install/lunar_robot_hardware/lib/lunar_robot_hardware
writing list of installed files to '/home/rileydunn/lunar_rover_ws/build/lunar_robot_hardware/install.log'
