[0.951s] Invoking command in '/home/moonpie/lunar_rover_ws/src/lunar_robot_hardware': DEBUGINFOD_URLS=https://debuginfod.ubuntu.com PYTHONPATH=/home/moonpie/lunar_rover_ws/build/lunar_robot_hardware/prefix_override:/usr/lib/python3/dist-packages/colcon_core/task/python/colcon_distutils_commands:/home/moonpie/lunar_rover_ws/install/lunar_robot_hardware/lib/python3.12/site-packages:${PYTHONPATH} /usr/bin/python3 -W ignore:setup.py install is deprecated -W ignore:easy_install command is deprecated setup.py egg_info --egg-base ../../build/lunar_robot_hardware build --build-base /home/moonpie/lunar_rover_ws/build/lunar_robot_hardware/build install --record /home/moonpie/lunar_rover_ws/build/lunar_robot_hardware/install.log --single-version-externally-managed install_data
[1.258s] running egg_info
[1.282s] writing ../../build/lunar_robot_hardware/lunar_robot_hardware.egg-info/PKG-INFO
[1.282s] writing dependency_links to ../../build/lunar_robot_hardware/lunar_robot_hardware.egg-info/dependency_links.txt
[1.282s] writing entry points to ../../build/lunar_robot_hardware/lunar_robot_hardware.egg-info/entry_points.txt
[1.282s] writing requirements to ../../build/lunar_robot_hardware/lunar_robot_hardware.egg-info/requires.txt
[1.282s] writing top-level names to ../../build/lunar_robot_hardware/lunar_robot_hardware.egg-info/top_level.txt
[1.330s] reading manifest file '../../build/lunar_robot_hardware/lunar_robot_hardware.egg-info/SOURCES.txt'
[1.331s] writing manifest file '../../build/lunar_robot_hardware/lunar_robot_hardware.egg-info/SOURCES.txt'
[1.331s] running build
[1.331s] running build_py
[1.331s] copying lunar_robot_hardware/arduino_motor_controller.py -> /home/moonpie/lunar_rover_ws/build/lunar_robot_hardware/build/lib/lunar_robot_hardware
[1.332s] running install
[1.337s] running install_lib
[1.362s] copying /home/moonpie/lunar_rover_ws/build/lunar_robot_hardware/build/lib/lunar_robot_hardware/arduino_motor_controller.py -> /home/moonpie/lunar_rover_ws/install/lunar_robot_hardware/lib/python3.12/site-packages/lunar_robot_hardware
[1.362s] byte-compiling /home/moonpie/lunar_rover_ws/install/lunar_robot_hardware/lib/python3.12/site-packages/lunar_robot_hardware/arduino_motor_controller.py to arduino_motor_controller.cpython-312.pyc
[1.364s] running install_data
[1.364s] running install_egg_info
[1.388s] removing '/home/moonpie/lunar_rover_ws/install/lunar_robot_hardware/lib/python3.12/site-packages/lunar_robot_hardware-0.0.1-py3.12.egg-info' (and everything under it)
[1.389s] Copying ../../build/lunar_robot_hardware/lunar_robot_hardware.egg-info to /home/moonpie/lunar_rover_ws/install/lunar_robot_hardware/lib/python3.12/site-packages/lunar_robot_hardware-0.0.1-py3.12.egg-info
[1.389s] running install_scripts
[1.543s] Installing arduino_motor_controller script to /home/moonpie/lunar_rover_ws/install/lunar_robot_hardware/lib/lunar_robot_hardware
[1.544s] Installing arduino_teleop script to /home/moonpie/lunar_rover_ws/install/lunar_robot_hardware/lib/lunar_robot_hardware
[1.544s] Installing motor_controller_node script to /home/moonpie/lunar_rover_ws/install/lunar_robot_hardware/lib/lunar_robot_hardware
[1.544s] Installing simple_odom_publisher script to /home/moonpie/lunar_rover_ws/install/lunar_robot_hardware/lib/lunar_robot_hardware
[1.544s] writing list of installed files to '/home/moonpie/lunar_rover_ws/build/lunar_robot_hardware/install.log'
[1.569s] Invoked command in '/home/moonpie/lunar_rover_ws/src/lunar_robot_hardware' returned '0': DEBUGINFOD_URLS=https://debuginfod.ubuntu.com PYTHONPATH=/home/moonpie/lunar_rover_ws/build/lunar_robot_hardware/prefix_override:/usr/lib/python3/dist-packages/colcon_core/task/python/colcon_distutils_commands:/home/moonpie/lunar_rover_ws/install/lunar_robot_hardware/lib/python3.12/site-packages:${PYTHONPATH} /usr/bin/python3 -W ignore:setup.py install is deprecated -W ignore:easy_install command is deprecated setup.py egg_info --egg-base ../../build/lunar_robot_hardware build --build-base /home/moonpie/lunar_rover_ws/build/lunar_robot_hardware/build install --record /home/moonpie/lunar_rover_ws/build/lunar_robot_hardware/install.log --single-version-externally-managed install_data
