[1.533s] Invoking command in '/home/rileydunn/lunar_rover_ws/src/lunar_robot_hardware': DEBUGINFOD_URLS=https://debuginfod.ubuntu.com PYTHONPATH=/home/rileydunn/lunar_rover_ws/build/lunar_robot_hardware/prefix_override:/usr/lib/python3/dist-packages/colcon_core/task/python/colcon_distutils_commands:/home/rileydunn/lunar_rover_ws/install/lunar_robot_hardware/lib/python3.12/site-packages:${PYTHONPATH} /usr/bin/python3 -W ignore:setup.py install is deprecated -W ignore:easy_install command is deprecated setup.py egg_info --egg-base ../../build/lunar_robot_hardware build --build-base /home/rileydunn/lunar_rover_ws/build/lunar_robot_hardware/build install --record /home/rileydunn/lunar_rover_ws/build/lunar_robot_hardware/install.log --single-version-externally-managed install_data
[1.862s] running egg_info
[1.882s] writing ../../build/lunar_robot_hardware/lunar_robot_hardware.egg-info/PKG-INFO
[1.883s] writing dependency_links to ../../build/lunar_robot_hardware/lunar_robot_hardware.egg-info/dependency_links.txt
[1.883s] writing entry points to ../../build/lunar_robot_hardware/lunar_robot_hardware.egg-info/entry_points.txt
[1.883s] writing requirements to ../../build/lunar_robot_hardware/lunar_robot_hardware.egg-info/requires.txt
[1.883s] writing top-level names to ../../build/lunar_robot_hardware/lunar_robot_hardware.egg-info/top_level.txt
[1.923s] reading manifest file '../../build/lunar_robot_hardware/lunar_robot_hardware.egg-info/SOURCES.txt'
[1.924s] writing manifest file '../../build/lunar_robot_hardware/lunar_robot_hardware.egg-info/SOURCES.txt'
[1.924s] running build
[1.924s] running build_py
[1.924s] copying lunar_robot_hardware/arduino_teleop_controller.py -> /home/rileydunn/lunar_rover_ws/build/lunar_robot_hardware/build/lib/lunar_robot_hardware
[1.925s] running install
[1.932s] running install_lib
[1.951s] copying /home/rileydunn/lunar_rover_ws/build/lunar_robot_hardware/build/lib/lunar_robot_hardware/arduino_teleop_controller.py -> /home/rileydunn/lunar_rover_ws/install/lunar_robot_hardware/lib/python3.12/site-packages/lunar_robot_hardware
[1.951s] byte-compiling /home/rileydunn/lunar_rover_ws/install/lunar_robot_hardware/lib/python3.12/site-packages/lunar_robot_hardware/arduino_teleop_controller.py to arduino_teleop_controller.cpython-312.pyc
[1.957s] running install_data
[1.957s] running install_egg_info
[1.978s] removing '/home/rileydunn/lunar_rover_ws/install/lunar_robot_hardware/lib/python3.12/site-packages/lunar_robot_hardware-0.0.1-py3.12.egg-info' (and everything under it)
[1.978s] Copying ../../build/lunar_robot_hardware/lunar_robot_hardware.egg-info to /home/rileydunn/lunar_rover_ws/install/lunar_robot_hardware/lib/python3.12/site-packages/lunar_robot_hardware-0.0.1-py3.12.egg-info
[1.979s] running install_scripts
[2.112s] Installing arduino_motor_controller script to /home/rileydunn/lunar_rover_ws/install/lunar_robot_hardware/lib/lunar_robot_hardware
[2.112s] Installing arduino_teleop script to /home/rileydunn/lunar_rover_ws/install/lunar_robot_hardware/lib/lunar_robot_hardware
[2.112s] Installing controller_teleop script to /home/rileydunn/lunar_rover_ws/install/lunar_robot_hardware/lib/lunar_robot_hardware
[2.112s] Installing motor_controller_node script to /home/rileydunn/lunar_rover_ws/install/lunar_robot_hardware/lib/lunar_robot_hardware
[2.112s] Installing simple_odom_publisher script to /home/rileydunn/lunar_rover_ws/install/lunar_robot_hardware/lib/lunar_robot_hardware
[2.112s] writing list of installed files to '/home/rileydunn/lunar_rover_ws/build/lunar_robot_hardware/install.log'
[2.158s] Invoked command in '/home/rileydunn/lunar_rover_ws/src/lunar_robot_hardware' returned '0': DEBUGINFOD_URLS=https://debuginfod.ubuntu.com PYTHONPATH=/home/rileydunn/lunar_rover_ws/build/lunar_robot_hardware/prefix_override:/usr/lib/python3/dist-packages/colcon_core/task/python/colcon_distutils_commands:/home/rileydunn/lunar_rover_ws/install/lunar_robot_hardware/lib/python3.12/site-packages:${PYTHONPATH} /usr/bin/python3 -W ignore:setup.py install is deprecated -W ignore:easy_install command is deprecated setup.py egg_info --egg-base ../../build/lunar_robot_hardware build --build-base /home/rileydunn/lunar_rover_ws/build/lunar_robot_hardware/build install --record /home/rileydunn/lunar_rover_ws/build/lunar_robot_hardware/install.log --single-version-externally-managed install_data
