running egg_info
creating ../../build/lunar_robot_hardware/lunar_robot_hardware.egg-info
writing ../../build/lunar_robot_hardware/lunar_robot_hardware.egg-info/PKG-INFO
writing dependency_links to ../../build/lunar_robot_hardware/lunar_robot_hardware.egg-info/dependency_links.txt
writing entry points to ../../build/lunar_robot_hardware/lunar_robot_hardware.egg-info/entry_points.txt
writing requirements to ../../build/lunar_robot_hardware/lunar_robot_hardware.egg-info/requires.txt
writing top-level names to ../../build/lunar_robot_hardware/lunar_robot_hardware.egg-info/top_level.txt
writing manifest file '../../build/lunar_robot_hardware/lunar_robot_hardware.egg-info/SOURCES.txt'
reading manifest file '../../build/lunar_robot_hardware/lunar_robot_hardware.egg-info/SOURCES.txt'
writing manifest file '../../build/lunar_robot_hardware/lunar_robot_hardware.egg-info/SOURCES.txt'
running build
running build_py
creating /home/moonpie/lunar_rover_ws/build/lunar_robot_hardware/build
creating /home/moonpie/lunar_rover_ws/build/lunar_robot_hardware/build/lib
creating /home/moonpie/lunar_rover_ws/build/lunar_robot_hardware/build/lib/lunar_robot_hardware
copying lunar_robot_hardware/arduino_hardware_interface.py -> /home/moonpie/lunar_rover_ws/build/lunar_robot_hardware/build/lib/lunar_robot_hardware
copying lunar_robot_hardware/arduino_motor_controller.py -> /home/moonpie/lunar_rover_ws/build/lunar_robot_hardware/build/lib/lunar_robot_hardware
copying lunar_robot_hardware/arduino_teleop.py -> /home/moonpie/lunar_rover_ws/build/lunar_robot_hardware/build/lib/lunar_robot_hardware
copying lunar_robot_hardware/__init__.py -> /home/moonpie/lunar_rover_ws/build/lunar_robot_hardware/build/lib/lunar_robot_hardware
running install
running install_lib
creating /home/moonpie/lunar_rover_ws/install/lunar_robot_hardware/lib/python3.12/site-packages/lunar_robot_hardware
copying /home/moonpie/lunar_rover_ws/build/lunar_robot_hardware/build/lib/lunar_robot_hardware/arduino_hardware_interface.py -> /home/moonpie/lunar_rover_ws/install/lunar_robot_hardware/lib/python3.12/site-packages/lunar_robot_hardware
copying /home/moonpie/lunar_rover_ws/build/lunar_robot_hardware/build/lib/lunar_robot_hardware/arduino_motor_controller.py -> /home/moonpie/lunar_rover_ws/install/lunar_robot_hardware/lib/python3.12/site-packages/lunar_robot_hardware
copying /home/moonpie/lunar_rover_ws/build/lunar_robot_hardware/build/lib/lunar_robot_hardware/arduino_teleop.py -> /home/moonpie/lunar_rover_ws/install/lunar_robot_hardware/lib/python3.12/site-packages/lunar_robot_hardware
copying /home/moonpie/lunar_rover_ws/build/lunar_robot_hardware/build/lib/lunar_robot_hardware/__init__.py -> /home/moonpie/lunar_rover_ws/install/lunar_robot_hardware/lib/python3.12/site-packages/lunar_robot_hardware
byte-compiling /home/moonpie/lunar_rover_ws/install/lunar_robot_hardware/lib/python3.12/site-packages/lunar_robot_hardware/arduino_hardware_interface.py to arduino_hardware_interface.cpython-312.pyc
byte-compiling /home/moonpie/lunar_rover_ws/install/lunar_robot_hardware/lib/python3.12/site-packages/lunar_robot_hardware/arduino_motor_controller.py to arduino_motor_controller.cpython-312.pyc
byte-compiling /home/moonpie/lunar_rover_ws/install/lunar_robot_hardware/lib/python3.12/site-packages/lunar_robot_hardware/arduino_teleop.py to arduino_teleop.cpython-312.pyc
byte-compiling /home/moonpie/lunar_rover_ws/install/lunar_robot_hardware/lib/python3.12/site-packages/lunar_robot_hardware/__init__.py to __init__.cpython-312.pyc
running install_data
creating /home/moonpie/lunar_rover_ws/install/lunar_robot_hardware/share/ament_index
creating /home/moonpie/lunar_rover_ws/install/lunar_robot_hardware/share/ament_index/resource_index
creating /home/moonpie/lunar_rover_ws/install/lunar_robot_hardware/share/ament_index/resource_index/packages
copying resource/lunar_robot_hardware -> /home/moonpie/lunar_rover_ws/install/lunar_robot_hardware/share/ament_index/resource_index/packages
copying package.xml -> /home/moonpie/lunar_rover_ws/install/lunar_robot_hardware/share/lunar_robot_hardware
creating /home/moonpie/lunar_rover_ws/install/lunar_robot_hardware/share/lunar_robot_hardware/launch
copying launch/arduino_teleop_only.launch.py -> /home/moonpie/lunar_rover_ws/install/lunar_robot_hardware/share/lunar_robot_hardware/launch
copying launch/camera_test.launch.py -> /home/moonpie/lunar_rover_ws/install/lunar_robot_hardware/share/lunar_robot_hardware/launch
copying launch/slam_navigation.launch.py -> /home/moonpie/lunar_rover_ws/install/lunar_robot_hardware/share/lunar_robot_hardware/launch
copying launch/arduino_navigation.launch.py -> /home/moonpie/lunar_rover_ws/install/lunar_robot_hardware/share/lunar_robot_hardware/launch
copying launch/robot_state_publisher.launch.py -> /home/moonpie/lunar_rover_ws/install/lunar_robot_hardware/share/lunar_robot_hardware/launch
copying launch/rtabmap_waypoint.launch.py -> /home/moonpie/lunar_rover_ws/install/lunar_robot_hardware/share/lunar_robot_hardware/launch
copying launch/static_transforms.launch.py -> /home/moonpie/lunar_rover_ws/install/lunar_robot_hardware/share/lunar_robot_hardware/launch
copying launch/rover.launch.py -> /home/moonpie/lunar_rover_ws/install/lunar_robot_hardware/share/lunar_robot_hardware/launch
copying launch/slam_nav.launch.py -> /home/moonpie/lunar_rover_ws/install/lunar_robot_hardware/share/lunar_robot_hardware/launch
running install_egg_info
Copying ../../build/lunar_robot_hardware/lunar_robot_hardware.egg-info to /home/moonpie/lunar_rover_ws/install/lunar_robot_hardware/lib/python3.12/site-packages/lunar_robot_hardware-0.0.1-py3.12.egg-info
running install_scripts
Installing arduino_motor_controller script to /home/moonpie/lunar_rover_ws/install/lunar_robot_hardware/lib/lunar_robot_hardware
Installing arduino_teleop script to /home/moonpie/lunar_rover_ws/install/lunar_robot_hardware/lib/lunar_robot_hardware
Installing motor_controller_node script to /home/moonpie/lunar_rover_ws/install/lunar_robot_hardware/lib/lunar_robot_hardware
Installing simple_odom_publisher script to /home/moonpie/lunar_rover_ws/install/lunar_robot_hardware/lib/lunar_robot_hardware
writing list of installed files to '/home/moonpie/lunar_rover_ws/build/lunar_robot_hardware/install.log'
