[0.876s] Invoking command in '/home/rileydunn/lunar_rover_ws/src/lunar_robot_hardware': DEBUGINFOD_URLS=https://debuginfod.ubuntu.com PYTHONPATH=/home/rileydunn/lunar_rover_ws/build/lunar_robot_hardware/prefix_override:/usr/lib/python3/dist-packages/colcon_core/task/python/colcon_distutils_commands:/home/rileydunn/lunar_rover_ws/install/lunar_robot_hardware/lib/python3.12/site-packages:${PYTHONPATH} /usr/bin/python3 -W ignore:setup.py install is deprecated -W ignore:easy_install command is deprecated setup.py egg_info --egg-base ../../build/lunar_robot_hardware build --build-base /home/rileydunn/lunar_rover_ws/build/lunar_robot_hardware/build install --record /home/rileydunn/lunar_rover_ws/build/lunar_robot_hardware/install.log --single-version-externally-managed install_data
[1.156s] running egg_info
[1.157s] creating ../../build/lunar_robot_hardware/lunar_robot_hardware.egg-info
[1.179s] writing ../../build/lunar_robot_hardware/lunar_robot_hardware.egg-info/PKG-INFO
[1.179s] writing dependency_links to ../../build/lunar_robot_hardware/lunar_robot_hardware.egg-info/dependency_links.txt
[1.179s] writing entry points to ../../build/lunar_robot_hardware/lunar_robot_hardware.egg-info/entry_points.txt
[1.179s] writing requirements to ../../build/lunar_robot_hardware/lunar_robot_hardware.egg-info/requires.txt
[1.180s] writing top-level names to ../../build/lunar_robot_hardware/lunar_robot_hardware.egg-info/top_level.txt
[1.180s] writing manifest file '../../build/lunar_robot_hardware/lunar_robot_hardware.egg-info/SOURCES.txt'
[1.224s] reading manifest file '../../build/lunar_robot_hardware/lunar_robot_hardware.egg-info/SOURCES.txt'
[1.225s] writing manifest file '../../build/lunar_robot_hardware/lunar_robot_hardware.egg-info/SOURCES.txt'
[1.225s] running build
[1.225s] running build_py
[1.225s] creating /home/rileydunn/lunar_rover_ws/build/lunar_robot_hardware/build
[1.226s] creating /home/rileydunn/lunar_rover_ws/build/lunar_robot_hardware/build/lib
[1.226s] creating /home/rileydunn/lunar_rover_ws/build/lunar_robot_hardware/build/lib/lunar_robot_hardware
[1.226s] copying lunar_robot_hardware/arduino_hardware_interface.py -> /home/rileydunn/lunar_rover_ws/build/lunar_robot_hardware/build/lib/lunar_robot_hardware
[1.226s] copying lunar_robot_hardware/arduino_motor_controller.py -> /home/rileydunn/lunar_rover_ws/build/lunar_robot_hardware/build/lib/lunar_robot_hardware
[1.226s] copying lunar_robot_hardware/arduino_teleop.py -> /home/rileydunn/lunar_rover_ws/build/lunar_robot_hardware/build/lib/lunar_robot_hardware
[1.226s] copying lunar_robot_hardware/__init__.py -> /home/rileydunn/lunar_rover_ws/build/lunar_robot_hardware/build/lib/lunar_robot_hardware
[1.226s] running install
[1.232s] running install_lib
[1.254s] creating /home/rileydunn/lunar_rover_ws/install/lunar_robot_hardware/lib/python3.12/site-packages/lunar_robot_hardware
[1.254s] copying /home/rileydunn/lunar_rover_ws/build/lunar_robot_hardware/build/lib/lunar_robot_hardware/arduino_hardware_interface.py -> /home/rileydunn/lunar_rover_ws/install/lunar_robot_hardware/lib/python3.12/site-packages/lunar_robot_hardware
[1.254s] copying /home/rileydunn/lunar_rover_ws/build/lunar_robot_hardware/build/lib/lunar_robot_hardware/arduino_motor_controller.py -> /home/rileydunn/lunar_rover_ws/install/lunar_robot_hardware/lib/python3.12/site-packages/lunar_robot_hardware
[1.255s] copying /home/rileydunn/lunar_rover_ws/build/lunar_robot_hardware/build/lib/lunar_robot_hardware/arduino_teleop.py -> /home/rileydunn/lunar_rover_ws/install/lunar_robot_hardware/lib/python3.12/site-packages/lunar_robot_hardware
[1.255s] copying /home/rileydunn/lunar_rover_ws/build/lunar_robot_hardware/build/lib/lunar_robot_hardware/__init__.py -> /home/rileydunn/lunar_rover_ws/install/lunar_robot_hardware/lib/python3.12/site-packages/lunar_robot_hardware
[1.255s] byte-compiling /home/rileydunn/lunar_rover_ws/install/lunar_robot_hardware/lib/python3.12/site-packages/lunar_robot_hardware/arduino_hardware_interface.py to arduino_hardware_interface.cpython-312.pyc
[1.258s] byte-compiling /home/rileydunn/lunar_rover_ws/install/lunar_robot_hardware/lib/python3.12/site-packages/lunar_robot_hardware/arduino_motor_controller.py to arduino_motor_controller.cpython-312.pyc
[1.260s] byte-compiling /home/rileydunn/lunar_rover_ws/install/lunar_robot_hardware/lib/python3.12/site-packages/lunar_robot_hardware/arduino_teleop.py to arduino_teleop.cpython-312.pyc
[1.261s] byte-compiling /home/rileydunn/lunar_rover_ws/install/lunar_robot_hardware/lib/python3.12/site-packages/lunar_robot_hardware/__init__.py to __init__.cpython-312.pyc
[1.261s] running install_data
[1.261s] creating /home/rileydunn/lunar_rover_ws/install/lunar_robot_hardware/share/ament_index
[1.262s] creating /home/rileydunn/lunar_rover_ws/install/lunar_robot_hardware/share/ament_index/resource_index
[1.262s] creating /home/rileydunn/lunar_rover_ws/install/lunar_robot_hardware/share/ament_index/resource_index/packages
[1.262s] copying resource/lunar_robot_hardware -> /home/rileydunn/lunar_rover_ws/install/lunar_robot_hardware/share/ament_index/resource_index/packages
[1.262s] copying package.xml -> /home/rileydunn/lunar_rover_ws/install/lunar_robot_hardware/share/lunar_robot_hardware
[1.262s] creating /home/rileydunn/lunar_rover_ws/install/lunar_robot_hardware/share/lunar_robot_hardware/launch
[1.262s] copying launch/arduino_teleop_only.launch.py -> /home/rileydunn/lunar_rover_ws/install/lunar_robot_hardware/share/lunar_robot_hardware/launch
[1.262s] copying launch/camera_test.launch.py -> /home/rileydunn/lunar_rover_ws/install/lunar_robot_hardware/share/lunar_robot_hardware/launch
[1.263s] copying launch/slam_navigation.launch.py -> /home/rileydunn/lunar_rover_ws/install/lunar_robot_hardware/share/lunar_robot_hardware/launch
[1.263s] copying launch/arduino_navigation.launch.py -> /home/rileydunn/lunar_rover_ws/install/lunar_robot_hardware/share/lunar_robot_hardware/launch
[1.263s] copying launch/robot_state_publisher.launch.py -> /home/rileydunn/lunar_rover_ws/install/lunar_robot_hardware/share/lunar_robot_hardware/launch
[1.263s] copying launch/rtabmap_waypoint.launch.py -> /home/rileydunn/lunar_rover_ws/install/lunar_robot_hardware/share/lunar_robot_hardware/launch
[1.263s] copying launch/static_transforms.launch.py -> /home/rileydunn/lunar_rover_ws/install/lunar_robot_hardware/share/lunar_robot_hardware/launch
[1.263s] copying launch/rover.launch.py -> /home/rileydunn/lunar_rover_ws/install/lunar_robot_hardware/share/lunar_robot_hardware/launch
[1.263s] copying launch/slam_nav.launch.py -> /home/rileydunn/lunar_rover_ws/install/lunar_robot_hardware/share/lunar_robot_hardware/launch
[1.263s] running install_egg_info
[1.286s] Copying ../../build/lunar_robot_hardware/lunar_robot_hardware.egg-info to /home/rileydunn/lunar_rover_ws/install/lunar_robot_hardware/lib/python3.12/site-packages/lunar_robot_hardware-0.0.1-py3.12.egg-info
[1.286s] running install_scripts
[1.431s] Installing arduino_motor_controller script to /home/rileydunn/lunar_rover_ws/install/lunar_robot_hardware/lib/lunar_robot_hardware
[1.431s] Installing arduino_teleop script to /home/rileydunn/lunar_rover_ws/install/lunar_robot_hardware/lib/lunar_robot_hardware
[1.431s] Installing motor_controller_node script to /home/rileydunn/lunar_rover_ws/install/lunar_robot_hardware/lib/lunar_robot_hardware
[1.431s] Installing simple_odom_publisher script to /home/rileydunn/lunar_rover_ws/install/lunar_robot_hardware/lib/lunar_robot_hardware
[1.431s] writing list of installed files to '/home/rileydunn/lunar_rover_ws/build/lunar_robot_hardware/install.log'
[1.454s] Invoked command in '/home/rileydunn/lunar_rover_ws/src/lunar_robot_hardware' returned '0': DEBUGINFOD_URLS=https://debuginfod.ubuntu.com PYTHONPATH=/home/rileydunn/lunar_rover_ws/build/lunar_robot_hardware/prefix_override:/usr/lib/python3/dist-packages/colcon_core/task/python/colcon_distutils_commands:/home/rileydunn/lunar_rover_ws/install/lunar_robot_hardware/lib/python3.12/site-packages:${PYTHONPATH} /usr/bin/python3 -W ignore:setup.py install is deprecated -W ignore:easy_install command is deprecated setup.py egg_info --egg-base ../../build/lunar_robot_hardware build --build-base /home/rileydunn/lunar_rover_ws/build/lunar_robot_hardware/build install --record /home/rileydunn/lunar_rover_ws/build/lunar_robot_hardware/install.log --single-version-externally-managed install_data
