[0.580s] Invoking command in '/home/cheese/lunar_rover_ws/src/lunar_robot_hardware': DEBUGINFOD_URLS=https://debuginfod.ubuntu.com PYTHONPATH=/home/cheese/lunar_rover_ws/build/lunar_robot_hardware/prefix_override:/usr/lib/python3/dist-packages/colcon_core/task/python/colcon_distutils_commands:/home/cheese/lunar_rover_ws/install/lunar_robot_hardware/lib/python3.12/site-packages:${PYTHONPATH} /usr/bin/python3 -W ignore:setup.py install is deprecated -W ignore:easy_install command is deprecated setup.py egg_info --egg-base ../../build/lunar_robot_hardware build --build-base /home/cheese/lunar_rover_ws/build/lunar_robot_hardware/build install --record /home/cheese/lunar_rover_ws/build/lunar_robot_hardware/install.log --single-version-externally-managed install_data
[0.735s] running egg_info
[0.744s] writing ../../build/lunar_robot_hardware/lunar_robot_hardware.egg-info/PKG-INFO
[0.744s] writing dependency_links to ../../build/lunar_robot_hardware/lunar_robot_hardware.egg-info/dependency_links.txt
[0.745s] writing entry points to ../../build/lunar_robot_hardware/lunar_robot_hardware.egg-info/entry_points.txt
[0.745s] writing requirements to ../../build/lunar_robot_hardware/lunar_robot_hardware.egg-info/requires.txt
[0.745s] writing top-level names to ../../build/lunar_robot_hardware/lunar_robot_hardware.egg-info/top_level.txt
[0.765s] reading manifest file '../../build/lunar_robot_hardware/lunar_robot_hardware.egg-info/SOURCES.txt'
[0.766s] writing manifest file '../../build/lunar_robot_hardware/lunar_robot_hardware.egg-info/SOURCES.txt'
[0.766s] running build
[0.766s] running build_py
[0.766s] running install
[0.770s] running install_lib
[0.780s] running install_data
[0.781s] running install_egg_info
[0.791s] removing '/home/cheese/lunar_rover_ws/install/lunar_robot_hardware/lib/python3.12/site-packages/lunar_robot_hardware-0.0.1-py3.12.egg-info' (and everything under it)
[0.791s] Copying ../../build/lunar_robot_hardware/lunar_robot_hardware.egg-info to /home/cheese/lunar_rover_ws/install/lunar_robot_hardware/lib/python3.12/site-packages/lunar_robot_hardware-0.0.1-py3.12.egg-info
[0.792s] running install_scripts
[0.862s] Installing arduino_motor_controller script to /home/cheese/lunar_rover_ws/install/lunar_robot_hardware/lib/lunar_robot_hardware
[0.862s] Installing arduino_teleop script to /home/cheese/lunar_rover_ws/install/lunar_robot_hardware/lib/lunar_robot_hardware
[0.862s] Installing controller_teleop script to /home/cheese/lunar_rover_ws/install/lunar_robot_hardware/lib/lunar_robot_hardware
[0.862s] Installing motor_controller_node script to /home/cheese/lunar_rover_ws/install/lunar_robot_hardware/lib/lunar_robot_hardware
[0.862s] Installing simple_odom_publisher script to /home/cheese/lunar_rover_ws/install/lunar_robot_hardware/lib/lunar_robot_hardware
[0.862s] writing list of installed files to '/home/cheese/lunar_rover_ws/build/lunar_robot_hardware/install.log'
[0.882s] Invoked command in '/home/cheese/lunar_rover_ws/src/lunar_robot_hardware' returned '0': DEBUGINFOD_URLS=https://debuginfod.ubuntu.com PYTHONPATH=/home/cheese/lunar_rover_ws/build/lunar_robot_hardware/prefix_override:/usr/lib/python3/dist-packages/colcon_core/task/python/colcon_distutils_commands:/home/cheese/lunar_rover_ws/install/lunar_robot_hardware/lib/python3.12/site-packages:${PYTHONPATH} /usr/bin/python3 -W ignore:setup.py install is deprecated -W ignore:easy_install command is deprecated setup.py egg_info --egg-base ../../build/lunar_robot_hardware build --build-base /home/cheese/lunar_rover_ws/build/lunar_robot_hardware/build install --record /home/cheese/lunar_rover_ws/build/lunar_robot_hardware/install.log --single-version-externally-managed install_data
