/home/cheese/lunar_rover_ws/install/lunar_robot_autonomous/lib/python3.12/site-packages/lunar_robot_autonomous/unified_navigator.py
/home/cheese/lunar_rover_ws/install/lunar_robot_autonomous/lib/python3.12/site-packages/lunar_robot_autonomous/waypoint_navigator.py
/home/cheese/lunar_rover_ws/install/lunar_robot_autonomous/lib/python3.12/site-packages/lunar_robot_autonomous/multi_waypoint_navigator.py
/home/cheese/lunar_rover_ws/install/lunar_robot_autonomous/lib/python3.12/site-packages/lunar_robot_autonomous/__init__.py
/home/cheese/lunar_rover_ws/install/lunar_robot_autonomous/lib/python3.12/site-packages/lunar_robot_autonomous/__pycache__/unified_navigator.cpython-312.pyc
/home/cheese/lunar_rover_ws/install/lunar_robot_autonomous/lib/python3.12/site-packages/lunar_robot_autonomous/__pycache__/waypoint_navigator.cpython-312.pyc
/home/cheese/lunar_rover_ws/install/lunar_robot_autonomous/lib/python3.12/site-packages/lunar_robot_autonomous/__pycache__/multi_waypoint_navigator.cpython-312.pyc
/home/cheese/lunar_rover_ws/install/lunar_robot_autonomous/lib/python3.12/site-packages/lunar_robot_autonomous/__pycache__/__init__.cpython-312.pyc
/home/cheese/lunar_rover_ws/install/lunar_robot_autonomous/share/ament_index/resource_index/packages/lunar_robot_autonomous
/home/cheese/lunar_rover_ws/install/lunar_robot_autonomous/share/lunar_robot_autonomous/package.xml
/home/cheese/lunar_rover_ws/install/lunar_robot_autonomous/share/lunar_robot_autonomous/launch/unified_navigation.launch.py
/home/cheese/lunar_rover_ws/install/lunar_robot_autonomous/share/lunar_robot_autonomous/config/obstical_avoidance.yaml
/home/cheese/lunar_rover_ws/install/lunar_robot_autonomous/share/lunar_robot_autonomous/config/path_planner.yaml
/home/cheese/lunar_rover_ws/install/lunar_robot_autonomous/lib/python3.12/site-packages/lunar_robot_autonomous-1.0.0-py3.12.egg-info/SOURCES.txt
/home/cheese/lunar_rover_ws/install/lunar_robot_autonomous/lib/python3.12/site-packages/lunar_robot_autonomous-1.0.0-py3.12.egg-info/PKG-INFO
/home/cheese/lunar_rover_ws/install/lunar_robot_autonomous/lib/python3.12/site-packages/lunar_robot_autonomous-1.0.0-py3.12.egg-info/zip-safe
/home/cheese/lunar_rover_ws/install/lunar_robot_autonomous/lib/python3.12/site-packages/lunar_robot_autonomous-1.0.0-py3.12.egg-info/entry_points.txt
/home/cheese/lunar_rover_ws/install/lunar_robot_autonomous/lib/python3.12/site-packages/lunar_robot_autonomous-1.0.0-py3.12.egg-info/dependency_links.txt
/home/cheese/lunar_rover_ws/install/lunar_robot_autonomous/lib/python3.12/site-packages/lunar_robot_autonomous-1.0.0-py3.12.egg-info/requires.txt
/home/cheese/lunar_rover_ws/install/lunar_robot_autonomous/lib/python3.12/site-packages/lunar_robot_autonomous-1.0.0-py3.12.egg-info/top_level.txt
/home/cheese/lunar_rover_ws/install/lunar_robot_autonomous/lib/lunar_robot_autonomous/multi_waypoint_navigator
/home/cheese/lunar_rover_ws/install/lunar_robot_autonomous/lib/lunar_robot_autonomous/unified_navigator
/home/cheese/lunar_rover_ws/install/lunar_robot_autonomous/lib/lunar_robot_autonomous/waypoint_navigator
