[1.106s] Invoking command in '/home/rileydunn/lunar_rover_ws/src/lunar_robot_hardware': DEBUGINFOD_URLS=https://debuginfod.ubuntu.com PYTHONPATH=/home/rileydunn/lunar_rover_ws/build/lunar_robot_hardware/prefix_override:/usr/lib/python3/dist-packages/colcon_core/task/python/colcon_distutils_commands:/home/rileydunn/lunar_rover_ws/install/lunar_robot_hardware/lib/python3.12/site-packages:${PYTHONPATH} /usr/bin/python3 -W ignore:setup.py install is deprecated -W ignore:easy_install command is deprecated setup.py egg_info --egg-base ../../build/lunar_robot_hardware build --build-base /home/rileydunn/lunar_rover_ws/build/lunar_robot_hardware/build install --record /home/rileydunn/lunar_rover_ws/build/lunar_robot_hardware/install.log --single-version-externally-managed install_data
[1.410s] running egg_info
[1.434s] writing ../../build/lunar_robot_hardware/lunar_robot_hardware.egg-info/PKG-INFO
[1.434s] writing dependency_links to ../../build/lunar_robot_hardware/lunar_robot_hardware.egg-info/dependency_links.txt
[1.435s] writing entry points to ../../build/lunar_robot_hardware/lunar_robot_hardware.egg-info/entry_points.txt
[1.435s] writing requirements to ../../build/lunar_robot_hardware/lunar_robot_hardware.egg-info/requires.txt
[1.435s] writing top-level names to ../../build/lunar_robot_hardware/lunar_robot_hardware.egg-info/top_level.txt
[1.484s] reading manifest file '../../build/lunar_robot_hardware/lunar_robot_hardware.egg-info/SOURCES.txt'
[1.485s] writing manifest file '../../build/lunar_robot_hardware/lunar_robot_hardware.egg-info/SOURCES.txt'
[1.485s] running build
[1.485s] running build_py
[1.485s] running install
[1.491s] running install_lib
[1.515s] running install_data
[1.515s] running install_egg_info
[1.553s] removing '/home/rileydunn/lunar_rover_ws/install/lunar_robot_hardware/lib/python3.12/site-packages/lunar_robot_hardware-0.0.1-py3.12.egg-info' (and everything under it)
[1.553s] Copying ../../build/lunar_robot_hardware/lunar_robot_hardware.egg-info to /home/rileydunn/lunar_rover_ws/install/lunar_robot_hardware/lib/python3.12/site-packages/lunar_robot_hardware-0.0.1-py3.12.egg-info
[1.554s] running install_scripts
[1.715s] Installing arduino_motor_controller script to /home/rileydunn/lunar_rover_ws/install/lunar_robot_hardware/lib/lunar_robot_hardware
[1.715s] Installing arduino_teleop script to /home/rileydunn/lunar_rover_ws/install/lunar_robot_hardware/lib/lunar_robot_hardware
[1.715s] Installing controller_teleop script to /home/rileydunn/lunar_rover_ws/install/lunar_robot_hardware/lib/lunar_robot_hardware
[1.716s] Installing motor_controller_node script to /home/rileydunn/lunar_rover_ws/install/lunar_robot_hardware/lib/lunar_robot_hardware
[1.716s] Installing simple_odom_publisher script to /home/rileydunn/lunar_rover_ws/install/lunar_robot_hardware/lib/lunar_robot_hardware
[1.716s] writing list of installed files to '/home/rileydunn/lunar_rover_ws/build/lunar_robot_hardware/install.log'
[1.745s] Invoked command in '/home/rileydunn/lunar_rover_ws/src/lunar_robot_hardware' returned '0': DEBUGINFOD_URLS=https://debuginfod.ubuntu.com PYTHONPATH=/home/rileydunn/lunar_rover_ws/build/lunar_robot_hardware/prefix_override:/usr/lib/python3/dist-packages/colcon_core/task/python/colcon_distutils_commands:/home/rileydunn/lunar_rover_ws/install/lunar_robot_hardware/lib/python3.12/site-packages:${PYTHONPATH} /usr/bin/python3 -W ignore:setup.py install is deprecated -W ignore:easy_install command is deprecated setup.py egg_info --egg-base ../../build/lunar_robot_hardware build --build-base /home/rileydunn/lunar_rover_ws/build/lunar_robot_hardware/build install --record /home/rileydunn/lunar_rover_ws/build/lunar_robot_hardware/install.log --single-version-externally-managed install_data
