[0.248s] Invoking command in '/home/moonpie/lunar_rover_ws/build/lunar_robot_description': CMAKE_PREFIX_PATH=${CMAKE_PREFIX_PATH}:/home/moonpie/lunar_rover_ws/install/lunar_robot_hardware:/home/moonpie/lunar_rover_ws/install/lunar_robot_autonomous:/opt/ros/jazzy DEBUGINFOD_URLS=https://debuginfod.ubuntu.com /usr/bin/cmake --build /home/moonpie/lunar_rover_ws/build/lunar_robot_description -- -j8 -l8
[0.524s] Invoked command in '/home/moonpie/lunar_rover_ws/build/lunar_robot_description' returned '0': CMAKE_PREFIX_PATH=${CMAKE_PREFIX_PATH}:/home/moonpie/lunar_rover_ws/install/lunar_robot_hardware:/home/moonpie/lunar_rover_ws/install/lunar_robot_autonomous:/opt/ros/jazzy DEBUGINFOD_URLS=https://debuginfod.ubuntu.com /usr/bin/cmake --build /home/moonpie/lunar_rover_ws/build/lunar_robot_description -- -j8 -l8
[0.535s] Invoking command in '/home/moonpie/lunar_rover_ws/build/lunar_robot_description': CMAKE_PREFIX_PATH=${CMAKE_PREFIX_PATH}:/home/moonpie/lunar_rover_ws/install/lunar_robot_hardware:/home/moonpie/lunar_rover_ws/install/lunar_robot_autonomous:/opt/ros/jazzy DEBUGINFOD_URLS=https://debuginfod.ubuntu.com /usr/bin/cmake --install /home/moonpie/lunar_rover_ws/build/lunar_robot_description
[0.545s] -- Install configuration: ""
[0.545s] -- Execute custom install script
[0.545s] -- Up-to-date symlink: /home/moonpie/lunar_rover_ws/install/lunar_robot_description/share/lunar_robot_description/urdf/minimal_robot.urdf
[0.546s] -- Up-to-date symlink: /home/moonpie/lunar_rover_ws/install/lunar_robot_description/share/lunar_robot_description/config/complete_navigation.rviz
[0.546s] -- Up-to-date symlink: /home/moonpie/lunar_rover_ws/install/lunar_robot_description/share/lunar_robot_description/config/real_hardware_navigation.rviz
[0.546s] -- Up-to-date symlink: /home/moonpie/lunar_rover_ws/install/lunar_robot_description/share/ament_index/resource_index/package_run_dependencies/lunar_robot_description
[0.547s] -- Up-to-date symlink: /home/moonpie/lunar_rover_ws/install/lunar_robot_description/share/ament_index/resource_index/parent_prefix_path/lunar_robot_description
[0.547s] -- Up-to-date symlink: /home/moonpie/lunar_rover_ws/install/lunar_robot_description/share/lunar_robot_description/environment/ament_prefix_path.sh
[0.547s] -- Up-to-date symlink: /home/moonpie/lunar_rover_ws/install/lunar_robot_description/share/lunar_robot_description/environment/ament_prefix_path.dsv
[0.547s] -- Up-to-date symlink: /home/moonpie/lunar_rover_ws/install/lunar_robot_description/share/lunar_robot_description/environment/path.sh
[0.548s] -- Up-to-date symlink: /home/moonpie/lunar_rover_ws/install/lunar_robot_description/share/lunar_robot_description/environment/path.dsv
[0.548s] -- Up-to-date symlink: /home/moonpie/lunar_rover_ws/install/lunar_robot_description/share/lunar_robot_description/local_setup.bash
[0.548s] -- Up-to-date symlink: /home/moonpie/lunar_rover_ws/install/lunar_robot_description/share/lunar_robot_description/local_setup.sh
[0.549s] -- Up-to-date symlink: /home/moonpie/lunar_rover_ws/install/lunar_robot_description/share/lunar_robot_description/local_setup.zsh
[0.549s] -- Up-to-date symlink: /home/moonpie/lunar_rover_ws/install/lunar_robot_description/share/lunar_robot_description/local_setup.dsv
[0.549s] -- Symlinking: /home/moonpie/lunar_rover_ws/install/lunar_robot_description/share/lunar_robot_description/package.dsv
[0.561s] -- Up-to-date symlink: /home/moonpie/lunar_rover_ws/install/lunar_robot_description/share/ament_index/resource_index/packages/lunar_robot_description
[0.562s] -- Up-to-date symlink: /home/moonpie/lunar_rover_ws/install/lunar_robot_description/share/lunar_robot_description/cmake/lunar_robot_descriptionConfig.cmake
[0.562s] -- Up-to-date symlink: /home/moonpie/lunar_rover_ws/install/lunar_robot_description/share/lunar_robot_description/cmake/lunar_robot_descriptionConfig-version.cmake
[0.562s] -- Up-to-date symlink: /home/moonpie/lunar_rover_ws/install/lunar_robot_description/share/lunar_robot_description/package.xml
[0.564s] Invoked command in '/home/moonpie/lunar_rover_ws/build/lunar_robot_description' returned '0': CMAKE_PREFIX_PATH=${CMAKE_PREFIX_PATH}:/home/moonpie/lunar_rover_ws/install/lunar_robot_hardware:/home/moonpie/lunar_rover_ws/install/lunar_robot_autonomous:/opt/ros/jazzy DEBUGINFOD_URLS=https://debuginfod.ubuntu.com /usr/bin/cmake --install /home/moonpie/lunar_rover_ws/build/lunar_robot_description
