[0.288s] Invoking command in '/home/rileydunn/lunar_rover_ws/build/lunar_robot_description': CMAKE_PREFIX_PATH=${CMAKE_PREFIX_PATH}:/opt/ros/jazzy DEBUGINFOD_URLS=https://debuginfod.ubuntu.com /usr/bin/cmake --build /home/rileydunn/lunar_rover_ws/build/lunar_robot_description -- -j16 -l16
[0.557s] Invoked command in '/home/rileydunn/lunar_rover_ws/build/lunar_robot_description' returned '0': CMAKE_PREFIX_PATH=${CMAKE_PREFIX_PATH}:/opt/ros/jazzy DEBUGINFOD_URLS=https://debuginfod.ubuntu.com /usr/bin/cmake --build /home/rileydunn/lunar_rover_ws/build/lunar_robot_description -- -j16 -l16
[0.571s] Invoking command in '/home/rileydunn/lunar_rover_ws/build/lunar_robot_description': CMAKE_PREFIX_PATH=${CMAKE_PREFIX_PATH}:/opt/ros/jazzy DEBUGINFOD_URLS=https://debuginfod.ubuntu.com /usr/bin/cmake --install /home/rileydunn/lunar_rover_ws/build/lunar_robot_description
[0.585s] -- Install configuration: ""
[0.585s] -- Up-to-date: /home/rileydunn/lunar_rover_ws/install/lunar_robot_description/share/lunar_robot_description/urdf
[0.585s] -- Up-to-date: /home/rileydunn/lunar_rover_ws/install/lunar_robot_description/share/lunar_robot_description/urdf/sensors
[0.585s] -- Up-to-date: /home/rileydunn/lunar_rover_ws/install/lunar_robot_description/share/lunar_robot_description/urdf/minimal_robot.urdf
[0.585s] -- Up-to-date: /home/rileydunn/lunar_rover_ws/install/lunar_robot_description/share/lunar_robot_description/config
[0.585s] -- Up-to-date: /home/rileydunn/lunar_rover_ws/install/lunar_robot_description/share/lunar_robot_description/config/complete_navigation.rviz
[0.585s] -- Up-to-date: /home/rileydunn/lunar_rover_ws/install/lunar_robot_description/share/lunar_robot_description/config/real_hardware_navigation.rviz
[0.585s] -- Up-to-date: /home/rileydunn/lunar_rover_ws/install/lunar_robot_description/share/ament_index/resource_index/package_run_dependencies/lunar_robot_description
[0.585s] -- Up-to-date: /home/rileydunn/lunar_rover_ws/install/lunar_robot_description/share/ament_index/resource_index/parent_prefix_path/lunar_robot_description
[0.585s] -- Up-to-date: /home/rileydunn/lunar_rover_ws/install/lunar_robot_description/share/lunar_robot_description/environment/ament_prefix_path.sh
[0.586s] -- Up-to-date: /home/rileydunn/lunar_rover_ws/install/lunar_robot_description/share/lunar_robot_description/environment/ament_prefix_path.dsv
[0.586s] -- Up-to-date: /home/rileydunn/lunar_rover_ws/install/lunar_robot_description/share/lunar_robot_description/environment/path.sh
[0.586s] -- Up-to-date: /home/rileydunn/lunar_rover_ws/install/lunar_robot_description/share/lunar_robot_description/environment/path.dsv
[0.586s] -- Up-to-date: /home/rileydunn/lunar_rover_ws/install/lunar_robot_description/share/lunar_robot_description/local_setup.bash
[0.586s] -- Up-to-date: /home/rileydunn/lunar_rover_ws/install/lunar_robot_description/share/lunar_robot_description/local_setup.sh
[0.586s] -- Up-to-date: /home/rileydunn/lunar_rover_ws/install/lunar_robot_description/share/lunar_robot_description/local_setup.zsh
[0.586s] -- Up-to-date: /home/rileydunn/lunar_rover_ws/install/lunar_robot_description/share/lunar_robot_description/local_setup.dsv
[0.586s] -- Up-to-date: /home/rileydunn/lunar_rover_ws/install/lunar_robot_description/share/lunar_robot_description/package.dsv
[0.586s] -- Up-to-date: /home/rileydunn/lunar_rover_ws/install/lunar_robot_description/share/ament_index/resource_index/packages/lunar_robot_description
[0.586s] -- Up-to-date: /home/rileydunn/lunar_rover_ws/install/lunar_robot_description/share/lunar_robot_description/cmake/lunar_robot_descriptionConfig.cmake
[0.586s] -- Up-to-date: /home/rileydunn/lunar_rover_ws/install/lunar_robot_description/share/lunar_robot_description/cmake/lunar_robot_descriptionConfig-version.cmake
[0.586s] -- Up-to-date: /home/rileydunn/lunar_rover_ws/install/lunar_robot_description/share/lunar_robot_description/package.xml
[0.588s] Invoked command in '/home/rileydunn/lunar_rover_ws/build/lunar_robot_description' returned '0': CMAKE_PREFIX_PATH=${CMAKE_PREFIX_PATH}:/opt/ros/jazzy DEBUGINFOD_URLS=https://debuginfod.ubuntu.com /usr/bin/cmake --install /home/rileydunn/lunar_rover_ws/build/lunar_robot_description
