running egg_info
creating ../../build/lunar_robot_hardware/lunar_robot_hardware.egg-info
writing ../../build/lunar_robot_hardware/lunar_robot_hardware.egg-info/PKG-INFO
writing dependency_links to ../../build/lunar_robot_hardware/lunar_robot_hardware.egg-info/dependency_links.txt
writing entry points to ../../build/lunar_robot_hardware/lunar_robot_hardware.egg-info/entry_points.txt
writing requirements to ../../build/lunar_robot_hardware/lunar_robot_hardware.egg-info/requires.txt
writing top-level names to ../../build/lunar_robot_hardware/lunar_robot_hardware.egg-info/top_level.txt
writing manifest file '../../build/lunar_robot_hardware/lunar_robot_hardware.egg-info/SOURCES.txt'
reading manifest file '../../build/lunar_robot_hardware/lunar_robot_hardware.egg-info/SOURCES.txt'
writing manifest file '../../build/lunar_robot_hardware/lunar_robot_hardware.egg-info/SOURCES.txt'
running build
running build_py
creating /home/rileydunn/lunar_rover_ws/build/lunar_robot_hardware/build
creating /home/rileydunn/lunar_rover_ws/build/lunar_robot_hardware/build/lib
creating /home/rileydunn/lunar_rover_ws/build/lunar_robot_hardware/build/lib/lunar_robot_hardware
copying lunar_robot_hardware/ __init__.py -> /home/rileydunn/lunar_rover_ws/build/lunar_robot_hardware/build/lib/lunar_robot_hardware
copying lunar_robot_hardware/motor_controller.py -> /home/rileydunn/lunar_rover_ws/build/lunar_robot_hardware/build/lib/lunar_robot_hardware
copying lunar_robot_hardware/motor_interface.py -> /home/rileydunn/lunar_rover_ws/build/lunar_robot_hardware/build/lib/lunar_robot_hardware
running install
running install_lib
creating /home/rileydunn/lunar_rover_ws/install/lunar_robot_hardware/lib/python3.12/site-packages/lunar_robot_hardware
copying /home/rileydunn/lunar_rover_ws/build/lunar_robot_hardware/build/lib/lunar_robot_hardware/ __init__.py -> /home/rileydunn/lunar_rover_ws/install/lunar_robot_hardware/lib/python3.12/site-packages/lunar_robot_hardware
copying /home/rileydunn/lunar_rover_ws/build/lunar_robot_hardware/build/lib/lunar_robot_hardware/motor_controller.py -> /home/rileydunn/lunar_rover_ws/install/lunar_robot_hardware/lib/python3.12/site-packages/lunar_robot_hardware
copying /home/rileydunn/lunar_rover_ws/build/lunar_robot_hardware/build/lib/lunar_robot_hardware/motor_interface.py -> /home/rileydunn/lunar_rover_ws/install/lunar_robot_hardware/lib/python3.12/site-packages/lunar_robot_hardware
byte-compiling /home/rileydunn/lunar_rover_ws/install/lunar_robot_hardware/lib/python3.12/site-packages/lunar_robot_hardware/ __init__.py to  __init__.cpython-312.pyc
byte-compiling /home/rileydunn/lunar_rover_ws/install/lunar_robot_hardware/lib/python3.12/site-packages/lunar_robot_hardware/motor_controller.py to motor_controller.cpython-312.pyc
byte-compiling /home/rileydunn/lunar_rover_ws/install/lunar_robot_hardware/lib/python3.12/site-packages/lunar_robot_hardware/motor_interface.py to motor_interface.cpython-312.pyc
running install_data
creating /home/rileydunn/lunar_rover_ws/install/lunar_robot_hardware/share/ament_index
creating /home/rileydunn/lunar_rover_ws/install/lunar_robot_hardware/share/ament_index/resource_index
creating /home/rileydunn/lunar_rover_ws/install/lunar_robot_hardware/share/ament_index/resource_index/packages
