/home/rileydunn/lunar_rover_ws/install/lunar_robot_hardware/lib/python3.12/site-packages/lunar_robot_hardware/__init__.py
/home/rileydunn/lunar_rover_ws/install/lunar_robot_hardware/lib/python3.12/site-packages/lunar_robot_hardware/arduino_teleop_controller.py
/home/rileydunn/lunar_rover_ws/install/lunar_robot_hardware/lib/python3.12/site-packages/lunar_robot_hardware/arduino_motor_controller.py
/home/rileydunn/lunar_rover_ws/install/lunar_robot_hardware/lib/python3.12/site-packages/lunar_robot_hardware/arduino_hardware_interface.py
/home/rileydunn/lunar_rover_ws/install/lunar_robot_hardware/lib/python3.12/site-packages/lunar_robot_hardware/arduino_teleop.py
/home/rileydunn/lunar_rover_ws/install/lunar_robot_hardware/lib/python3.12/site-packages/lunar_robot_hardware/__pycache__/__init__.cpython-312.pyc
/home/rileydunn/lunar_rover_ws/install/lunar_robot_hardware/lib/python3.12/site-packages/lunar_robot_hardware/__pycache__/arduino_teleop_controller.cpython-312.pyc
/home/rileydunn/lunar_rover_ws/install/lunar_robot_hardware/lib/python3.12/site-packages/lunar_robot_hardware/__pycache__/arduino_motor_controller.cpython-312.pyc
/home/rileydunn/lunar_rover_ws/install/lunar_robot_hardware/lib/python3.12/site-packages/lunar_robot_hardware/__pycache__/arduino_hardware_interface.cpython-312.pyc
/home/rileydunn/lunar_rover_ws/install/lunar_robot_hardware/lib/python3.12/site-packages/lunar_robot_hardware/__pycache__/arduino_teleop.cpython-312.pyc
/home/rileydunn/lunar_rover_ws/install/lunar_robot_hardware/share/ament_index/resource_index/packages/lunar_robot_hardware
/home/rileydunn/lunar_rover_ws/install/lunar_robot_hardware/share/lunar_robot_hardware/package.xml
/home/rileydunn/lunar_rover_ws/install/lunar_robot_hardware/share/lunar_robot_hardware/launch/rover.launch.py
/home/rileydunn/lunar_rover_ws/install/lunar_robot_hardware/share/lunar_robot_hardware/launch/arduino_teleop_only.launch.py
/home/rileydunn/lunar_rover_ws/install/lunar_robot_hardware/share/lunar_robot_hardware/launch/slam_nav.launch.py
/home/rileydunn/lunar_rover_ws/install/lunar_robot_hardware/share/lunar_robot_hardware/launch/camera_test.launch.py
/home/rileydunn/lunar_rover_ws/install/lunar_robot_hardware/share/lunar_robot_hardware/launch/rtabmap_waypoint.launch.py
/home/rileydunn/lunar_rover_ws/install/lunar_robot_hardware/share/lunar_robot_hardware/launch/static_transforms.launch.py
/home/rileydunn/lunar_rover_ws/install/lunar_robot_hardware/share/lunar_robot_hardware/launch/robot_state_publisher.launch.py
/home/rileydunn/lunar_rover_ws/install/lunar_robot_hardware/share/lunar_robot_hardware/launch/arduino_navigation.launch.py
/home/rileydunn/lunar_rover_ws/install/lunar_robot_hardware/share/lunar_robot_hardware/launch/slam_navigation.launch.py
/home/rileydunn/lunar_rover_ws/install/lunar_robot_hardware/lib/python3.12/site-packages/lunar_robot_hardware-0.0.1-py3.12.egg-info/requires.txt
/home/rileydunn/lunar_rover_ws/install/lunar_robot_hardware/lib/python3.12/site-packages/lunar_robot_hardware-0.0.1-py3.12.egg-info/dependency_links.txt
/home/rileydunn/lunar_rover_ws/install/lunar_robot_hardware/lib/python3.12/site-packages/lunar_robot_hardware-0.0.1-py3.12.egg-info/entry_points.txt
/home/rileydunn/lunar_rover_ws/install/lunar_robot_hardware/lib/python3.12/site-packages/lunar_robot_hardware-0.0.1-py3.12.egg-info/top_level.txt
/home/rileydunn/lunar_rover_ws/install/lunar_robot_hardware/lib/python3.12/site-packages/lunar_robot_hardware-0.0.1-py3.12.egg-info/zip-safe
/home/rileydunn/lunar_rover_ws/install/lunar_robot_hardware/lib/python3.12/site-packages/lunar_robot_hardware-0.0.1-py3.12.egg-info/PKG-INFO
/home/rileydunn/lunar_rover_ws/install/lunar_robot_hardware/lib/python3.12/site-packages/lunar_robot_hardware-0.0.1-py3.12.egg-info/SOURCES.txt
/home/rileydunn/lunar_rover_ws/install/lunar_robot_hardware/lib/lunar_robot_hardware/arduino_motor_controller
/home/rileydunn/lunar_rover_ws/install/lunar_robot_hardware/lib/lunar_robot_hardware/arduino_teleop
/home/rileydunn/lunar_rover_ws/install/lunar_robot_hardware/lib/lunar_robot_hardware/controller_teleop
/home/rileydunn/lunar_rover_ws/install/lunar_robot_hardware/lib/lunar_robot_hardware/motor_controller_node
/home/rileydunn/lunar_rover_ws/install/lunar_robot_hardware/lib/lunar_robot_hardware/simple_odom_publisher
