[0.243s] Invoking command in '/home/rileydunn/lunar_rover_ws/build/lunar_robot_description': CMAKE_PREFIX_PATH=${CMAKE_PREFIX_PATH}:/home/rileydunn/lunar_rover_ws/install/lunar_robot_hardware:/home/rileydunn/lunar_rover_ws/install/lunar_robot_autonomous:/opt/ros/jazzy DEBUGINFOD_URLS=https://debuginfod.ubuntu.com /usr/bin/cmake --build /home/rileydunn/lunar_rover_ws/build/lunar_robot_description -- -j8 -l8
[0.461s] Invoked command in '/home/rileydunn/lunar_rover_ws/build/lunar_robot_description' returned '0': CMAKE_PREFIX_PATH=${CMAKE_PREFIX_PATH}:/home/rileydunn/lunar_rover_ws/install/lunar_robot_hardware:/home/rileydunn/lunar_rover_ws/install/lunar_robot_autonomous:/opt/ros/jazzy DEBUGINFOD_URLS=https://debuginfod.ubuntu.com /usr/bin/cmake --build /home/rileydunn/lunar_rover_ws/build/lunar_robot_description -- -j8 -l8
[0.471s] Invoking command in '/home/rileydunn/lunar_rover_ws/build/lunar_robot_description': CMAKE_PREFIX_PATH=${CMAKE_PREFIX_PATH}:/home/rileydunn/lunar_rover_ws/install/lunar_robot_hardware:/home/rileydunn/lunar_rover_ws/install/lunar_robot_autonomous:/opt/ros/jazzy DEBUGINFOD_URLS=https://debuginfod.ubuntu.com /usr/bin/cmake --install /home/rileydunn/lunar_rover_ws/build/lunar_robot_description
[0.480s] -- Install configuration: ""
[0.480s] -- Execute custom install script
[0.481s] -- Up-to-date symlink: /home/rileydunn/lunar_rover_ws/install/lunar_robot_description/share/lunar_robot_description/urdf/minimal_robot.urdf
[0.481s] -- Up-to-date symlink: /home/rileydunn/lunar_rover_ws/install/lunar_robot_description/share/lunar_robot_description/config/complete_navigation.rviz
[0.481s] -- Up-to-date symlink: /home/rileydunn/lunar_rover_ws/install/lunar_robot_description/share/lunar_robot_description/config/real_hardware_navigation.rviz
[0.482s] -- Up-to-date symlink: /home/rileydunn/lunar_rover_ws/install/lunar_robot_description/share/ament_index/resource_index/package_run_dependencies/lunar_robot_description
[0.482s] -- Up-to-date symlink: /home/rileydunn/lunar_rover_ws/install/lunar_robot_description/share/ament_index/resource_index/parent_prefix_path/lunar_robot_description
[0.482s] -- Up-to-date symlink: /home/rileydunn/lunar_rover_ws/install/lunar_robot_description/share/lunar_robot_description/environment/ament_prefix_path.sh
[0.482s] -- Up-to-date symlink: /home/rileydunn/lunar_rover_ws/install/lunar_robot_description/share/lunar_robot_description/environment/ament_prefix_path.dsv
[0.483s] -- Up-to-date symlink: /home/rileydunn/lunar_rover_ws/install/lunar_robot_description/share/lunar_robot_description/environment/path.sh
[0.483s] -- Up-to-date symlink: /home/rileydunn/lunar_rover_ws/install/lunar_robot_description/share/lunar_robot_description/environment/path.dsv
[0.483s] -- Up-to-date symlink: /home/rileydunn/lunar_rover_ws/install/lunar_robot_description/share/lunar_robot_description/local_setup.bash
[0.483s] -- Up-to-date symlink: /home/rileydunn/lunar_rover_ws/install/lunar_robot_description/share/lunar_robot_description/local_setup.sh
[0.484s] -- Up-to-date symlink: /home/rileydunn/lunar_rover_ws/install/lunar_robot_description/share/lunar_robot_description/local_setup.zsh
[0.484s] -- Up-to-date symlink: /home/rileydunn/lunar_rover_ws/install/lunar_robot_description/share/lunar_robot_description/local_setup.dsv
[0.484s] -- Symlinking: /home/rileydunn/lunar_rover_ws/install/lunar_robot_description/share/lunar_robot_description/package.dsv
[0.494s] -- Up-to-date symlink: /home/rileydunn/lunar_rover_ws/install/lunar_robot_description/share/ament_index/resource_index/packages/lunar_robot_description
[0.495s] -- Up-to-date symlink: /home/rileydunn/lunar_rover_ws/install/lunar_robot_description/share/lunar_robot_description/cmake/lunar_robot_descriptionConfig.cmake
[0.495s] -- Up-to-date symlink: /home/rileydunn/lunar_rover_ws/install/lunar_robot_description/share/lunar_robot_description/cmake/lunar_robot_descriptionConfig-version.cmake
[0.495s] -- Up-to-date symlink: /home/rileydunn/lunar_rover_ws/install/lunar_robot_description/share/lunar_robot_description/package.xml
[0.497s] Invoked command in '/home/rileydunn/lunar_rover_ws/build/lunar_robot_description' returned '0': CMAKE_PREFIX_PATH=${CMAKE_PREFIX_PATH}:/home/rileydunn/lunar_rover_ws/install/lunar_robot_hardware:/home/rileydunn/lunar_rover_ws/install/lunar_robot_autonomous:/opt/ros/jazzy DEBUGINFOD_URLS=https://debuginfod.ubuntu.com /usr/bin/cmake --install /home/rileydunn/lunar_rover_ws/build/lunar_robot_description
