[0.058s] DEBUG:colcon:Command line arguments: ['/usr/bin/colcon', 'build']
[0.058s] DEBUG:colcon:Parsed command line arguments: Namespace(log_base=None, log_level=None, verb_name='build', build_base='build', install_base='install', merge_install=False, symlink_install=False, test_result_base=None, continue_on_error=False, executor='parallel', parallel_workers=16, event_handlers=None, ignore_user_meta=False, metas=['./colcon.meta'], base_paths=['.'], packages_ignore=None, packages_ignore_regex=None, paths=None, packages_up_to=None, packages_up_to_regex=None, packages_above=None, packages_above_and_dependencies=None, packages_above_depth=None, packages_select_by_dep=None, packages_skip_by_dep=None, packages_skip_up_to=None, packages_select_build_failed=False, packages_skip_build_finished=False, packages_select_test_failures=False, packages_skip_test_passed=False, packages_select=None, packages_skip=None, packages_select_regex=None, packages_skip_regex=None, packages_start=None, packages_end=None, cmake_args=None, cmake_target=None, cmake_target_skip_unavailable=False, cmake_clean_cache=False, cmake_clean_first=False, cmake_force_configure=False, ament_cmake_args=None, catkin_cmake_args=None, catkin_skip_building_tests=False, verb_parser=<colcon_defaults.argument_parser.defaults.DefaultArgumentsDecorator object at 0x7fe46b907380>, verb_extension=<colcon_core.verb.build.BuildVerb object at 0x7fe46ba57860>, main=<bound method BuildVerb.main of <colcon_core.verb.build.BuildVerb object at 0x7fe46ba57860>>)
[0.079s] Level 1:colcon.colcon_core.package_discovery:discover_packages(colcon_meta) check parameters
[0.079s] Level 1:colcon.colcon_core.package_discovery:discover_packages(recursive) check parameters
[0.079s] Level 1:colcon.colcon_core.package_discovery:discover_packages(ignore) check parameters
[0.079s] Level 1:colcon.colcon_core.package_discovery:discover_packages(path) check parameters
[0.079s] Level 1:colcon.colcon_core.package_discovery:discover_packages(colcon_meta) discover
[0.079s] Level 1:colcon.colcon_core.package_discovery:discover_packages(recursive) discover
[0.079s] INFO:colcon.colcon_core.package_discovery:Crawling recursively for packages in '/home/cheese/lunar_rover_ws'
[0.079s] Level 1:colcon.colcon_core.package_identification:_identify(.) by extensions ['ignore', 'ignore_ament_install']
[0.079s] Level 1:colcon.colcon_core.package_identification:_identify(.) by extension 'ignore'
[0.079s] Level 1:colcon.colcon_core.package_identification:_identify(.) by extension 'ignore_ament_install'
[0.079s] Level 1:colcon.colcon_core.package_identification:_identify(.) by extensions ['colcon_pkg']
[0.079s] Level 1:colcon.colcon_core.package_identification:_identify(.) by extension 'colcon_pkg'
[0.080s] Level 1:colcon.colcon_core.package_identification:_identify(.) by extensions ['colcon_meta']
[0.080s] Level 1:colcon.colcon_core.package_identification:_identify(.) by extension 'colcon_meta'
[0.080s] Level 1:colcon.colcon_core.package_identification:_identify(.) by extensions ['ros']
[0.080s] Level 1:colcon.colcon_core.package_identification:_identify(.) by extension 'ros'
[0.094s] Level 1:colcon.colcon_core.package_identification:_identify(.) by extensions ['cmake', 'python']
[0.094s] Level 1:colcon.colcon_core.package_identification:_identify(.) by extension 'cmake'
[0.094s] Level 1:colcon.colcon_core.package_identification:_identify(.) by extension 'python'
[0.094s] Level 1:colcon.colcon_core.package_identification:_identify(.) by extensions ['python_setup_py']
[0.094s] Level 1:colcon.colcon_core.package_identification:_identify(.) by extension 'python_setup_py'
[0.094s] Level 1:colcon.colcon_core.package_identification:_identify(ArduinoNoROS) by extensions ['ignore', 'ignore_ament_install']
[0.094s] Level 1:colcon.colcon_core.package_identification:_identify(ArduinoNoROS) by extension 'ignore'
[0.094s] Level 1:colcon.colcon_core.package_identification:_identify(ArduinoNoROS) by extension 'ignore_ament_install'
[0.094s] Level 1:colcon.colcon_core.package_identification:_identify(ArduinoNoROS) by extensions ['colcon_pkg']
[0.094s] Level 1:colcon.colcon_core.package_identification:_identify(ArduinoNoROS) by extension 'colcon_pkg'
[0.094s] Level 1:colcon.colcon_core.package_identification:_identify(ArduinoNoROS) by extensions ['colcon_meta']
[0.094s] Level 1:colcon.colcon_core.package_identification:_identify(ArduinoNoROS) by extension 'colcon_meta'
[0.094s] Level 1:colcon.colcon_core.package_identification:_identify(ArduinoNoROS) by extensions ['ros']
[0.094s] Level 1:colcon.colcon_core.package_identification:_identify(ArduinoNoROS) by extension 'ros'
[0.094s] Level 1:colcon.colcon_core.package_identification:_identify(ArduinoNoROS) by extensions ['cmake', 'python']
[0.094s] Level 1:colcon.colcon_core.package_identification:_identify(ArduinoNoROS) by extension 'cmake'
[0.094s] Level 1:colcon.colcon_core.package_identification:_identify(ArduinoNoROS) by extension 'python'
[0.094s] Level 1:colcon.colcon_core.package_identification:_identify(ArduinoNoROS) by extensions ['python_setup_py']
[0.094s] Level 1:colcon.colcon_core.package_identification:_identify(ArduinoNoROS) by extension 'python_setup_py'
[0.094s] Level 1:colcon.colcon_core.package_identification:_identify(DiagnosticAndTesting) by extensions ['ignore', 'ignore_ament_install']
[0.094s] Level 1:colcon.colcon_core.package_identification:_identify(DiagnosticAndTesting) by extension 'ignore'
[0.094s] Level 1:colcon.colcon_core.package_identification:_identify(DiagnosticAndTesting) by extension 'ignore_ament_install'
[0.094s] Level 1:colcon.colcon_core.package_identification:_identify(DiagnosticAndTesting) by extensions ['colcon_pkg']
[0.094s] Level 1:colcon.colcon_core.package_identification:_identify(DiagnosticAndTesting) by extension 'colcon_pkg'
[0.095s] Level 1:colcon.colcon_core.package_identification:_identify(DiagnosticAndTesting) by extensions ['colcon_meta']
[0.095s] Level 1:colcon.colcon_core.package_identification:_identify(DiagnosticAndTesting) by extension 'colcon_meta'
[0.095s] Level 1:colcon.colcon_core.package_identification:_identify(DiagnosticAndTesting) by extensions ['ros']
[0.095s] Level 1:colcon.colcon_core.package_identification:_identify(DiagnosticAndTesting) by extension 'ros'
[0.095s] Level 1:colcon.colcon_core.package_identification:_identify(DiagnosticAndTesting) by extensions ['cmake', 'python']
[0.095s] Level 1:colcon.colcon_core.package_identification:_identify(DiagnosticAndTesting) by extension 'cmake'
[0.095s] Level 1:colcon.colcon_core.package_identification:_identify(DiagnosticAndTesting) by extension 'python'
[0.095s] Level 1:colcon.colcon_core.package_identification:_identify(DiagnosticAndTesting) by extensions ['python_setup_py']
[0.095s] Level 1:colcon.colcon_core.package_identification:_identify(DiagnosticAndTesting) by extension 'python_setup_py'
[0.095s] Level 1:colcon.colcon_core.package_identification:_identify(__pycache__) by extensions ['ignore', 'ignore_ament_install']
[0.095s] Level 1:colcon.colcon_core.package_identification:_identify(__pycache__) by extension 'ignore'
[0.095s] Level 1:colcon.colcon_core.package_identification:_identify(__pycache__) by extension 'ignore_ament_install'
[0.095s] Level 1:colcon.colcon_core.package_identification:_identify(__pycache__) by extensions ['colcon_pkg']
[0.095s] Level 1:colcon.colcon_core.package_identification:_identify(__pycache__) by extension 'colcon_pkg'
[0.095s] Level 1:colcon.colcon_core.package_identification:_identify(__pycache__) by extensions ['colcon_meta']
[0.095s] Level 1:colcon.colcon_core.package_identification:_identify(__pycache__) by extension 'colcon_meta'
[0.095s] Level 1:colcon.colcon_core.package_identification:_identify(__pycache__) by extensions ['ros']
[0.095s] Level 1:colcon.colcon_core.package_identification:_identify(__pycache__) by extension 'ros'
[0.095s] Level 1:colcon.colcon_core.package_identification:_identify(__pycache__) by extensions ['cmake', 'python']
[0.095s] Level 1:colcon.colcon_core.package_identification:_identify(__pycache__) by extension 'cmake'
[0.095s] Level 1:colcon.colcon_core.package_identification:_identify(__pycache__) by extension 'python'
[0.095s] Level 1:colcon.colcon_core.package_identification:_identify(__pycache__) by extensions ['python_setup_py']
[0.095s] Level 1:colcon.colcon_core.package_identification:_identify(__pycache__) by extension 'python_setup_py'
[0.095s] Level 1:colcon.colcon_core.package_identification:_identify(build) by extensions ['ignore', 'ignore_ament_install']
[0.095s] Level 1:colcon.colcon_core.package_identification:_identify(build) by extension 'ignore'
[0.095s] Level 1:colcon.colcon_core.package_identification:_identify(build) ignored
[0.095s] Level 1:colcon.colcon_core.package_identification:_identify(install) by extensions ['ignore', 'ignore_ament_install']
[0.096s] Level 1:colcon.colcon_core.package_identification:_identify(install) by extension 'ignore'
[0.096s] Level 1:colcon.colcon_core.package_identification:_identify(install) ignored
[0.096s] Level 1:colcon.colcon_core.package_identification:_identify(log) by extensions ['ignore', 'ignore_ament_install']
[0.096s] Level 1:colcon.colcon_core.package_identification:_identify(log) by extension 'ignore'
[0.096s] Level 1:colcon.colcon_core.package_identification:_identify(log) ignored
[0.096s] Level 1:colcon.colcon_core.package_identification:_identify(src) by extensions ['ignore', 'ignore_ament_install']
[0.096s] Level 1:colcon.colcon_core.package_identification:_identify(src) by extension 'ignore'
[0.096s] Level 1:colcon.colcon_core.package_identification:_identify(src) by extension 'ignore_ament_install'
[0.096s] Level 1:colcon.colcon_core.package_identification:_identify(src) by extensions ['colcon_pkg']
[0.096s] Level 1:colcon.colcon_core.package_identification:_identify(src) by extension 'colcon_pkg'
[0.096s] Level 1:colcon.colcon_core.package_identification:_identify(src) by extensions ['colcon_meta']
[0.096s] Level 1:colcon.colcon_core.package_identification:_identify(src) by extension 'colcon_meta'
[0.096s] Level 1:colcon.colcon_core.package_identification:_identify(src) by extensions ['ros']
[0.096s] Level 1:colcon.colcon_core.package_identification:_identify(src) by extension 'ros'
[0.096s] Level 1:colcon.colcon_core.package_identification:_identify(src) by extensions ['cmake', 'python']
[0.096s] Level 1:colcon.colcon_core.package_identification:_identify(src) by extension 'cmake'
[0.096s] Level 1:colcon.colcon_core.package_identification:_identify(src) by extension 'python'
[0.096s] Level 1:colcon.colcon_core.package_identification:_identify(src) by extensions ['python_setup_py']
[0.096s] Level 1:colcon.colcon_core.package_identification:_identify(src) by extension 'python_setup_py'
[0.096s] Level 1:colcon.colcon_core.package_identification:_identify(src/lunar_robot_autonomous) by extensions ['ignore', 'ignore_ament_install']
[0.096s] Level 1:colcon.colcon_core.package_identification:_identify(src/lunar_robot_autonomous) by extension 'ignore'
[0.096s] Level 1:colcon.colcon_core.package_identification:_identify(src/lunar_robot_autonomous) by extension 'ignore_ament_install'
[0.096s] Level 1:colcon.colcon_core.package_identification:_identify(src/lunar_robot_autonomous) by extensions ['colcon_pkg']
[0.096s] Level 1:colcon.colcon_core.package_identification:_identify(src/lunar_robot_autonomous) by extension 'colcon_pkg'
[0.096s] Level 1:colcon.colcon_core.package_identification:_identify(src/lunar_robot_autonomous) by extensions ['colcon_meta']
[0.096s] Level 1:colcon.colcon_core.package_identification:_identify(src/lunar_robot_autonomous) by extension 'colcon_meta'
[0.096s] Level 1:colcon.colcon_core.package_identification:_identify(src/lunar_robot_autonomous) by extensions ['ros']
[0.096s] Level 1:colcon.colcon_core.package_identification:_identify(src/lunar_robot_autonomous) by extension 'ros'
[0.098s] DEBUG:colcon.colcon_core.package_identification:Package 'src/lunar_robot_autonomous' with type 'ros.ament_python' and name 'lunar_robot_autonomous'
[0.098s] Level 1:colcon.colcon_core.package_identification:_identify(src/lunar_robot_description) by extensions ['ignore', 'ignore_ament_install']
[0.098s] Level 1:colcon.colcon_core.package_identification:_identify(src/lunar_robot_description) by extension 'ignore'
[0.098s] Level 1:colcon.colcon_core.package_identification:_identify(src/lunar_robot_description) by extension 'ignore_ament_install'
[0.098s] Level 1:colcon.colcon_core.package_identification:_identify(src/lunar_robot_description) by extensions ['colcon_pkg']
[0.098s] Level 1:colcon.colcon_core.package_identification:_identify(src/lunar_robot_description) by extension 'colcon_pkg'
[0.098s] Level 1:colcon.colcon_core.package_identification:_identify(src/lunar_robot_description) by extensions ['colcon_meta']
[0.098s] Level 1:colcon.colcon_core.package_identification:_identify(src/lunar_robot_description) by extension 'colcon_meta'
[0.098s] Level 1:colcon.colcon_core.package_identification:_identify(src/lunar_robot_description) by extensions ['ros']
[0.098s] Level 1:colcon.colcon_core.package_identification:_identify(src/lunar_robot_description) by extension 'ros'
[0.099s] DEBUG:colcon.colcon_core.package_identification:Package 'src/lunar_robot_description' with type 'ros.ament_cmake' and name 'lunar_robot_description'
[0.099s] Level 1:colcon.colcon_core.package_identification:_identify(src/lunar_robot_hardware) by extensions ['ignore', 'ignore_ament_install']
[0.099s] Level 1:colcon.colcon_core.package_identification:_identify(src/lunar_robot_hardware) by extension 'ignore'
[0.099s] Level 1:colcon.colcon_core.package_identification:_identify(src/lunar_robot_hardware) by extension 'ignore_ament_install'
[0.099s] Level 1:colcon.colcon_core.package_identification:_identify(src/lunar_robot_hardware) by extensions ['colcon_pkg']
[0.099s] Level 1:colcon.colcon_core.package_identification:_identify(src/lunar_robot_hardware) by extension 'colcon_pkg'
[0.099s] Level 1:colcon.colcon_core.package_identification:_identify(src/lunar_robot_hardware) by extensions ['colcon_meta']
[0.099s] Level 1:colcon.colcon_core.package_identification:_identify(src/lunar_robot_hardware) by extension 'colcon_meta'
[0.099s] Level 1:colcon.colcon_core.package_identification:_identify(src/lunar_robot_hardware) by extensions ['ros']
[0.099s] Level 1:colcon.colcon_core.package_identification:_identify(src/lunar_robot_hardware) by extension 'ros'
[0.100s] DEBUG:colcon.colcon_core.package_identification:Package 'src/lunar_robot_hardware' with type 'ros.ament_python' and name 'lunar_robot_hardware'
[0.100s] Level 1:colcon.colcon_core.package_discovery:discover_packages(recursive) using defaults
[0.100s] Level 1:colcon.colcon_core.package_discovery:discover_packages(ignore) discover
[0.100s] Level 1:colcon.colcon_core.package_discovery:discover_packages(ignore) using defaults
[0.100s] Level 1:colcon.colcon_core.package_discovery:discover_packages(path) discover
[0.100s] Level 1:colcon.colcon_core.package_discovery:discover_packages(path) using defaults
[0.112s] Level 5:colcon.colcon_core.verb:set package 'lunar_robot_autonomous' build argument 'cmake_args' from command line to 'None'
[0.112s] Level 5:colcon.colcon_core.verb:set package 'lunar_robot_autonomous' build argument 'cmake_target' from command line to 'None'
[0.112s] Level 5:colcon.colcon_core.verb:set package 'lunar_robot_autonomous' build argument 'cmake_target_skip_unavailable' from command line to 'False'
[0.112s] Level 5:colcon.colcon_core.verb:set package 'lunar_robot_autonomous' build argument 'cmake_clean_cache' from command line to 'False'
[0.112s] Level 5:colcon.colcon_core.verb:set package 'lunar_robot_autonomous' build argument 'cmake_clean_first' from command line to 'False'
[0.112s] Level 5:colcon.colcon_core.verb:set package 'lunar_robot_autonomous' build argument 'cmake_force_configure' from command line to 'False'
[0.112s] Level 5:colcon.colcon_core.verb:set package 'lunar_robot_autonomous' build argument 'ament_cmake_args' from command line to 'None'
[0.112s] Level 5:colcon.colcon_core.verb:set package 'lunar_robot_autonomous' build argument 'catkin_cmake_args' from command line to 'None'
[0.112s] Level 5:colcon.colcon_core.verb:set package 'lunar_robot_autonomous' build argument 'catkin_skip_building_tests' from command line to 'False'
[0.112s] DEBUG:colcon.colcon_core.verb:Building package 'lunar_robot_autonomous' with the following arguments: {'ament_cmake_args': None, 'build_base': '/home/cheese/lunar_rover_ws/build/lunar_robot_autonomous', 'catkin_cmake_args': None, 'catkin_skip_building_tests': False, 'cmake_args': None, 'cmake_clean_cache': False, 'cmake_clean_first': False, 'cmake_force_configure': False, 'cmake_target': None, 'cmake_target_skip_unavailable': False, 'install_base': '/home/cheese/lunar_rover_ws/install/lunar_robot_autonomous', 'merge_install': False, 'path': '/home/cheese/lunar_rover_ws/src/lunar_robot_autonomous', 'symlink_install': False, 'test_result_base': None}
[0.112s] Level 5:colcon.colcon_core.verb:set package 'lunar_robot_description' build argument 'cmake_args' from command line to 'None'
[0.112s] Level 5:colcon.colcon_core.verb:set package 'lunar_robot_description' build argument 'cmake_target' from command line to 'None'
[0.112s] Level 5:colcon.colcon_core.verb:set package 'lunar_robot_description' build argument 'cmake_target_skip_unavailable' from command line to 'False'
[0.112s] Level 5:colcon.colcon_core.verb:set package 'lunar_robot_description' build argument 'cmake_clean_cache' from command line to 'False'
[0.112s] Level 5:colcon.colcon_core.verb:set package 'lunar_robot_description' build argument 'cmake_clean_first' from command line to 'False'
[0.112s] Level 5:colcon.colcon_core.verb:set package 'lunar_robot_description' build argument 'cmake_force_configure' from command line to 'False'
[0.112s] Level 5:colcon.colcon_core.verb:set package 'lunar_robot_description' build argument 'ament_cmake_args' from command line to 'None'
[0.112s] Level 5:colcon.colcon_core.verb:set package 'lunar_robot_description' build argument 'catkin_cmake_args' from command line to 'None'
[0.112s] Level 5:colcon.colcon_core.verb:set package 'lunar_robot_description' build argument 'catkin_skip_building_tests' from command line to 'False'
[0.112s] DEBUG:colcon.colcon_core.verb:Building package 'lunar_robot_description' with the following arguments: {'ament_cmake_args': None, 'build_base': '/home/cheese/lunar_rover_ws/build/lunar_robot_description', 'catkin_cmake_args': None, 'catkin_skip_building_tests': False, 'cmake_args': None, 'cmake_clean_cache': False, 'cmake_clean_first': False, 'cmake_force_configure': False, 'cmake_target': None, 'cmake_target_skip_unavailable': False, 'install_base': '/home/cheese/lunar_rover_ws/install/lunar_robot_description', 'merge_install': False, 'path': '/home/cheese/lunar_rover_ws/src/lunar_robot_description', 'symlink_install': False, 'test_result_base': None}
[0.112s] Level 5:colcon.colcon_core.verb:set package 'lunar_robot_hardware' build argument 'cmake_args' from command line to 'None'
[0.112s] Level 5:colcon.colcon_core.verb:set package 'lunar_robot_hardware' build argument 'cmake_target' from command line to 'None'
[0.112s] Level 5:colcon.colcon_core.verb:set package 'lunar_robot_hardware' build argument 'cmake_target_skip_unavailable' from command line to 'False'
[0.112s] Level 5:colcon.colcon_core.verb:set package 'lunar_robot_hardware' build argument 'cmake_clean_cache' from command line to 'False'
[0.112s] Level 5:colcon.colcon_core.verb:set package 'lunar_robot_hardware' build argument 'cmake_clean_first' from command line to 'False'
[0.112s] Level 5:colcon.colcon_core.verb:set package 'lunar_robot_hardware' build argument 'cmake_force_configure' from command line to 'False'
[0.112s] Level 5:colcon.colcon_core.verb:set package 'lunar_robot_hardware' build argument 'ament_cmake_args' from command line to 'None'
[0.112s] Level 5:colcon.colcon_core.verb:set package 'lunar_robot_hardware' build argument 'catkin_cmake_args' from command line to 'None'
[0.112s] Level 5:colcon.colcon_core.verb:set package 'lunar_robot_hardware' build argument 'catkin_skip_building_tests' from command line to 'False'
[0.112s] DEBUG:colcon.colcon_core.verb:Building package 'lunar_robot_hardware' with the following arguments: {'ament_cmake_args': None, 'build_base': '/home/cheese/lunar_rover_ws/build/lunar_robot_hardware', 'catkin_cmake_args': None, 'catkin_skip_building_tests': False, 'cmake_args': None, 'cmake_clean_cache': False, 'cmake_clean_first': False, 'cmake_force_configure': False, 'cmake_target': None, 'cmake_target_skip_unavailable': False, 'install_base': '/home/cheese/lunar_rover_ws/install/lunar_robot_hardware', 'merge_install': False, 'path': '/home/cheese/lunar_rover_ws/src/lunar_robot_hardware', 'symlink_install': False, 'test_result_base': None}
[0.112s] INFO:colcon.colcon_core.executor:Executing jobs using 'parallel' executor
[0.113s] DEBUG:colcon.colcon_parallel_executor.executor.parallel:run_until_complete
[0.113s] INFO:colcon.colcon_ros.task.ament_python.build:Building ROS package in '/home/cheese/lunar_rover_ws/src/lunar_robot_autonomous' with build type 'ament_python'
[0.113s] Level 1:colcon.colcon_core.shell:create_environment_hook('lunar_robot_autonomous', 'ament_prefix_path')
[0.114s] INFO:colcon.colcon_core.plugin_system:Skipping extension 'colcon_core.shell.bat': Not used on non-Windows systems
[0.115s] INFO:colcon.colcon_core.shell:Creating environment descriptor '/home/cheese/lunar_rover_ws/install/lunar_robot_autonomous/share/lunar_robot_autonomous/hook/ament_prefix_path.dsv'
[0.115s] INFO:colcon.colcon_core.shell:Creating environment hook '/home/cheese/lunar_rover_ws/install/lunar_robot_autonomous/share/lunar_robot_autonomous/hook/ament_prefix_path.sh'
[0.115s] DEBUG:colcon.colcon_core.shell:Skip shell extension 'dsv' for command environment
[0.117s] INFO:colcon.colcon_ros.task.ament_cmake.build:Building ROS package in '/home/cheese/lunar_rover_ws/src/lunar_robot_description' with build type 'ament_cmake'
[0.117s] INFO:colcon.colcon_cmake.task.cmake.build:Building CMake package in '/home/cheese/lunar_rover_ws/src/lunar_robot_description'
[0.117s] DEBUG:colcon.colcon_core.shell:Skip shell extension 'dsv' for command environment
[0.118s] INFO:colcon.colcon_ros.task.ament_python.build:Building ROS package in '/home/cheese/lunar_rover_ws/src/lunar_robot_hardware' with build type 'ament_python'
[0.118s] Level 1:colcon.colcon_core.shell:create_environment_hook('lunar_robot_hardware', 'ament_prefix_path')
[0.118s] INFO:colcon.colcon_core.shell:Creating environment descriptor '/home/cheese/lunar_rover_ws/install/lunar_robot_hardware/share/lunar_robot_hardware/hook/ament_prefix_path.dsv'
[0.119s] INFO:colcon.colcon_core.shell:Creating environment hook '/home/cheese/lunar_rover_ws/install/lunar_robot_hardware/share/lunar_robot_hardware/hook/ament_prefix_path.sh'
[0.119s] DEBUG:colcon.colcon_core.shell:Skip shell extension 'dsv' for command environment
[0.211s] INFO:colcon.colcon_core.task.python.build:Building Python package in '/home/cheese/lunar_rover_ws/src/lunar_robot_autonomous'
[0.212s] DEBUG:colcon.colcon_core.shell:Skip shell extension 'dsv' for command environment
[0.215s] DEBUG:colcon.colcon_core.event_handler.log_command:Invoking command in '/home/cheese/lunar_rover_ws/build/lunar_robot_description': CMAKE_PREFIX_PATH=${CMAKE_PREFIX_PATH}:/home/cheese/lunar_rover_ws/install/lunar_robot_hardware:/home/cheese/lunar_rover_ws/install/lunar_robot_autonomous DEBUGINFOD_URLS=https://debuginfod.ubuntu.com /usr/bin/cmake --build /home/cheese/lunar_rover_ws/build/lunar_robot_description -- -j16 -l16
[0.307s] INFO:colcon.colcon_core.task.python.build:Building Python package in '/home/cheese/lunar_rover_ws/src/lunar_robot_hardware'
[0.307s] DEBUG:colcon.colcon_core.shell:Skip shell extension 'dsv' for command environment
[0.312s] Level 1:colcon.colcon_core.environment:create_environment_scripts_only(lunar_robot_description)
[0.312s] DEBUG:colcon.colcon_core.event_handler.log_command:Invoked command in '/home/cheese/lunar_rover_ws/build/lunar_robot_description' returned '2': CMAKE_PREFIX_PATH=${CMAKE_PREFIX_PATH}:/home/cheese/lunar_rover_ws/install/lunar_robot_hardware:/home/cheese/lunar_rover_ws/install/lunar_robot_autonomous DEBUGINFOD_URLS=https://debuginfod.ubuntu.com /usr/bin/cmake --build /home/cheese/lunar_rover_ws/build/lunar_robot_description -- -j16 -l16
[0.313s] Level 1:colcon.colcon_core.environment:checking '/home/cheese/lunar_rover_ws/install/lunar_robot_description' for CMake module files
[0.313s] Level 1:colcon.colcon_core.environment:checking '/home/cheese/lunar_rover_ws/install/lunar_robot_description' for CMake config files
[0.314s] Level 1:colcon.colcon_core.shell:create_environment_hook('lunar_robot_description', 'cmake_prefix_path')
[0.314s] INFO:colcon.colcon_core.shell:Creating environment descriptor '/home/cheese/lunar_rover_ws/install/lunar_robot_description/share/lunar_robot_description/hook/cmake_prefix_path.dsv'
[0.314s] INFO:colcon.colcon_core.shell:Creating environment hook '/home/cheese/lunar_rover_ws/install/lunar_robot_description/share/lunar_robot_description/hook/cmake_prefix_path.sh'
[0.314s] Level 1:colcon.colcon_core.environment:checking '/home/cheese/lunar_rover_ws/install/lunar_robot_description/bin'
[0.314s] Level 1:colcon.colcon_core.environment:checking '/home/cheese/lunar_rover_ws/install/lunar_robot_description/lib/pkgconfig/lunar_robot_description.pc'
[0.315s] Level 1:colcon.colcon_core.environment:checking '/home/cheese/lunar_rover_ws/install/lunar_robot_description/lib/python3.12/site-packages'
[0.315s] Level 1:colcon.colcon_core.environment:checking '/home/cheese/lunar_rover_ws/install/lunar_robot_description/bin'
[0.315s] INFO:colcon.colcon_core.shell:Creating package descriptor '/home/cheese/lunar_rover_ws/install/lunar_robot_description/share/lunar_robot_description/package.dsv'
[0.315s] INFO:colcon.colcon_core.shell:Creating package script '/home/cheese/lunar_rover_ws/install/lunar_robot_description/share/lunar_robot_description/package.sh'
[0.316s] INFO:colcon.colcon_core.shell:Creating package script '/home/cheese/lunar_rover_ws/install/lunar_robot_description/share/lunar_robot_description/package.bash'
[0.316s] INFO:colcon.colcon_core.shell:Creating package script '/home/cheese/lunar_rover_ws/install/lunar_robot_description/share/lunar_robot_description/package.zsh'
[0.316s] Level 1:colcon.colcon_core.environment:create_file_with_runtime_dependencies(/home/cheese/lunar_rover_ws/install/lunar_robot_description/share/colcon-core/packages/lunar_robot_description)
[0.572s] DEBUG:colcon.colcon_parallel_executor.executor.parallel:closing loop
[0.573s] DEBUG:colcon.colcon_parallel_executor.executor.parallel:loop closed
[0.573s] DEBUG:colcon.colcon_parallel_executor.executor.parallel:run_until_complete finished with '2'
[0.573s] DEBUG:colcon.colcon_core.event_reactor:joining thread
[0.576s] INFO:colcon.colcon_core.plugin_system:Skipping extension 'colcon_notification.desktop_notification.terminal_notifier': Not used on non-Darwin systems
[0.576s] INFO:colcon.colcon_core.plugin_system:Skipping extension 'colcon_notification.desktop_notification.win32': Not used on non-Windows systems
[0.576s] INFO:colcon.colcon_notification.desktop_notification:Sending desktop notification using 'notify2'
[0.597s] DEBUG:colcon.colcon_core.event_reactor:joined thread
[0.597s] INFO:colcon.colcon_core.shell:Creating prefix script '/home/cheese/lunar_rover_ws/install/local_setup.sh'
[0.597s] INFO:colcon.colcon_core.shell:Creating prefix util module '/home/cheese/lunar_rover_ws/install/_local_setup_util_sh.py'
[0.598s] INFO:colcon.colcon_core.shell:Creating prefix chain script '/home/cheese/lunar_rover_ws/install/setup.sh'
[0.598s] INFO:colcon.colcon_core.shell:Creating prefix script '/home/cheese/lunar_rover_ws/install/local_setup.bash'
[0.599s] INFO:colcon.colcon_core.shell:Creating prefix chain script '/home/cheese/lunar_rover_ws/install/setup.bash'
[0.599s] INFO:colcon.colcon_core.shell:Creating prefix script '/home/cheese/lunar_rover_ws/install/local_setup.zsh'
[0.599s] INFO:colcon.colcon_core.shell:Creating prefix chain script '/home/cheese/lunar_rover_ws/install/setup.zsh'
