[0.096s] Invoking command in '/home/cheese/lunar_rover_ws/build/lunar_robot_description': CMAKE_PREFIX_PATH=${CMAKE_PREFIX_PATH}:/home/cheese/lunar_rover_ws/install/lunar_robot_hardware:/home/cheese/lunar_rover_ws/install/lunar_robot_autonomous DEBUGINFOD_URLS=https://debuginfod.ubuntu.com /usr/bin/cmake --build /home/cheese/lunar_rover_ws/build/lunar_robot_description -- -j16 -l16
[0.115s] [31mCMake Error at CMakeLists.txt:9 (find_package):
[0.116s]   By not providing "Findament_cmake.cmake" in CMAKE_MODULE_PATH this project
[0.116s]   has asked CMake to find a package configuration file provided by
[0.116s]   "ament_cmake", but CMake did not find one.
[0.116s] 
[0.116s]   Could not find a package configuration file provided by "ament_cmake" with
[0.116s]   any of the following names:
[0.116s] 
[0.116s]     ament_cmakeConfig.cmake
[0.116s]     ament_cmake-config.cmake
[0.116s] 
[0.116s]   Add the installation prefix of "ament_cmake" to CMAKE_PREFIX_PATH or set
[0.116s]   "ament_cmake_DIR" to a directory containing one of the above files.  If
[0.116s]   "ament_cmake" provides a separate development package or SDK, be sure it
[0.116s]   has been installed.
[0.116s] 
[0.116s] [0m
[0.116s] -- Configuring incomplete, errors occurred!
[0.117s] gmake: *** [Makefile:226: cmake_check_build_system] Error 1
[0.194s] Invoked command in '/home/cheese/lunar_rover_ws/build/lunar_robot_description' returned '2': CMAKE_PREFIX_PATH=${CMAKE_PREFIX_PATH}:/home/cheese/lunar_rover_ws/install/lunar_robot_hardware:/home/cheese/lunar_rover_ws/install/lunar_robot_autonomous DEBUGINFOD_URLS=https://debuginfod.ubuntu.com /usr/bin/cmake --build /home/cheese/lunar_rover_ws/build/lunar_robot_description -- -j16 -l16
