[0.150s] DEBUG:colcon:Command line arguments: ['/usr/bin/colcon', 'build']
[0.150s] DEBUG:colcon:Parsed command line arguments: Namespace(log_base=None, log_level=None, verb_name='build', build_base='build', install_base='install', merge_install=False, symlink_install=False, test_result_base=None, continue_on_error=False, executor='parallel', parallel_workers=8, event_handlers=None, ignore_user_meta=False, metas=['./colcon.meta'], base_paths=['.'], packages_ignore=None, packages_ignore_regex=None, paths=None, packages_up_to=None, packages_up_to_regex=None, packages_above=None, packages_above_and_dependencies=None, packages_above_depth=None, packages_select_by_dep=None, packages_skip_by_dep=None, packages_skip_up_to=None, packages_select_build_failed=False, packages_skip_build_finished=False, packages_select_test_failures=False, packages_skip_test_passed=False, packages_select=None, packages_skip=None, packages_select_regex=None, packages_skip_regex=None, packages_start=None, packages_end=None, allow_overriding=[], cmake_args=None, cmake_target=None, cmake_target_skip_unavailable=False, cmake_clean_cache=False, cmake_clean_first=False, cmake_force_configure=False, ament_cmake_args=None, catkin_cmake_args=None, catkin_skip_building_tests=False, mixin_files=None, mixin=None, verb_parser=<colcon_mixin.mixin.mixin_argument.MixinArgumentDecorator object at 0x7326ef1d5c10>, verb_extension=<colcon_core.verb.build.BuildVerb object at 0x7326ef364e30>, main=<bound method BuildVerb.main of <colcon_core.verb.build.BuildVerb object at 0x7326ef364e30>>, mixin_verb=('build',))
[0.188s] Level 1:colcon.colcon_core.package_discovery:discover_packages(colcon_meta) check parameters
[0.188s] Level 1:colcon.colcon_core.package_discovery:discover_packages(recursive) check parameters
[0.188s] Level 1:colcon.colcon_core.package_discovery:discover_packages(ignore) check parameters
[0.188s] Level 1:colcon.colcon_core.package_discovery:discover_packages(path) check parameters
[0.188s] Level 1:colcon.colcon_core.package_discovery:discover_packages(colcon_meta) discover
[0.188s] Level 1:colcon.colcon_core.package_discovery:discover_packages(recursive) discover
[0.188s] INFO:colcon.colcon_core.package_discovery:Crawling recursively for packages in '/home/moonpie/lunar_rover_ws'
[0.188s] Level 1:colcon.colcon_core.package_identification:_identify(.) by extensions ['ignore', 'ignore_ament_install']
[0.188s] Level 1:colcon.colcon_core.package_identification:_identify(.) by extension 'ignore'
[0.188s] Level 1:colcon.colcon_core.package_identification:_identify(.) by extension 'ignore_ament_install'
[0.189s] Level 1:colcon.colcon_core.package_identification:_identify(.) by extensions ['colcon_pkg']
[0.189s] Level 1:colcon.colcon_core.package_identification:_identify(.) by extension 'colcon_pkg'
[0.189s] Level 1:colcon.colcon_core.package_identification:_identify(.) by extensions ['colcon_meta']
[0.189s] Level 1:colcon.colcon_core.package_identification:_identify(.) by extension 'colcon_meta'
[0.189s] Level 1:colcon.colcon_core.package_identification:_identify(.) by extensions ['ros']
[0.189s] Level 1:colcon.colcon_core.package_identification:_identify(.) by extension 'ros'
[0.216s] Level 1:colcon.colcon_core.package_identification:_identify(.) by extensions ['cmake', 'python']
[0.216s] Level 1:colcon.colcon_core.package_identification:_identify(.) by extension 'cmake'
[0.216s] Level 1:colcon.colcon_core.package_identification:_identify(.) by extension 'python'
[0.216s] Level 1:colcon.colcon_core.package_identification:_identify(.) by extensions ['python_setup_py']
[0.216s] Level 1:colcon.colcon_core.package_identification:_identify(.) by extension 'python_setup_py'
[0.216s] Level 1:colcon.colcon_core.package_identification:_identify(ArduinoNoROS) by extensions ['ignore', 'ignore_ament_install']
[0.216s] Level 1:colcon.colcon_core.package_identification:_identify(ArduinoNoROS) by extension 'ignore'
[0.216s] Level 1:colcon.colcon_core.package_identification:_identify(ArduinoNoROS) by extension 'ignore_ament_install'
[0.216s] Level 1:colcon.colcon_core.package_identification:_identify(ArduinoNoROS) by extensions ['colcon_pkg']
[0.216s] Level 1:colcon.colcon_core.package_identification:_identify(ArduinoNoROS) by extension 'colcon_pkg'
[0.217s] Level 1:colcon.colcon_core.package_identification:_identify(ArduinoNoROS) by extensions ['colcon_meta']
[0.217s] Level 1:colcon.colcon_core.package_identification:_identify(ArduinoNoROS) by extension 'colcon_meta'
[0.217s] Level 1:colcon.colcon_core.package_identification:_identify(ArduinoNoROS) by extensions ['ros']
[0.217s] Level 1:colcon.colcon_core.package_identification:_identify(ArduinoNoROS) by extension 'ros'
[0.217s] Level 1:colcon.colcon_core.package_identification:_identify(ArduinoNoROS) by extensions ['cmake', 'python']
[0.217s] Level 1:colcon.colcon_core.package_identification:_identify(ArduinoNoROS) by extension 'cmake'
[0.217s] Level 1:colcon.colcon_core.package_identification:_identify(ArduinoNoROS) by extension 'python'
[0.217s] Level 1:colcon.colcon_core.package_identification:_identify(ArduinoNoROS) by extensions ['python_setup_py']
[0.217s] Level 1:colcon.colcon_core.package_identification:_identify(ArduinoNoROS) by extension 'python_setup_py'
[0.217s] Level 1:colcon.colcon_core.package_identification:_identify(DiagnosticAndTesting) by extensions ['ignore', 'ignore_ament_install']
[0.217s] Level 1:colcon.colcon_core.package_identification:_identify(DiagnosticAndTesting) by extension 'ignore'
[0.217s] Level 1:colcon.colcon_core.package_identification:_identify(DiagnosticAndTesting) by extension 'ignore_ament_install'
[0.217s] Level 1:colcon.colcon_core.package_identification:_identify(DiagnosticAndTesting) by extensions ['colcon_pkg']
[0.217s] Level 1:colcon.colcon_core.package_identification:_identify(DiagnosticAndTesting) by extension 'colcon_pkg'
[0.217s] Level 1:colcon.colcon_core.package_identification:_identify(DiagnosticAndTesting) by extensions ['colcon_meta']
[0.217s] Level 1:colcon.colcon_core.package_identification:_identify(DiagnosticAndTesting) by extension 'colcon_meta'
[0.218s] Level 1:colcon.colcon_core.package_identification:_identify(DiagnosticAndTesting) by extensions ['ros']
[0.218s] Level 1:colcon.colcon_core.package_identification:_identify(DiagnosticAndTesting) by extension 'ros'
[0.218s] Level 1:colcon.colcon_core.package_identification:_identify(DiagnosticAndTesting) by extensions ['cmake', 'python']
[0.218s] Level 1:colcon.colcon_core.package_identification:_identify(DiagnosticAndTesting) by extension 'cmake'
[0.218s] Level 1:colcon.colcon_core.package_identification:_identify(DiagnosticAndTesting) by extension 'python'
[0.218s] Level 1:colcon.colcon_core.package_identification:_identify(DiagnosticAndTesting) by extensions ['python_setup_py']
[0.218s] Level 1:colcon.colcon_core.package_identification:_identify(DiagnosticAndTesting) by extension 'python_setup_py'
[0.218s] Level 1:colcon.colcon_core.package_identification:_identify(__pycache__) by extensions ['ignore', 'ignore_ament_install']
[0.218s] Level 1:colcon.colcon_core.package_identification:_identify(__pycache__) by extension 'ignore'
[0.218s] Level 1:colcon.colcon_core.package_identification:_identify(__pycache__) by extension 'ignore_ament_install'
[0.218s] Level 1:colcon.colcon_core.package_identification:_identify(__pycache__) by extensions ['colcon_pkg']
[0.218s] Level 1:colcon.colcon_core.package_identification:_identify(__pycache__) by extension 'colcon_pkg'
[0.218s] Level 1:colcon.colcon_core.package_identification:_identify(__pycache__) by extensions ['colcon_meta']
[0.218s] Level 1:colcon.colcon_core.package_identification:_identify(__pycache__) by extension 'colcon_meta'
[0.218s] Level 1:colcon.colcon_core.package_identification:_identify(__pycache__) by extensions ['ros']
[0.218s] Level 1:colcon.colcon_core.package_identification:_identify(__pycache__) by extension 'ros'
[0.219s] Level 1:colcon.colcon_core.package_identification:_identify(__pycache__) by extensions ['cmake', 'python']
[0.219s] Level 1:colcon.colcon_core.package_identification:_identify(__pycache__) by extension 'cmake'
[0.219s] Level 1:colcon.colcon_core.package_identification:_identify(__pycache__) by extension 'python'
[0.219s] Level 1:colcon.colcon_core.package_identification:_identify(__pycache__) by extensions ['python_setup_py']
[0.219s] Level 1:colcon.colcon_core.package_identification:_identify(__pycache__) by extension 'python_setup_py'
[0.219s] Level 1:colcon.colcon_core.package_identification:_identify(build) by extensions ['ignore', 'ignore_ament_install']
[0.219s] Level 1:colcon.colcon_core.package_identification:_identify(build) by extension 'ignore'
[0.219s] Level 1:colcon.colcon_core.package_identification:_identify(build) ignored
[0.219s] Level 1:colcon.colcon_core.package_identification:_identify(install) by extensions ['ignore', 'ignore_ament_install']
[0.219s] Level 1:colcon.colcon_core.package_identification:_identify(install) by extension 'ignore'
[0.219s] Level 1:colcon.colcon_core.package_identification:_identify(install) ignored
[0.220s] Level 1:colcon.colcon_core.package_identification:_identify(log) by extensions ['ignore', 'ignore_ament_install']
[0.220s] Level 1:colcon.colcon_core.package_identification:_identify(log) by extension 'ignore'
[0.220s] Level 1:colcon.colcon_core.package_identification:_identify(log) ignored
[0.220s] Level 1:colcon.colcon_core.package_identification:_identify(src) by extensions ['ignore', 'ignore_ament_install']
[0.220s] Level 1:colcon.colcon_core.package_identification:_identify(src) by extension 'ignore'
[0.220s] Level 1:colcon.colcon_core.package_identification:_identify(src) by extension 'ignore_ament_install'
[0.220s] Level 1:colcon.colcon_core.package_identification:_identify(src) by extensions ['colcon_pkg']
[0.220s] Level 1:colcon.colcon_core.package_identification:_identify(src) by extension 'colcon_pkg'
[0.220s] Level 1:colcon.colcon_core.package_identification:_identify(src) by extensions ['colcon_meta']
[0.220s] Level 1:colcon.colcon_core.package_identification:_identify(src) by extension 'colcon_meta'
[0.220s] Level 1:colcon.colcon_core.package_identification:_identify(src) by extensions ['ros']
[0.220s] Level 1:colcon.colcon_core.package_identification:_identify(src) by extension 'ros'
[0.220s] Level 1:colcon.colcon_core.package_identification:_identify(src) by extensions ['cmake', 'python']
[0.220s] Level 1:colcon.colcon_core.package_identification:_identify(src) by extension 'cmake'
[0.220s] Level 1:colcon.colcon_core.package_identification:_identify(src) by extension 'python'
[0.221s] Level 1:colcon.colcon_core.package_identification:_identify(src) by extensions ['python_setup_py']
[0.221s] Level 1:colcon.colcon_core.package_identification:_identify(src) by extension 'python_setup_py'
[0.221s] Level 1:colcon.colcon_core.package_identification:_identify(src/lunar_robot_autonomous) by extensions ['ignore', 'ignore_ament_install']
[0.221s] Level 1:colcon.colcon_core.package_identification:_identify(src/lunar_robot_autonomous) by extension 'ignore'
[0.221s] Level 1:colcon.colcon_core.package_identification:_identify(src/lunar_robot_autonomous) by extension 'ignore_ament_install'
[0.221s] Level 1:colcon.colcon_core.package_identification:_identify(src/lunar_robot_autonomous) by extensions ['colcon_pkg']
[0.221s] Level 1:colcon.colcon_core.package_identification:_identify(src/lunar_robot_autonomous) by extension 'colcon_pkg'
[0.221s] Level 1:colcon.colcon_core.package_identification:_identify(src/lunar_robot_autonomous) by extensions ['colcon_meta']
[0.221s] Level 1:colcon.colcon_core.package_identification:_identify(src/lunar_robot_autonomous) by extension 'colcon_meta'
[0.221s] Level 1:colcon.colcon_core.package_identification:_identify(src/lunar_robot_autonomous) by extensions ['ros']
[0.221s] Level 1:colcon.colcon_core.package_identification:_identify(src/lunar_robot_autonomous) by extension 'ros'
[0.225s] DEBUG:colcon.colcon_core.package_identification:Package 'src/lunar_robot_autonomous' with type 'ros.ament_python' and name 'lunar_robot_autonomous'
[0.225s] Level 1:colcon.colcon_core.package_identification:_identify(src/lunar_robot_description) by extensions ['ignore', 'ignore_ament_install']
[0.226s] Level 1:colcon.colcon_core.package_identification:_identify(src/lunar_robot_description) by extension 'ignore'
[0.226s] Level 1:colcon.colcon_core.package_identification:_identify(src/lunar_robot_description) by extension 'ignore_ament_install'
[0.226s] Level 1:colcon.colcon_core.package_identification:_identify(src/lunar_robot_description) by extensions ['colcon_pkg']
[0.226s] Level 1:colcon.colcon_core.package_identification:_identify(src/lunar_robot_description) by extension 'colcon_pkg'
[0.226s] Level 1:colcon.colcon_core.package_identification:_identify(src/lunar_robot_description) by extensions ['colcon_meta']
[0.226s] Level 1:colcon.colcon_core.package_identification:_identify(src/lunar_robot_description) by extension 'colcon_meta'
[0.226s] Level 1:colcon.colcon_core.package_identification:_identify(src/lunar_robot_description) by extensions ['ros']
[0.226s] Level 1:colcon.colcon_core.package_identification:_identify(src/lunar_robot_description) by extension 'ros'
[0.227s] DEBUG:colcon.colcon_core.package_identification:Package 'src/lunar_robot_description' with type 'ros.ament_cmake' and name 'lunar_robot_description'
[0.227s] Level 1:colcon.colcon_core.package_identification:_identify(src/lunar_robot_hardware) by extensions ['ignore', 'ignore_ament_install']
[0.227s] Level 1:colcon.colcon_core.package_identification:_identify(src/lunar_robot_hardware) by extension 'ignore'
[0.227s] Level 1:colcon.colcon_core.package_identification:_identify(src/lunar_robot_hardware) by extension 'ignore_ament_install'
[0.227s] Level 1:colcon.colcon_core.package_identification:_identify(src/lunar_robot_hardware) by extensions ['colcon_pkg']
[0.227s] Level 1:colcon.colcon_core.package_identification:_identify(src/lunar_robot_hardware) by extension 'colcon_pkg'
[0.227s] Level 1:colcon.colcon_core.package_identification:_identify(src/lunar_robot_hardware) by extensions ['colcon_meta']
[0.228s] Level 1:colcon.colcon_core.package_identification:_identify(src/lunar_robot_hardware) by extension 'colcon_meta'
[0.228s] Level 1:colcon.colcon_core.package_identification:_identify(src/lunar_robot_hardware) by extensions ['ros']
[0.228s] Level 1:colcon.colcon_core.package_identification:_identify(src/lunar_robot_hardware) by extension 'ros'
[0.228s] DEBUG:colcon.colcon_core.package_identification:Package 'src/lunar_robot_hardware' with type 'ros.ament_python' and name 'lunar_robot_hardware'
[0.228s] Level 1:colcon.colcon_core.package_discovery:discover_packages(recursive) using defaults
[0.228s] Level 1:colcon.colcon_core.package_discovery:discover_packages(ignore) discover
[0.228s] Level 1:colcon.colcon_core.package_discovery:discover_packages(ignore) using defaults
[0.228s] Level 1:colcon.colcon_core.package_discovery:discover_packages(path) discover
[0.229s] Level 1:colcon.colcon_core.package_discovery:discover_packages(path) using defaults
[0.246s] Level 1:colcon.colcon_core.package_discovery:discover_packages(prefix_path) check parameters
[0.246s] Level 1:colcon.colcon_core.package_discovery:discover_packages(prefix_path) discover
[0.249s] DEBUG:colcon.colcon_installed_package_information.package_discovery:Found 3 installed packages in /home/moonpie/lunar_rover_ws/install
[0.251s] DEBUG:colcon.colcon_installed_package_information.package_discovery:Found 416 installed packages in /opt/ros/jazzy
[0.251s] Level 1:colcon.colcon_core.package_discovery:discover_packages(prefix_path) using defaults
[0.306s] Level 5:colcon.colcon_core.verb:set package 'lunar_robot_autonomous' build argument 'cmake_args' from command line to 'None'
[0.306s] Level 5:colcon.colcon_core.verb:set package 'lunar_robot_autonomous' build argument 'cmake_target' from command line to 'None'
[0.306s] Level 5:colcon.colcon_core.verb:set package 'lunar_robot_autonomous' build argument 'cmake_target_skip_unavailable' from command line to 'False'
[0.306s] Level 5:colcon.colcon_core.verb:set package 'lunar_robot_autonomous' build argument 'cmake_clean_cache' from command line to 'False'
[0.306s] Level 5:colcon.colcon_core.verb:set package 'lunar_robot_autonomous' build argument 'cmake_clean_first' from command line to 'False'
[0.306s] Level 5:colcon.colcon_core.verb:set package 'lunar_robot_autonomous' build argument 'cmake_force_configure' from command line to 'False'
[0.306s] Level 5:colcon.colcon_core.verb:set package 'lunar_robot_autonomous' build argument 'ament_cmake_args' from command line to 'None'
[0.306s] Level 5:colcon.colcon_core.verb:set package 'lunar_robot_autonomous' build argument 'catkin_cmake_args' from command line to 'None'
[0.306s] Level 5:colcon.colcon_core.verb:set package 'lunar_robot_autonomous' build argument 'catkin_skip_building_tests' from command line to 'False'
[0.306s] DEBUG:colcon.colcon_core.verb:Building package 'lunar_robot_autonomous' with the following arguments: {'ament_cmake_args': None, 'build_base': '/home/moonpie/lunar_rover_ws/build/lunar_robot_autonomous', 'catkin_cmake_args': None, 'catkin_skip_building_tests': False, 'cmake_args': None, 'cmake_clean_cache': False, 'cmake_clean_first': False, 'cmake_force_configure': False, 'cmake_target': None, 'cmake_target_skip_unavailable': False, 'install_base': '/home/moonpie/lunar_rover_ws/install/lunar_robot_autonomous', 'merge_install': False, 'path': '/home/moonpie/lunar_rover_ws/src/lunar_robot_autonomous', 'symlink_install': False, 'test_result_base': None}
[0.306s] Level 5:colcon.colcon_core.verb:set package 'lunar_robot_description' build argument 'cmake_args' from command line to 'None'
[0.306s] Level 5:colcon.colcon_core.verb:set package 'lunar_robot_description' build argument 'cmake_target' from command line to 'None'
[0.306s] Level 5:colcon.colcon_core.verb:set package 'lunar_robot_description' build argument 'cmake_target_skip_unavailable' from command line to 'False'
[0.306s] Level 5:colcon.colcon_core.verb:set package 'lunar_robot_description' build argument 'cmake_clean_cache' from command line to 'False'
[0.306s] Level 5:colcon.colcon_core.verb:set package 'lunar_robot_description' build argument 'cmake_clean_first' from command line to 'False'
[0.306s] Level 5:colcon.colcon_core.verb:set package 'lunar_robot_description' build argument 'cmake_force_configure' from command line to 'False'
[0.306s] Level 5:colcon.colcon_core.verb:set package 'lunar_robot_description' build argument 'ament_cmake_args' from command line to 'None'
[0.306s] Level 5:colcon.colcon_core.verb:set package 'lunar_robot_description' build argument 'catkin_cmake_args' from command line to 'None'
[0.307s] Level 5:colcon.colcon_core.verb:set package 'lunar_robot_description' build argument 'catkin_skip_building_tests' from command line to 'False'
[0.307s] DEBUG:colcon.colcon_core.verb:Building package 'lunar_robot_description' with the following arguments: {'ament_cmake_args': None, 'build_base': '/home/moonpie/lunar_rover_ws/build/lunar_robot_description', 'catkin_cmake_args': None, 'catkin_skip_building_tests': False, 'cmake_args': None, 'cmake_clean_cache': False, 'cmake_clean_first': False, 'cmake_force_configure': False, 'cmake_target': None, 'cmake_target_skip_unavailable': False, 'install_base': '/home/moonpie/lunar_rover_ws/install/lunar_robot_description', 'merge_install': False, 'path': '/home/moonpie/lunar_rover_ws/src/lunar_robot_description', 'symlink_install': False, 'test_result_base': None}
[0.307s] Level 5:colcon.colcon_core.verb:set package 'lunar_robot_hardware' build argument 'cmake_args' from command line to 'None'
[0.307s] Level 5:colcon.colcon_core.verb:set package 'lunar_robot_hardware' build argument 'cmake_target' from command line to 'None'
[0.307s] Level 5:colcon.colcon_core.verb:set package 'lunar_robot_hardware' build argument 'cmake_target_skip_unavailable' from command line to 'False'
[0.307s] Level 5:colcon.colcon_core.verb:set package 'lunar_robot_hardware' build argument 'cmake_clean_cache' from command line to 'False'
[0.307s] Level 5:colcon.colcon_core.verb:set package 'lunar_robot_hardware' build argument 'cmake_clean_first' from command line to 'False'
[0.307s] Level 5:colcon.colcon_core.verb:set package 'lunar_robot_hardware' build argument 'cmake_force_configure' from command line to 'False'
[0.307s] Level 5:colcon.colcon_core.verb:set package 'lunar_robot_hardware' build argument 'ament_cmake_args' from command line to 'None'
[0.307s] Level 5:colcon.colcon_core.verb:set package 'lunar_robot_hardware' build argument 'catkin_cmake_args' from command line to 'None'
[0.307s] Level 5:colcon.colcon_core.verb:set package 'lunar_robot_hardware' build argument 'catkin_skip_building_tests' from command line to 'False'
[0.307s] DEBUG:colcon.colcon_core.verb:Building package 'lunar_robot_hardware' with the following arguments: {'ament_cmake_args': None, 'build_base': '/home/moonpie/lunar_rover_ws/build/lunar_robot_hardware', 'catkin_cmake_args': None, 'catkin_skip_building_tests': False, 'cmake_args': None, 'cmake_clean_cache': False, 'cmake_clean_first': False, 'cmake_force_configure': False, 'cmake_target': None, 'cmake_target_skip_unavailable': False, 'install_base': '/home/moonpie/lunar_rover_ws/install/lunar_robot_hardware', 'merge_install': False, 'path': '/home/moonpie/lunar_rover_ws/src/lunar_robot_hardware', 'symlink_install': False, 'test_result_base': None}
[0.307s] INFO:colcon.colcon_core.executor:Executing jobs using 'parallel' executor
[0.308s] DEBUG:colcon.colcon_parallel_executor.executor.parallel:run_until_complete
[0.308s] INFO:colcon.colcon_ros.task.ament_python.build:Building ROS package in '/home/moonpie/lunar_rover_ws/src/lunar_robot_autonomous' with build type 'ament_python'
[0.308s] Level 1:colcon.colcon_core.shell:create_environment_hook('lunar_robot_autonomous', 'ament_prefix_path')
[0.311s] INFO:colcon.colcon_core.plugin_system:Skipping extension 'colcon_core.shell.bat': Not used on non-Windows systems
[0.312s] INFO:colcon.colcon_core.shell:Creating environment hook '/home/moonpie/lunar_rover_ws/install/lunar_robot_autonomous/share/lunar_robot_autonomous/hook/ament_prefix_path.ps1'
[0.312s] INFO:colcon.colcon_core.shell:Creating environment descriptor '/home/moonpie/lunar_rover_ws/install/lunar_robot_autonomous/share/lunar_robot_autonomous/hook/ament_prefix_path.dsv'
[0.313s] INFO:colcon.colcon_core.shell:Creating environment hook '/home/moonpie/lunar_rover_ws/install/lunar_robot_autonomous/share/lunar_robot_autonomous/hook/ament_prefix_path.sh'
[0.314s] INFO:colcon.colcon_core.shell:Skip shell extension 'powershell' for command environment: Not usable outside of PowerShell
[0.314s] DEBUG:colcon.colcon_core.shell:Skip shell extension 'dsv' for command environment
[0.319s] INFO:colcon.colcon_ros.task.ament_cmake.build:Building ROS package in '/home/moonpie/lunar_rover_ws/src/lunar_robot_description' with build type 'ament_cmake'
[0.319s] INFO:colcon.colcon_cmake.task.cmake.build:Building CMake package in '/home/moonpie/lunar_rover_ws/src/lunar_robot_description'
[0.320s] INFO:colcon.colcon_core.shell:Skip shell extension 'powershell' for command environment: Not usable outside of PowerShell
[0.320s] DEBUG:colcon.colcon_core.shell:Skip shell extension 'dsv' for command environment
[0.323s] INFO:colcon.colcon_ros.task.ament_python.build:Building ROS package in '/home/moonpie/lunar_rover_ws/src/lunar_robot_hardware' with build type 'ament_python'
[0.323s] Level 1:colcon.colcon_core.shell:create_environment_hook('lunar_robot_hardware', 'ament_prefix_path')
[0.324s] INFO:colcon.colcon_core.shell:Creating environment hook '/home/moonpie/lunar_rover_ws/install/lunar_robot_hardware/share/lunar_robot_hardware/hook/ament_prefix_path.ps1'
[0.324s] INFO:colcon.colcon_core.shell:Creating environment descriptor '/home/moonpie/lunar_rover_ws/install/lunar_robot_hardware/share/lunar_robot_hardware/hook/ament_prefix_path.dsv'
[0.324s] INFO:colcon.colcon_core.shell:Creating environment hook '/home/moonpie/lunar_rover_ws/install/lunar_robot_hardware/share/lunar_robot_hardware/hook/ament_prefix_path.sh'
[0.325s] INFO:colcon.colcon_core.shell:Skip shell extension 'powershell' for command environment: Not usable outside of PowerShell
[0.325s] DEBUG:colcon.colcon_core.shell:Skip shell extension 'dsv' for command environment
[0.557s] INFO:colcon.colcon_core.task.python.build:Building Python package in '/home/moonpie/lunar_rover_ws/src/lunar_robot_autonomous'
[0.557s] INFO:colcon.colcon_core.shell:Skip shell extension 'powershell' for command environment: Not usable outside of PowerShell
[0.557s] DEBUG:colcon.colcon_core.shell:Skip shell extension 'dsv' for command environment
[0.563s] DEBUG:colcon.colcon_core.event_handler.log_command:Invoking command in '/home/moonpie/lunar_rover_ws/build/lunar_robot_description': CMAKE_PREFIX_PATH=${CMAKE_PREFIX_PATH}:/home/moonpie/lunar_rover_ws/install/lunar_robot_hardware:/home/moonpie/lunar_rover_ws/install/lunar_robot_autonomous:/opt/ros/jazzy DEBUGINFOD_URLS=https://debuginfod.ubuntu.com /usr/bin/cmake --build /home/moonpie/lunar_rover_ws/build/lunar_robot_description -- -j8 -l8
[0.775s] INFO:colcon.colcon_core.task.python.build:Building Python package in '/home/moonpie/lunar_rover_ws/src/lunar_robot_hardware'
[0.775s] INFO:colcon.colcon_core.shell:Skip shell extension 'powershell' for command environment: Not usable outside of PowerShell
[0.775s] DEBUG:colcon.colcon_core.shell:Skip shell extension 'dsv' for command environment
[0.781s] DEBUG:colcon.colcon_core.event_handler.log_command:Invoked command in '/home/moonpie/lunar_rover_ws/build/lunar_robot_description' returned '0': CMAKE_PREFIX_PATH=${CMAKE_PREFIX_PATH}:/home/moonpie/lunar_rover_ws/install/lunar_robot_hardware:/home/moonpie/lunar_rover_ws/install/lunar_robot_autonomous:/opt/ros/jazzy DEBUGINFOD_URLS=https://debuginfod.ubuntu.com /usr/bin/cmake --build /home/moonpie/lunar_rover_ws/build/lunar_robot_description -- -j8 -l8
[0.791s] DEBUG:colcon.colcon_core.event_handler.log_command:Invoking command in '/home/moonpie/lunar_rover_ws/build/lunar_robot_description': CMAKE_PREFIX_PATH=${CMAKE_PREFIX_PATH}:/home/moonpie/lunar_rover_ws/install/lunar_robot_hardware:/home/moonpie/lunar_rover_ws/install/lunar_robot_autonomous:/opt/ros/jazzy DEBUGINFOD_URLS=https://debuginfod.ubuntu.com /usr/bin/cmake --install /home/moonpie/lunar_rover_ws/build/lunar_robot_description
[0.817s] Level 1:colcon.colcon_core.environment:create_environment_scripts_only(lunar_robot_description)
[0.817s] DEBUG:colcon.colcon_core.event_handler.log_command:Invoked command in '/home/moonpie/lunar_rover_ws/build/lunar_robot_description' returned '0': CMAKE_PREFIX_PATH=${CMAKE_PREFIX_PATH}:/home/moonpie/lunar_rover_ws/install/lunar_robot_hardware:/home/moonpie/lunar_rover_ws/install/lunar_robot_autonomous:/opt/ros/jazzy DEBUGINFOD_URLS=https://debuginfod.ubuntu.com /usr/bin/cmake --install /home/moonpie/lunar_rover_ws/build/lunar_robot_description
[0.822s] Level 1:colcon.colcon_core.environment:checking '/home/moonpie/lunar_rover_ws/install/lunar_robot_description' for CMake module files
[0.823s] Level 1:colcon.colcon_core.environment:checking '/home/moonpie/lunar_rover_ws/install/lunar_robot_description' for CMake config files
[0.823s] Level 1:colcon.colcon_core.shell:create_environment_hook('lunar_robot_description', 'cmake_prefix_path')
[0.823s] INFO:colcon.colcon_core.shell:Creating environment hook '/home/moonpie/lunar_rover_ws/install/lunar_robot_description/share/lunar_robot_description/hook/cmake_prefix_path.ps1'
[0.824s] INFO:colcon.colcon_core.shell:Creating environment descriptor '/home/moonpie/lunar_rover_ws/install/lunar_robot_description/share/lunar_robot_description/hook/cmake_prefix_path.dsv'
[0.824s] INFO:colcon.colcon_core.shell:Creating environment hook '/home/moonpie/lunar_rover_ws/install/lunar_robot_description/share/lunar_robot_description/hook/cmake_prefix_path.sh'
[0.825s] Level 1:colcon.colcon_core.environment:checking '/home/moonpie/lunar_rover_ws/install/lunar_robot_description/bin'
[0.825s] Level 1:colcon.colcon_core.environment:checking '/home/moonpie/lunar_rover_ws/install/lunar_robot_description/lib/pkgconfig/lunar_robot_description.pc'
[0.825s] Level 1:colcon.colcon_core.environment:checking '/home/moonpie/lunar_rover_ws/install/lunar_robot_description/lib/python3.12/site-packages'
[0.826s] Level 1:colcon.colcon_core.environment:checking '/home/moonpie/lunar_rover_ws/install/lunar_robot_description/bin'
[0.826s] INFO:colcon.colcon_core.shell:Creating package script '/home/moonpie/lunar_rover_ws/install/lunar_robot_description/share/lunar_robot_description/package.ps1'
[0.826s] INFO:colcon.colcon_core.shell:Creating package descriptor '/home/moonpie/lunar_rover_ws/install/lunar_robot_description/share/lunar_robot_description/package.dsv'
[0.827s] INFO:colcon.colcon_core.shell:Creating package script '/home/moonpie/lunar_rover_ws/install/lunar_robot_description/share/lunar_robot_description/package.sh'
[0.827s] INFO:colcon.colcon_core.shell:Creating package script '/home/moonpie/lunar_rover_ws/install/lunar_robot_description/share/lunar_robot_description/package.bash'
[0.828s] INFO:colcon.colcon_core.shell:Creating package script '/home/moonpie/lunar_rover_ws/install/lunar_robot_description/share/lunar_robot_description/package.zsh'
[0.828s] Level 1:colcon.colcon_core.environment:create_file_with_runtime_dependencies(/home/moonpie/lunar_rover_ws/install/lunar_robot_description/share/colcon-core/packages/lunar_robot_description)
[0.829s] Level 1:colcon.colcon_core.environment:create_environment_scripts_only(lunar_robot_description)
[0.829s] Level 1:colcon.colcon_core.environment:checking '/home/moonpie/lunar_rover_ws/install/lunar_robot_description' for CMake module files
[0.830s] Level 1:colcon.colcon_core.environment:checking '/home/moonpie/lunar_rover_ws/install/lunar_robot_description' for CMake config files
[0.830s] Level 1:colcon.colcon_core.shell:create_environment_hook('lunar_robot_description', 'cmake_prefix_path')
[0.830s] INFO:colcon.colcon_core.shell:Creating environment hook '/home/moonpie/lunar_rover_ws/install/lunar_robot_description/share/lunar_robot_description/hook/cmake_prefix_path.ps1'
[0.830s] INFO:colcon.colcon_core.shell:Creating environment descriptor '/home/moonpie/lunar_rover_ws/install/lunar_robot_description/share/lunar_robot_description/hook/cmake_prefix_path.dsv'
[0.831s] INFO:colcon.colcon_core.shell:Creating environment hook '/home/moonpie/lunar_rover_ws/install/lunar_robot_description/share/lunar_robot_description/hook/cmake_prefix_path.sh'
[0.831s] Level 1:colcon.colcon_core.environment:checking '/home/moonpie/lunar_rover_ws/install/lunar_robot_description/bin'
[0.831s] Level 1:colcon.colcon_core.environment:checking '/home/moonpie/lunar_rover_ws/install/lunar_robot_description/lib/pkgconfig/lunar_robot_description.pc'
[0.832s] Level 1:colcon.colcon_core.environment:checking '/home/moonpie/lunar_rover_ws/install/lunar_robot_description/lib/python3.12/site-packages'
[0.832s] Level 1:colcon.colcon_core.environment:checking '/home/moonpie/lunar_rover_ws/install/lunar_robot_description/bin'
[0.832s] INFO:colcon.colcon_core.shell:Creating package script '/home/moonpie/lunar_rover_ws/install/lunar_robot_description/share/lunar_robot_description/package.ps1'
[0.833s] INFO:colcon.colcon_core.shell:Creating package descriptor '/home/moonpie/lunar_rover_ws/install/lunar_robot_description/share/lunar_robot_description/package.dsv'
[0.833s] INFO:colcon.colcon_core.shell:Creating package script '/home/moonpie/lunar_rover_ws/install/lunar_robot_description/share/lunar_robot_description/package.sh'
[0.833s] INFO:colcon.colcon_core.shell:Creating package script '/home/moonpie/lunar_rover_ws/install/lunar_robot_description/share/lunar_robot_description/package.bash'
[0.834s] INFO:colcon.colcon_core.shell:Creating package script '/home/moonpie/lunar_rover_ws/install/lunar_robot_description/share/lunar_robot_description/package.zsh'
[0.834s] Level 1:colcon.colcon_core.environment:create_file_with_runtime_dependencies(/home/moonpie/lunar_rover_ws/install/lunar_robot_description/share/colcon-core/packages/lunar_robot_description)
[1.382s] DEBUG:colcon.colcon_core.event_handler.log_command:Invoking command in '/home/moonpie/lunar_rover_ws/src/lunar_robot_autonomous': DEBUGINFOD_URLS=https://debuginfod.ubuntu.com PYTHONPATH=/home/moonpie/lunar_rover_ws/build/lunar_robot_autonomous/prefix_override:/usr/lib/python3/dist-packages/colcon_core/task/python/colcon_distutils_commands:/home/moonpie/lunar_rover_ws/install/lunar_robot_autonomous/lib/python3.12/site-packages:${PYTHONPATH} /usr/bin/python3 -W ignore:setup.py install is deprecated -W ignore:easy_install command is deprecated setup.py egg_info --egg-base ../../build/lunar_robot_autonomous build --build-base /home/moonpie/lunar_rover_ws/build/lunar_robot_autonomous/build install --record /home/moonpie/lunar_rover_ws/build/lunar_robot_autonomous/install.log --single-version-externally-managed install_data
[1.402s] DEBUG:colcon.colcon_core.event_handler.log_command:Invoking command in '/home/moonpie/lunar_rover_ws/src/lunar_robot_hardware': DEBUGINFOD_URLS=https://debuginfod.ubuntu.com PYTHONPATH=/home/moonpie/lunar_rover_ws/build/lunar_robot_hardware/prefix_override:/usr/lib/python3/dist-packages/colcon_core/task/python/colcon_distutils_commands:/home/moonpie/lunar_rover_ws/install/lunar_robot_hardware/lib/python3.12/site-packages:${PYTHONPATH} /usr/bin/python3 -W ignore:setup.py install is deprecated -W ignore:easy_install command is deprecated setup.py egg_info --egg-base ../../build/lunar_robot_hardware build --build-base /home/moonpie/lunar_rover_ws/build/lunar_robot_hardware/build install --record /home/moonpie/lunar_rover_ws/build/lunar_robot_hardware/install.log --single-version-externally-managed install_data
[1.976s] Level 1:colcon.colcon_core.environment:checking '/home/moonpie/lunar_rover_ws/install/lunar_robot_autonomous' for CMake module files
[1.977s] DEBUG:colcon.colcon_core.event_handler.log_command:Invoked command in '/home/moonpie/lunar_rover_ws/src/lunar_robot_autonomous' returned '0': DEBUGINFOD_URLS=https://debuginfod.ubuntu.com PYTHONPATH=/home/moonpie/lunar_rover_ws/build/lunar_robot_autonomous/prefix_override:/usr/lib/python3/dist-packages/colcon_core/task/python/colcon_distutils_commands:/home/moonpie/lunar_rover_ws/install/lunar_robot_autonomous/lib/python3.12/site-packages:${PYTHONPATH} /usr/bin/python3 -W ignore:setup.py install is deprecated -W ignore:easy_install command is deprecated setup.py egg_info --egg-base ../../build/lunar_robot_autonomous build --build-base /home/moonpie/lunar_rover_ws/build/lunar_robot_autonomous/build install --record /home/moonpie/lunar_rover_ws/build/lunar_robot_autonomous/install.log --single-version-externally-managed install_data
[1.977s] Level 1:colcon.colcon_core.environment:checking '/home/moonpie/lunar_rover_ws/install/lunar_robot_autonomous' for CMake config files
[1.978s] Level 1:colcon.colcon_core.environment:checking '/home/moonpie/lunar_rover_ws/install/lunar_robot_autonomous/lib'
[1.978s] Level 1:colcon.colcon_core.environment:checking '/home/moonpie/lunar_rover_ws/install/lunar_robot_autonomous/bin'
[1.978s] Level 1:colcon.colcon_core.environment:checking '/home/moonpie/lunar_rover_ws/install/lunar_robot_autonomous/lib/pkgconfig/lunar_robot_autonomous.pc'
[1.978s] Level 1:colcon.colcon_core.environment:checking '/home/moonpie/lunar_rover_ws/install/lunar_robot_autonomous/lib/python3.12/site-packages'
[1.978s] Level 1:colcon.colcon_core.shell:create_environment_hook('lunar_robot_autonomous', 'pythonpath')
[1.979s] INFO:colcon.colcon_core.shell:Creating environment hook '/home/moonpie/lunar_rover_ws/install/lunar_robot_autonomous/share/lunar_robot_autonomous/hook/pythonpath.ps1'
[1.979s] INFO:colcon.colcon_core.shell:Creating environment descriptor '/home/moonpie/lunar_rover_ws/install/lunar_robot_autonomous/share/lunar_robot_autonomous/hook/pythonpath.dsv'
[1.980s] INFO:colcon.colcon_core.shell:Creating environment hook '/home/moonpie/lunar_rover_ws/install/lunar_robot_autonomous/share/lunar_robot_autonomous/hook/pythonpath.sh'
[1.981s] Level 1:colcon.colcon_core.environment:checking '/home/moonpie/lunar_rover_ws/install/lunar_robot_autonomous/bin'
[1.981s] Level 1:colcon.colcon_core.environment:create_environment_scripts_only(lunar_robot_autonomous)
[1.981s] INFO:colcon.colcon_core.shell:Creating package script '/home/moonpie/lunar_rover_ws/install/lunar_robot_autonomous/share/lunar_robot_autonomous/package.ps1'
[1.982s] INFO:colcon.colcon_core.shell:Creating package descriptor '/home/moonpie/lunar_rover_ws/install/lunar_robot_autonomous/share/lunar_robot_autonomous/package.dsv'
[1.983s] INFO:colcon.colcon_core.shell:Creating package script '/home/moonpie/lunar_rover_ws/install/lunar_robot_autonomous/share/lunar_robot_autonomous/package.sh'
[1.983s] INFO:colcon.colcon_core.shell:Creating package script '/home/moonpie/lunar_rover_ws/install/lunar_robot_autonomous/share/lunar_robot_autonomous/package.bash'
[1.983s] INFO:colcon.colcon_core.shell:Creating package script '/home/moonpie/lunar_rover_ws/install/lunar_robot_autonomous/share/lunar_robot_autonomous/package.zsh'
[1.984s] Level 1:colcon.colcon_core.environment:create_file_with_runtime_dependencies(/home/moonpie/lunar_rover_ws/install/lunar_robot_autonomous/share/colcon-core/packages/lunar_robot_autonomous)
[2.004s] Level 1:colcon.colcon_core.environment:checking '/home/moonpie/lunar_rover_ws/install/lunar_robot_hardware' for CMake module files
[2.005s] DEBUG:colcon.colcon_core.event_handler.log_command:Invoked command in '/home/moonpie/lunar_rover_ws/src/lunar_robot_hardware' returned '0': DEBUGINFOD_URLS=https://debuginfod.ubuntu.com PYTHONPATH=/home/moonpie/lunar_rover_ws/build/lunar_robot_hardware/prefix_override:/usr/lib/python3/dist-packages/colcon_core/task/python/colcon_distutils_commands:/home/moonpie/lunar_rover_ws/install/lunar_robot_hardware/lib/python3.12/site-packages:${PYTHONPATH} /usr/bin/python3 -W ignore:setup.py install is deprecated -W ignore:easy_install command is deprecated setup.py egg_info --egg-base ../../build/lunar_robot_hardware build --build-base /home/moonpie/lunar_rover_ws/build/lunar_robot_hardware/build install --record /home/moonpie/lunar_rover_ws/build/lunar_robot_hardware/install.log --single-version-externally-managed install_data
[2.005s] Level 1:colcon.colcon_core.environment:checking '/home/moonpie/lunar_rover_ws/install/lunar_robot_hardware' for CMake config files
[2.006s] Level 1:colcon.colcon_core.environment:checking '/home/moonpie/lunar_rover_ws/install/lunar_robot_hardware/lib'
[2.006s] Level 1:colcon.colcon_core.environment:checking '/home/moonpie/lunar_rover_ws/install/lunar_robot_hardware/bin'
[2.006s] Level 1:colcon.colcon_core.environment:checking '/home/moonpie/lunar_rover_ws/install/lunar_robot_hardware/lib/pkgconfig/lunar_robot_hardware.pc'
[2.006s] Level 1:colcon.colcon_core.environment:checking '/home/moonpie/lunar_rover_ws/install/lunar_robot_hardware/lib/python3.12/site-packages'
[2.006s] Level 1:colcon.colcon_core.shell:create_environment_hook('lunar_robot_hardware', 'pythonpath')
[2.007s] INFO:colcon.colcon_core.shell:Creating environment hook '/home/moonpie/lunar_rover_ws/install/lunar_robot_hardware/share/lunar_robot_hardware/hook/pythonpath.ps1'
[2.007s] INFO:colcon.colcon_core.shell:Creating environment descriptor '/home/moonpie/lunar_rover_ws/install/lunar_robot_hardware/share/lunar_robot_hardware/hook/pythonpath.dsv'
[2.007s] INFO:colcon.colcon_core.shell:Creating environment hook '/home/moonpie/lunar_rover_ws/install/lunar_robot_hardware/share/lunar_robot_hardware/hook/pythonpath.sh'
[2.008s] Level 1:colcon.colcon_core.environment:checking '/home/moonpie/lunar_rover_ws/install/lunar_robot_hardware/bin'
[2.008s] Level 1:colcon.colcon_core.environment:create_environment_scripts_only(lunar_robot_hardware)
[2.009s] INFO:colcon.colcon_core.shell:Creating package script '/home/moonpie/lunar_rover_ws/install/lunar_robot_hardware/share/lunar_robot_hardware/package.ps1'
[2.009s] INFO:colcon.colcon_core.shell:Creating package descriptor '/home/moonpie/lunar_rover_ws/install/lunar_robot_hardware/share/lunar_robot_hardware/package.dsv'
[2.009s] INFO:colcon.colcon_core.shell:Creating package script '/home/moonpie/lunar_rover_ws/install/lunar_robot_hardware/share/lunar_robot_hardware/package.sh'
[2.010s] INFO:colcon.colcon_core.shell:Creating package script '/home/moonpie/lunar_rover_ws/install/lunar_robot_hardware/share/lunar_robot_hardware/package.bash'
[2.010s] INFO:colcon.colcon_core.shell:Creating package script '/home/moonpie/lunar_rover_ws/install/lunar_robot_hardware/share/lunar_robot_hardware/package.zsh'
[2.010s] Level 1:colcon.colcon_core.environment:create_file_with_runtime_dependencies(/home/moonpie/lunar_rover_ws/install/lunar_robot_hardware/share/colcon-core/packages/lunar_robot_hardware)
[2.011s] DEBUG:colcon.colcon_parallel_executor.executor.parallel:closing loop
[2.011s] DEBUG:colcon.colcon_parallel_executor.executor.parallel:loop closed
[2.011s] DEBUG:colcon.colcon_parallel_executor.executor.parallel:run_until_complete finished with '0'
[2.011s] DEBUG:colcon.colcon_core.event_reactor:joining thread
[2.018s] INFO:colcon.colcon_core.plugin_system:Skipping extension 'colcon_notification.desktop_notification.terminal_notifier': Not used on non-Darwin systems
[2.018s] INFO:colcon.colcon_core.plugin_system:Skipping extension 'colcon_notification.desktop_notification.win32': Not used on non-Windows systems
[2.018s] INFO:colcon.colcon_notification.desktop_notification:Sending desktop notification using 'notify2'
[2.029s] DEBUG:colcon.colcon_core.event_reactor:joined thread
[2.029s] INFO:colcon.colcon_core.shell:Creating prefix script '/home/moonpie/lunar_rover_ws/install/local_setup.ps1'
[2.030s] INFO:colcon.colcon_core.shell:Creating prefix util module '/home/moonpie/lunar_rover_ws/install/_local_setup_util_ps1.py'
[2.031s] INFO:colcon.colcon_core.shell:Creating prefix chain script '/home/moonpie/lunar_rover_ws/install/setup.ps1'
[2.032s] INFO:colcon.colcon_core.shell:Creating prefix script '/home/moonpie/lunar_rover_ws/install/local_setup.sh'
[2.033s] INFO:colcon.colcon_core.shell:Creating prefix util module '/home/moonpie/lunar_rover_ws/install/_local_setup_util_sh.py'
[2.033s] INFO:colcon.colcon_core.shell:Creating prefix chain script '/home/moonpie/lunar_rover_ws/install/setup.sh'
[2.034s] INFO:colcon.colcon_core.shell:Creating prefix script '/home/moonpie/lunar_rover_ws/install/local_setup.bash'
[2.034s] INFO:colcon.colcon_core.shell:Creating prefix chain script '/home/moonpie/lunar_rover_ws/install/setup.bash'
[2.035s] INFO:colcon.colcon_core.shell:Creating prefix script '/home/moonpie/lunar_rover_ws/install/local_setup.zsh'
[2.036s] INFO:colcon.colcon_core.shell:Creating prefix chain script '/home/moonpie/lunar_rover_ws/install/setup.zsh'
