[0.631s] Invoking command in '/home/cheese/lunar_rover_ws/src/lunar_robot_autonomous': DEBUGINFOD_URLS=https://debuginfod.ubuntu.com PYTHONPATH=/home/cheese/lunar_rover_ws/build/lunar_robot_autonomous/prefix_override:/usr/lib/python3/dist-packages/colcon_core/task/python/colcon_distutils_commands:/home/cheese/lunar_rover_ws/install/lunar_robot_autonomous/lib/python3.12/site-packages:${PYTHONPATH} /usr/bin/python3 -W ignore:setup.py install is deprecated -W ignore:easy_install command is deprecated setup.py egg_info --egg-base ../../build/lunar_robot_autonomous build --build-base /home/cheese/lunar_rover_ws/build/lunar_robot_autonomous/build install --record /home/cheese/lunar_rover_ws/build/lunar_robot_autonomous/install.log --single-version-externally-managed install_data
[0.764s] running egg_info
[0.772s] writing ../../build/lunar_robot_autonomous/lunar_robot_autonomous.egg-info/PKG-INFO
[0.772s] writing dependency_links to ../../build/lunar_robot_autonomous/lunar_robot_autonomous.egg-info/dependency_links.txt
[0.772s] writing entry points to ../../build/lunar_robot_autonomous/lunar_robot_autonomous.egg-info/entry_points.txt
[0.772s] writing requirements to ../../build/lunar_robot_autonomous/lunar_robot_autonomous.egg-info/requires.txt
[0.772s] writing top-level names to ../../build/lunar_robot_autonomous/lunar_robot_autonomous.egg-info/top_level.txt
[0.789s] reading manifest file '../../build/lunar_robot_autonomous/lunar_robot_autonomous.egg-info/SOURCES.txt'
[0.789s] writing manifest file '../../build/lunar_robot_autonomous/lunar_robot_autonomous.egg-info/SOURCES.txt'
[0.789s] running build
[0.789s] running build_py
[0.789s] running install
[0.793s] running install_lib
[0.801s] running install_data
[0.801s] running install_egg_info
[0.811s] removing '/home/cheese/lunar_rover_ws/install/lunar_robot_autonomous/lib/python3.12/site-packages/lunar_robot_autonomous-1.0.0-py3.12.egg-info' (and everything under it)
[0.811s] Copying ../../build/lunar_robot_autonomous/lunar_robot_autonomous.egg-info to /home/cheese/lunar_rover_ws/install/lunar_robot_autonomous/lib/python3.12/site-packages/lunar_robot_autonomous-1.0.0-py3.12.egg-info
[0.811s] running install_scripts
[0.868s] Installing multi_waypoint_navigator script to /home/cheese/lunar_rover_ws/install/lunar_robot_autonomous/lib/lunar_robot_autonomous
[0.869s] Installing unified_navigator script to /home/cheese/lunar_rover_ws/install/lunar_robot_autonomous/lib/lunar_robot_autonomous
[0.869s] Installing waypoint_navigator script to /home/cheese/lunar_rover_ws/install/lunar_robot_autonomous/lib/lunar_robot_autonomous
[0.869s] writing list of installed files to '/home/cheese/lunar_rover_ws/build/lunar_robot_autonomous/install.log'
[0.888s] Invoked command in '/home/cheese/lunar_rover_ws/src/lunar_robot_autonomous' returned '0': DEBUGINFOD_URLS=https://debuginfod.ubuntu.com PYTHONPATH=/home/cheese/lunar_rover_ws/build/lunar_robot_autonomous/prefix_override:/usr/lib/python3/dist-packages/colcon_core/task/python/colcon_distutils_commands:/home/cheese/lunar_rover_ws/install/lunar_robot_autonomous/lib/python3.12/site-packages:${PYTHONPATH} /usr/bin/python3 -W ignore:setup.py install is deprecated -W ignore:easy_install command is deprecated setup.py egg_info --egg-base ../../build/lunar_robot_autonomous build --build-base /home/cheese/lunar_rover_ws/build/lunar_robot_autonomous/build install --record /home/cheese/lunar_rover_ws/build/lunar_robot_autonomous/install.log --single-version-externally-managed install_data
