[1.078s] Invoking command in '/home/moonpie/lunar_rover_ws/src/lunar_robot_hardware': DEBUGINFOD_URLS=https://debuginfod.ubuntu.com PYTHONPATH=/home/moonpie/lunar_rover_ws/build/lunar_robot_hardware/prefix_override:/usr/lib/python3/dist-packages/colcon_core/task/python/colcon_distutils_commands:/home/moonpie/lunar_rover_ws/install/lunar_robot_hardware/lib/python3.12/site-packages:${PYTHONPATH} /usr/bin/python3 -W ignore:setup.py install is deprecated -W ignore:easy_install command is deprecated setup.py egg_info --egg-base ../../build/lunar_robot_hardware build --build-base /home/moonpie/lunar_rover_ws/build/lunar_robot_hardware/build install --record /home/moonpie/lunar_rover_ws/build/lunar_robot_hardware/install.log --single-version-externally-managed install_data
[1.348s] running egg_info
[1.369s] writing ../../build/lunar_robot_hardware/lunar_robot_hardware.egg-info/PKG-INFO
[1.370s] writing dependency_links to ../../build/lunar_robot_hardware/lunar_robot_hardware.egg-info/dependency_links.txt
[1.370s] writing entry points to ../../build/lunar_robot_hardware/lunar_robot_hardware.egg-info/entry_points.txt
[1.370s] writing requirements to ../../build/lunar_robot_hardware/lunar_robot_hardware.egg-info/requires.txt
[1.370s] writing top-level names to ../../build/lunar_robot_hardware/lunar_robot_hardware.egg-info/top_level.txt
[1.414s] reading manifest file '../../build/lunar_robot_hardware/lunar_robot_hardware.egg-info/SOURCES.txt'
[1.416s] writing manifest file '../../build/lunar_robot_hardware/lunar_robot_hardware.egg-info/SOURCES.txt'
[1.416s] running build
[1.416s] running build_py
[1.416s] running install
[1.428s] running install_lib
[1.464s] running install_data
[1.464s] copying launch/arduino_teleop_only.launch.py -> /home/moonpie/lunar_rover_ws/install/lunar_robot_hardware/share/lunar_robot_hardware/launch
[1.464s] running install_egg_info
[1.502s] Copying ../../build/lunar_robot_hardware/lunar_robot_hardware.egg-info to /home/moonpie/lunar_rover_ws/install/lunar_robot_hardware/lib/python3.12/site-packages/lunar_robot_hardware-0.0.1-py3.12.egg-info
[1.505s] running install_scripts
[1.656s] Installing arduino_motor_controller script to /home/moonpie/lunar_rover_ws/install/lunar_robot_hardware/lib/lunar_robot_hardware
[1.656s] Installing arduino_teleop script to /home/moonpie/lunar_rover_ws/install/lunar_robot_hardware/lib/lunar_robot_hardware
[1.656s] Installing arduino_teleop_hold script to /home/moonpie/lunar_rover_ws/install/lunar_robot_hardware/lib/lunar_robot_hardware
[1.656s] writing list of installed files to '/home/moonpie/lunar_rover_ws/build/lunar_robot_hardware/install.log'
[1.681s] Invoked command in '/home/moonpie/lunar_rover_ws/src/lunar_robot_hardware' returned '0': DEBUGINFOD_URLS=https://debuginfod.ubuntu.com PYTHONPATH=/home/moonpie/lunar_rover_ws/build/lunar_robot_hardware/prefix_override:/usr/lib/python3/dist-packages/colcon_core/task/python/colcon_distutils_commands:/home/moonpie/lunar_rover_ws/install/lunar_robot_hardware/lib/python3.12/site-packages:${PYTHONPATH} /usr/bin/python3 -W ignore:setup.py install is deprecated -W ignore:easy_install command is deprecated setup.py egg_info --egg-base ../../build/lunar_robot_hardware build --build-base /home/moonpie/lunar_rover_ws/build/lunar_robot_hardware/build install --record /home/moonpie/lunar_rover_ws/build/lunar_robot_hardware/install.log --single-version-externally-managed install_data
