[1.870s] Invoking command in '/home/rileydunn/lunar_rover_ws/src/lunar_robot_autonomous': DEBUGINFOD_URLS=https://debuginfod.ubuntu.com PYTHONPATH=/home/rileydunn/lunar_rover_ws/build/lunar_robot_autonomous/prefix_override:/usr/lib/python3/dist-packages/colcon_core/task/python/colcon_distutils_commands:/home/rileydunn/lunar_rover_ws/install/lunar_robot_autonomous/lib/python3.12/site-packages:${PYTHONPATH} /usr/bin/python3 -W ignore:setup.py install is deprecated -W ignore:easy_install command is deprecated setup.py egg_info --egg-base ../../build/lunar_robot_autonomous build --build-base /home/rileydunn/lunar_rover_ws/build/lunar_robot_autonomous/build install --record /home/rileydunn/lunar_rover_ws/build/lunar_robot_autonomous/install.log --single-version-externally-managed install_data
[2.333s] running egg_info
[2.354s] writing ../../build/lunar_robot_autonomous/lunar_robot_autonomous.egg-info/PKG-INFO
[2.359s] writing dependency_links to ../../build/lunar_robot_autonomous/lunar_robot_autonomous.egg-info/dependency_links.txt
[2.360s] writing entry points to ../../build/lunar_robot_autonomous/lunar_robot_autonomous.egg-info/entry_points.txt
[2.360s] writing requirements to ../../build/lunar_robot_autonomous/lunar_robot_autonomous.egg-info/requires.txt
[2.361s] writing top-level names to ../../build/lunar_robot_autonomous/lunar_robot_autonomous.egg-info/top_level.txt
[2.402s] reading manifest file '../../build/lunar_robot_autonomous/lunar_robot_autonomous.egg-info/SOURCES.txt'
[2.403s] writing manifest file '../../build/lunar_robot_autonomous/lunar_robot_autonomous.egg-info/SOURCES.txt'
[2.403s] running build
[2.404s] running build_py
[2.404s] running install
[2.414s] running install_lib
[2.435s] running install_data
[2.435s] running install_egg_info
[2.460s] removing '/home/rileydunn/lunar_rover_ws/install/lunar_robot_autonomous/lib/python3.12/site-packages/lunar_robot_autonomous-1.0.0-py3.12.egg-info' (and everything under it)
[2.461s] Copying ../../build/lunar_robot_autonomous/lunar_robot_autonomous.egg-info to /home/rileydunn/lunar_rover_ws/install/lunar_robot_autonomous/lib/python3.12/site-packages/lunar_robot_autonomous-1.0.0-py3.12.egg-info
[2.462s] running install_scripts
[2.603s] Installing multi_waypoint_navigator script to /home/rileydunn/lunar_rover_ws/install/lunar_robot_autonomous/lib/lunar_robot_autonomous
[2.604s] Installing unified_navigator script to /home/rileydunn/lunar_rover_ws/install/lunar_robot_autonomous/lib/lunar_robot_autonomous
[2.604s] Installing waypoint_navigator script to /home/rileydunn/lunar_rover_ws/install/lunar_robot_autonomous/lib/lunar_robot_autonomous
[2.604s] writing list of installed files to '/home/rileydunn/lunar_rover_ws/build/lunar_robot_autonomous/install.log'
[2.692s] Invoked command in '/home/rileydunn/lunar_rover_ws/src/lunar_robot_autonomous' returned '0': DEBUGINFOD_URLS=https://debuginfod.ubuntu.com PYTHONPATH=/home/rileydunn/lunar_rover_ws/build/lunar_robot_autonomous/prefix_override:/usr/lib/python3/dist-packages/colcon_core/task/python/colcon_distutils_commands:/home/rileydunn/lunar_rover_ws/install/lunar_robot_autonomous/lib/python3.12/site-packages:${PYTHONPATH} /usr/bin/python3 -W ignore:setup.py install is deprecated -W ignore:easy_install command is deprecated setup.py egg_info --egg-base ../../build/lunar_robot_autonomous build --build-base /home/rileydunn/lunar_rover_ws/build/lunar_robot_autonomous/build install --record /home/rileydunn/lunar_rover_ws/build/lunar_robot_autonomous/install.log --single-version-externally-managed install_data
