-- Found ament_cmake: 2.5.5 (/opt/ros/jazzy/share/ament_cmake/cmake)
-- Override CMake install command with custom implementation using symlinks instead of copying resources
-- Found ament_lint_auto: 0.17.4 (/opt/ros/jazzy/share/ament_lint_auto/cmake)
-- Configuring done (0.2s)
-- Generating done (0.0s)
-- Build files have been written to: /home/cheese/lunar_rover_ws/build/lunar_robot_description
-- Install configuration: ""
-- Execute custom install script
-- Symlinking: /home/cheese/lunar_rover_ws/install/lunar_robot_description/share/lunar_robot_description/urdf/minimal_robot.urdf
-- Symlinking: /home/cheese/lunar_rover_ws/install/lunar_robot_description/share/lunar_robot_description/config/complete_navigation.rviz
-- Symlinking: /home/cheese/lunar_rover_ws/install/lunar_robot_description/share/lunar_robot_description/config/real_hardware_navigation.rviz
-- Symlinking: /home/cheese/lunar_rover_ws/install/lunar_robot_description/share/ament_index/resource_index/package_run_dependencies/lunar_robot_description
-- Symlinking: /home/cheese/lunar_rover_ws/install/lunar_robot_description/share/ament_index/resource_index/parent_prefix_path/lunar_robot_description
-- Up-to-date symlink: /home/cheese/lunar_rover_ws/install/lunar_robot_description/share/lunar_robot_description/environment/ament_prefix_path.sh
-- Symlinking: /home/cheese/lunar_rover_ws/install/lunar_robot_description/share/lunar_robot_description/environment/ament_prefix_path.dsv
-- Up-to-date symlink: /home/cheese/lunar_rover_ws/install/lunar_robot_description/share/lunar_robot_description/environment/path.sh
-- Symlinking: /home/cheese/lunar_rover_ws/install/lunar_robot_description/share/lunar_robot_description/environment/path.dsv
-- Symlinking: /home/cheese/lunar_rover_ws/install/lunar_robot_description/share/lunar_robot_description/local_setup.bash
-- Symlinking: /home/cheese/lunar_rover_ws/install/lunar_robot_description/share/lunar_robot_description/local_setup.sh
-- Symlinking: /home/cheese/lunar_rover_ws/install/lunar_robot_description/share/lunar_robot_description/local_setup.zsh
-- Symlinking: /home/cheese/lunar_rover_ws/install/lunar_robot_description/share/lunar_robot_description/local_setup.dsv
-- Symlinking: /home/cheese/lunar_rover_ws/install/lunar_robot_description/share/lunar_robot_description/package.dsv
-- Symlinking: /home/cheese/lunar_rover_ws/install/lunar_robot_description/share/ament_index/resource_index/packages/lunar_robot_description
-- Symlinking: /home/cheese/lunar_rover_ws/install/lunar_robot_description/share/lunar_robot_description/cmake/lunar_robot_descriptionConfig.cmake
-- Symlinking: /home/cheese/lunar_rover_ws/install/lunar_robot_description/share/lunar_robot_description/cmake/lunar_robot_descriptionConfig-version.cmake
-- Symlinking: /home/cheese/lunar_rover_ws/install/lunar_robot_description/share/lunar_robot_description/package.xml
